{"/Users/arnaudambroselli/Pro/2025-02-070_Bibi_Translation/i18n-keyless-lib/packages/angular/provide.ts": {"path":"/Users/arnaudambroselli/Pro/2025-02-070_Bibi_Translation/i18n-keyless-lib/packages/angular/provide.ts","all":false,"statementMap":{"0":{"start":{"line":1,"column":0},"end":{"line":1,"column":8}},"13":{"start":{"line":14,"column":0},"end":{"line":14,"column":70}},"15":{"start":{"line":16,"column":0},"end":{"line":16,"column":75}},"16":{"start":{"line":17,"column":0},"end":{"line":17,"column":56}},"36":{"start":{"line":37,"column":0},"end":{"line":37,"column":78}},"37":{"start":{"line":38,"column":0},"end":{"line":38,"column":35}},"38":{"start":{"line":39,"column":0},"end":{"line":39,"column":5}},"39":{"start":{"line":40,"column":0},"end":{"line":40,"column":39}},"40":{"start":{"line":41,"column":0},"end":{"line":41,"column":18}},"41":{"start":{"line":42,"column":0},"end":{"line":42,"column":23}},"42":{"start":{"line":43,"column":0},"end":{"line":43,"column":47}},"43":{"start":{"line":44,"column":0},"end":{"line":44,"column":58}},"44":{"start":{"line":45,"column":0},"end":{"line":45,"column":43}},"47":{"start":{"line":48,"column":0},"end":{"line":48,"column":43}},"48":{"start":{"line":49,"column":0},"end":{"line":49,"column":78}},"49":{"start":{"line":50,"column":0},"end":{"line":50,"column":19}},"50":{"start":{"line":51,"column":0},"end":{"line":51,"column":11}},"53":{"start":{"line":54,"column":0},"end":{"line":54,"column":23}},"54":{"start":{"line":55,"column":0},"end":{"line":55,"column":64}},"55":{"start":{"line":56,"column":0},"end":{"line":56,"column":62}},"56":{"start":{"line":57,"column":0},"end":{"line":57,"column":19}},"57":{"start":{"line":58,"column":0},"end":{"line":58,"column":11}},"58":{"start":{"line":59,"column":0},"end":{"line":59,"column":9}},"59":{"start":{"line":60,"column":0},"end":{"line":60,"column":26}},"60":{"start":{"line":61,"column":0},"end":{"line":61,"column":8}},"61":{"start":{"line":62,"column":0},"end":{"line":62,"column":6}},"62":{"start":{"line":63,"column":0},"end":{"line":63,"column":5}},"63":{"start":{"line":64,"column":0},"end":{"line":64,"column":1}},"65":{"start":{"line":66,"column":0},"end":{"line":66,"column":46}},"70":{"start":{"line":71,"column":0},"end":{"line":71,"column":83}},"71":{"start":{"line":72,"column":0},"end":{"line":72,"column":1}},"101":{"start":{"line":102,"column":0},"end":{"line":102,"column":94}},"102":{"start":{"line":103,"column":0},"end":{"line":103,"column":68}},"103":{"start":{"line":104,"column":0},"end":{"line":104,"column":40}},"104":{"start":{"line":105,"column":0},"end":{"line":105,"column":34}},"105":{"start":{"line":106,"column":0},"end":{"line":106,"column":5}},"106":{"start":{"line":107,"column":0},"end":{"line":107,"column":4}},"107":{"start":{"line":108,"column":0},"end":{"line":108,"column":36}},"108":{"start":{"line":109,"column":0},"end":{"line":109,"column":37}},"111":{"start":{"line":112,"column":0},"end":{"line":112,"column":104}},"112":{"start":{"line":113,"column":0},"end":{"line":113,"column":7}},"113":{"start":{"line":114,"column":0},"end":{"line":114,"column":41}},"114":{"start":{"line":115,"column":0},"end":{"line":115,"column":20}},"115":{"start":{"line":116,"column":0},"end":{"line":116,"column":57}},"116":{"start":{"line":117,"column":0},"end":{"line":117,"column":8}},"117":{"start":{"line":118,"column":0},"end":{"line":118,"column":7}},"118":{"start":{"line":119,"column":0},"end":{"line":119,"column":3}},"119":{"start":{"line":120,"column":0},"end":{"line":120,"column":35}},"120":{"start":{"line":121,"column":0},"end":{"line":121,"column":101}},"121":{"start":{"line":122,"column":0},"end":{"line":122,"column":5}},"123":{"start":{"line":124,"column":0},"end":{"line":124,"column":31}},"124":{"start":{"line":125,"column":0},"end":{"line":125,"column":18}},"125":{"start":{"line":126,"column":0},"end":{"line":126,"column":25}},"126":{"start":{"line":127,"column":0},"end":{"line":127,"column":42}},"127":{"start":{"line":128,"column":0},"end":{"line":128,"column":101}},"128":{"start":{"line":129,"column":0},"end":{"line":129,"column":47}},"129":{"start":{"line":130,"column":0},"end":{"line":130,"column":28}},"130":{"start":{"line":131,"column":0},"end":{"line":131,"column":72}},"131":{"start":{"line":132,"column":0},"end":{"line":132,"column":31}},"132":{"start":{"line":133,"column":0},"end":{"line":133,"column":37}},"133":{"start":{"line":134,"column":0},"end":{"line":134,"column":10}},"134":{"start":{"line":135,"column":0},"end":{"line":135,"column":8}},"135":{"start":{"line":136,"column":0},"end":{"line":136,"column":6}},"136":{"start":{"line":137,"column":0},"end":{"line":137,"column":5}},"137":{"start":{"line":138,"column":0},"end":{"line":138,"column":1}}},"s":{"0":1,"13":1,"15":1,"16":1,"36":1,"37":6,"38":6,"39":6,"40":6,"41":6,"42":6,"43":6,"44":6,"47":2,"48":2,"49":1,"50":1,"53":1,"54":1,"55":1,"56":1,"57":1,"58":2,"59":4,"60":6,"61":6,"62":6,"63":6,"65":5,"70":5,"71":5,"101":1,"102":6,"103":6,"104":4,"105":4,"106":6,"107":6,"108":5,"111":5,"112":5,"113":5,"114":5,"115":5,"116":5,"117":5,"118":5,"119":1,"120":1,"121":1,"123":1,"124":1,"125":1,"126":1,"127":1,"128":1,"129":1,"130":1,"131":1,"132":1,"133":1,"134":1,"135":1,"136":1,"137":1},"branchMap":{"0":{"type":"branch","line":37,"loc":{"start":{"line":37,"column":7},"end":{"line":64,"column":1}},"locations":[{"start":{"line":37,"column":7},"end":{"line":64,"column":1}}]},"1":{"type":"branch","line":42,"loc":{"start":{"line":42,"column":16},"end":{"line":61,"column":8}},"locations":[{"start":{"line":42,"column":16},"end":{"line":61,"column":8}}]},"2":{"type":"branch","line":45,"loc":{"start":{"line":45,"column":42},"end":{"line":59,"column":9}},"locations":[{"start":{"line":45,"column":42},"end":{"line":59,"column":9}}]},"3":{"type":"branch","line":49,"loc":{"start":{"line":49,"column":22},"end":{"line":49,"column":77}},"locations":[{"start":{"line":49,"column":22},"end":{"line":49,"column":77}}]},"4":{"type":"branch","line":49,"loc":{"start":{"line":49,"column":77},"end":{"line":58,"column":11}},"locations":[{"start":{"line":49,"column":77},"end":{"line":58,"column":11}}]},"5":{"type":"branch","line":59,"loc":{"start":{"line":59,"column":8},"end":{"line":60,"column":26}},"locations":[{"start":{"line":59,"column":8},"end":{"line":60,"column":26}}]},"6":{"type":"branch","line":56,"loc":{"start":{"line":56,"column":37},"end":{"line":56,"column":60}},"locations":[{"start":{"line":56,"column":37},"end":{"line":56,"column":60}}]},"7":{"type":"branch","line":66,"loc":{"start":{"line":66,"column":0},"end":{"line":72,"column":1}},"locations":[{"start":{"line":66,"column":0},"end":{"line":72,"column":1}}]},"8":{"type":"branch","line":102,"loc":{"start":{"line":102,"column":7},"end":{"line":138,"column":1}},"locations":[{"start":{"line":102,"column":7},"end":{"line":138,"column":1}}]},"9":{"type":"branch","line":108,"loc":{"start":{"line":108,"column":35},"end":{"line":119,"column":3}},"locations":[{"start":{"line":108,"column":35},"end":{"line":119,"column":3}}]},"10":{"type":"branch","line":119,"loc":{"start":{"line":119,"column":2},"end":{"line":138,"column":1}},"locations":[{"start":{"line":119,"column":2},"end":{"line":138,"column":1}}]},"11":{"type":"branch","line":103,"loc":{"start":{"line":103,"column":15},"end":{"line":107,"column":4}},"locations":[{"start":{"line":103,"column":15},"end":{"line":107,"column":4}}]},"12":{"type":"branch","line":104,"loc":{"start":{"line":104,"column":39},"end":{"line":106,"column":5}},"locations":[{"start":{"line":104,"column":39},"end":{"line":106,"column":5}}]},"13":{"type":"branch","line":112,"loc":{"start":{"line":112,"column":57},"end":{"line":112,"column":102}},"locations":[{"start":{"line":112,"column":57},"end":{"line":112,"column":102}}]},"14":{"type":"branch","line":116,"loc":{"start":{"line":116,"column":18},"end":{"line":116,"column":57}},"locations":[{"start":{"line":116,"column":18},"end":{"line":116,"column":57}}]},"15":{"type":"branch","line":121,"loc":{"start":{"line":121,"column":55},"end":{"line":121,"column":99}},"locations":[{"start":{"line":121,"column":55},"end":{"line":121,"column":99}}]},"16":{"type":"branch","line":126,"loc":{"start":{"line":126,"column":18},"end":{"line":135,"column":8}},"locations":[{"start":{"line":126,"column":18},"end":{"line":135,"column":8}}]},"17":{"type":"branch","line":130,"loc":{"start":{"line":130,"column":15},"end":{"line":134,"column":10}},"locations":[{"start":{"line":130,"column":15},"end":{"line":134,"column":10}}]}},"b":{"0":[6],"1":[6],"2":[2],"3":[1],"4":[1],"5":[4],"6":[1],"7":[5],"8":[6],"9":[5],"10":[1],"11":[6],"12":[4],"13":[5],"14":[5],"15":[1],"16":[1],"17":[1]},"fnMap":{"0":{"name":"provideI18nKeyless","decl":{"start":{"line":37,"column":7},"end":{"line":64,"column":1}},"loc":{"start":{"line":37,"column":7},"end":{"line":64,"column":1}},"line":37},"1":{"name":"useValue","decl":{"start":{"line":42,"column":16},"end":{"line":61,"column":8}},"loc":{"start":{"line":42,"column":16},"end":{"line":61,"column":8}},"line":42},"2":{"name":"startInit","decl":{"start":{"line":66,"column":0},"end":{"line":72,"column":1}},"loc":{"start":{"line":66,"column":0},"end":{"line":72,"column":1}},"line":66},"3":{"name":"provideI18nKeylessServer","decl":{"start":{"line":102,"column":7},"end":{"line":138,"column":1}},"loc":{"start":{"line":102,"column":7},"end":{"line":138,"column":1}},"line":102},"4":{"name":"seed","decl":{"start":{"line":103,"column":15},"end":{"line":107,"column":4}},"loc":{"start":{"line":103,"column":15},"end":{"line":107,"column":4}},"line":103},"5":{"name":"useFactory","decl":{"start":{"line":112,"column":57},"end":{"line":112,"column":102}},"loc":{"start":{"line":112,"column":57},"end":{"line":112,"column":102}},"line":112},"6":{"name":"useValue","decl":{"start":{"line":116,"column":18},"end":{"line":116,"column":57}},"loc":{"start":{"line":116,"column":18},"end":{"line":116,"column":57}},"line":116},"7":{"name":"useFactory","decl":{"start":{"line":121,"column":55},"end":{"line":121,"column":99}},"loc":{"start":{"line":121,"column":55},"end":{"line":121,"column":99}},"line":121},"8":{"name":"useFactory","decl":{"start":{"line":126,"column":18},"end":{"line":135,"column":8}},"loc":{"start":{"line":126,"column":18},"end":{"line":135,"column":8}},"line":126}},"f":{"0":6,"1":6,"2":5,"3":6,"4":6,"5":5,"6":5,"7":1,"8":1}}
,"/Users/arnaudambroselli/Pro/2025-02-070_Bibi_Translation/i18n-keyless-lib/packages/angular/request-scope.ts": {"path":"/Users/arnaudambroselli/Pro/2025-02-070_Bibi_Translation/i18n-keyless-lib/packages/angular/request-scope.ts","all":false,"statementMap":{"48":{"start":{"line":49,"column":0},"end":{"line":49,"column":39}},"49":{"start":{"line":50,"column":0},"end":{"line":50,"column":48}},"56":{"start":{"line":57,"column":0},"end":{"line":57,"column":43}},"58":{"start":{"line":59,"column":0},"end":{"line":59,"column":69}},"59":{"start":{"line":60,"column":0},"end":{"line":60,"column":27}},"60":{"start":{"line":61,"column":0},"end":{"line":61,"column":1}},"62":{"start":{"line":63,"column":0},"end":{"line":63,"column":43}},"65":{"start":{"line":66,"column":0},"end":{"line":66,"column":59}},"66":{"start":{"line":67,"column":0},"end":{"line":67,"column":11}},"67":{"start":{"line":68,"column":0},"end":{"line":68,"column":3}},"68":{"start":{"line":69,"column":0},"end":{"line":69,"column":32}},"69":{"start":{"line":70,"column":0},"end":{"line":70,"column":43}},"70":{"start":{"line":71,"column":0},"end":{"line":71,"column":11}},"80":{"start":{"line":81,"column":0},"end":{"line":81,"column":95}},"83":{"start":{"line":84,"column":0},"end":{"line":84,"column":39}},"84":{"start":{"line":85,"column":0},"end":{"line":85,"column":56}},"85":{"start":{"line":86,"column":0},"end":{"line":86,"column":15}},"88":{"start":{"line":89,"column":0},"end":{"line":89,"column":7}},"89":{"start":{"line":90,"column":0},"end":{"line":90,"column":9}},"90":{"start":{"line":91,"column":0},"end":{"line":91,"column":3}},"91":{"start":{"line":92,"column":0},"end":{"line":92,"column":31}},"92":{"start":{"line":93,"column":0},"end":{"line":93,"column":1}},"110":{"start":{"line":111,"column":0},"end":{"line":111,"column":95}},"111":{"start":{"line":112,"column":0},"end":{"line":112,"column":20}},"112":{"start":{"line":113,"column":0},"end":{"line":113,"column":23}},"113":{"start":{"line":114,"column":0},"end":{"line":114,"column":13}},"114":{"start":{"line":115,"column":0},"end":{"line":115,"column":16}},"115":{"start":{"line":116,"column":0},"end":{"line":116,"column":3}},"117":{"start":{"line":118,"column":0},"end":{"line":118,"column":94}},"118":{"start":{"line":119,"column":0},"end":{"line":119,"column":1}},"126":{"start":{"line":127,"column":0},"end":{"line":127,"column":65}},"127":{"start":{"line":128,"column":0},"end":{"line":128,"column":33}},"128":{"start":{"line":129,"column":0},"end":{"line":129,"column":72}},"129":{"start":{"line":130,"column":0},"end":{"line":130,"column":1}},"137":{"start":{"line":138,"column":0},"end":{"line":138,"column":50}},"138":{"start":{"line":139,"column":0},"end":{"line":139,"column":38}},"139":{"start":{"line":140,"column":0},"end":{"line":140,"column":1}},"151":{"start":{"line":152,"column":0},"end":{"line":152,"column":77}},"152":{"start":{"line":153,"column":0},"end":{"line":153,"column":33}},"153":{"start":{"line":154,"column":0},"end":{"line":154,"column":11}},"154":{"start":{"line":155,"column":0},"end":{"line":155,"column":21}},"155":{"start":{"line":156,"column":0},"end":{"line":156,"column":3}},"156":{"start":{"line":157,"column":0},"end":{"line":157,"column":40}},"157":{"start":{"line":158,"column":0},"end":{"line":158,"column":29}},"158":{"start":{"line":159,"column":0},"end":{"line":159,"column":32}},"159":{"start":{"line":160,"column":0},"end":{"line":160,"column":46}},"160":{"start":{"line":161,"column":0},"end":{"line":161,"column":5}},"161":{"start":{"line":162,"column":0},"end":{"line":162,"column":3}},"162":{"start":{"line":163,"column":0},"end":{"line":163,"column":40}},"163":{"start":{"line":164,"column":0},"end":{"line":164,"column":1}}},"s":{"48":1,"49":1,"56":1,"58":567,"59":567,"60":567,"62":10,"65":10,"66":7,"67":7,"68":7,"69":2,"70":2,"80":2,"83":2,"84":1,"85":1,"88":1,"89":2,"90":2,"91":3,"92":3,"110":10,"111":10,"112":10,"113":10,"114":2,"115":2,"117":8,"118":8,"126":1,"127":274,"128":274,"129":274,"137":1,"138":280,"139":280,"151":1,"152":3,"153":3,"154":1,"155":1,"156":2,"157":3,"158":3,"159":2,"160":2,"161":3,"162":2,"163":2},"branchMap":{"0":{"type":"branch","line":59,"loc":{"start":{"line":59,"column":0},"end":{"line":61,"column":1}},"locations":[{"start":{"line":59,"column":0},"end":{"line":61,"column":1}}]},"1":{"type":"branch","line":63,"loc":{"start":{"line":63,"column":0},"end":{"line":93,"column":1}},"locations":[{"start":{"line":63,"column":0},"end":{"line":93,"column":1}}]},"2":{"type":"branch","line":66,"loc":{"start":{"line":66,"column":22},"end":{"line":66,"column":58}},"locations":[{"start":{"line":66,"column":22},"end":{"line":66,"column":58}}]},"3":{"type":"branch","line":66,"loc":{"start":{"line":66,"column":58},"end":{"line":93,"column":1}},"locations":[{"start":{"line":66,"column":58},"end":{"line":93,"column":1}}]},"4":{"type":"branch","line":68,"loc":{"start":{"line":68,"column":2},"end":{"line":69,"column":31}},"locations":[{"start":{"line":68,"column":2},"end":{"line":69,"column":31}}]},"5":{"type":"branch","line":69,"loc":{"start":{"line":69,"column":31},"end":{"line":91,"column":3}},"locations":[{"start":{"line":69,"column":31},"end":{"line":91,"column":3}}]},"6":{"type":"branch","line":91,"loc":{"start":{"line":91,"column":2},"end":{"line":93,"column":1}},"locations":[{"start":{"line":91,"column":2},"end":{"line":93,"column":1}}]},"7":{"type":"branch","line":70,"loc":{"start":{"line":70,"column":30},"end":{"line":90,"column":7}},"locations":[{"start":{"line":70,"column":30},"end":{"line":90,"column":7}}]},"8":{"type":"branch","line":84,"loc":{"start":{"line":84,"column":37},"end":{"line":89,"column":7}},"locations":[{"start":{"line":84,"column":37},"end":{"line":89,"column":7}}]},"9":{"type":"branch","line":111,"loc":{"start":{"line":111,"column":0},"end":{"line":119,"column":1}},"locations":[{"start":{"line":111,"column":0},"end":{"line":119,"column":1}}]},"10":{"type":"branch","line":114,"loc":{"start":{"line":114,"column":12},"end":{"line":116,"column":3}},"locations":[{"start":{"line":114,"column":12},"end":{"line":116,"column":3}}]},"11":{"type":"branch","line":116,"loc":{"start":{"line":116,"column":2},"end":{"line":119,"column":1}},"locations":[{"start":{"line":116,"column":2},"end":{"line":119,"column":1}}]},"12":{"type":"branch","line":127,"loc":{"start":{"line":127,"column":7},"end":{"line":130,"column":1}},"locations":[{"start":{"line":127,"column":7},"end":{"line":130,"column":1}}]},"13":{"type":"branch","line":128,"loc":{"start":{"line":128,"column":19},"end":{"line":128,"column":31}},"locations":[{"start":{"line":128,"column":19},"end":{"line":128,"column":31}}]},"14":{"type":"branch","line":129,"loc":{"start":{"line":129,"column":9},"end":{"line":129,"column":62}},"locations":[{"start":{"line":129,"column":9},"end":{"line":129,"column":62}}]},"15":{"type":"branch","line":129,"loc":{"start":{"line":129,"column":58},"end":{"line":129,"column":72}},"locations":[{"start":{"line":129,"column":58},"end":{"line":129,"column":72}}]},"16":{"type":"branch","line":138,"loc":{"start":{"line":138,"column":7},"end":{"line":140,"column":1}},"locations":[{"start":{"line":138,"column":7},"end":{"line":140,"column":1}}]},"17":{"type":"branch","line":139,"loc":{"start":{"line":139,"column":21},"end":{"line":139,"column":29}},"locations":[{"start":{"line":139,"column":21},"end":{"line":139,"column":29}}]},"18":{"type":"branch","line":152,"loc":{"start":{"line":152,"column":7},"end":{"line":164,"column":1}},"locations":[{"start":{"line":152,"column":7},"end":{"line":164,"column":1}}]},"19":{"type":"branch","line":154,"loc":{"start":{"line":154,"column":10},"end":{"line":158,"column":28}},"locations":[{"start":{"line":154,"column":10},"end":{"line":158,"column":28}}]},"20":{"type":"branch","line":154,"loc":{"start":{"line":154,"column":10},"end":{"line":156,"column":3}},"locations":[{"start":{"line":154,"column":10},"end":{"line":156,"column":3}}]},"21":{"type":"branch","line":159,"loc":{"start":{"line":159,"column":31},"end":{"line":161,"column":5}},"locations":[{"start":{"line":159,"column":31},"end":{"line":161,"column":5}}]},"22":{"type":"branch","line":162,"loc":{"start":{"line":162,"column":2},"end":{"line":164,"column":1}},"locations":[{"start":{"line":162,"column":2},"end":{"line":164,"column":1}}]}},"b":{"0":[567],"1":[10],"2":[4],"3":[7],"4":[3],"5":[2],"6":[3],"7":[2],"8":[1],"9":[10],"10":[2],"11":[8],"12":[274],"13":[272],"14":[9],"15":[265],"16":[280],"17":[5],"18":[3],"19":[2],"20":[1],"21":[2],"22":[2]},"fnMap":{"0":{"name":"getAls","decl":{"start":{"line":59,"column":0},"end":{"line":61,"column":1}},"loc":{"start":{"line":59,"column":0},"end":{"line":61,"column":1}},"line":59},"1":{"name":"ensureALS","decl":{"start":{"line":63,"column":0},"end":{"line":93,"column":1}},"loc":{"start":{"line":63,"column":0},"end":{"line":93,"column":1}},"line":63},"2":{"name":"runWithI18nKeyless","decl":{"start":{"line":111,"column":0},"end":{"line":119,"column":1}},"loc":{"start":{"line":111,"column":0},"end":{"line":119,"column":1}},"line":111},"3":{"name":"getRequestScope","decl":{"start":{"line":127,"column":7},"end":{"line":130,"column":1}},"loc":{"start":{"line":127,"column":7},"end":{"line":130,"column":1}},"line":127},"4":{"name":"recordUsedKey","decl":{"start":{"line":138,"column":7},"end":{"line":140,"column":1}},"loc":{"start":{"line":138,"column":7},"end":{"line":140,"column":1}},"line":138},"5":{"name":"getUsedTranslationsSnapshot","decl":{"start":{"line":152,"column":7},"end":{"line":164,"column":1}},"loc":{"start":{"line":152,"column":7},"end":{"line":164,"column":1}},"line":152}},"f":{"0":567,"1":10,"2":10,"3":274,"4":280,"5":3}}
,"/Users/arnaudambroselli/Pro/2025-02-070_Bibi_Translation/i18n-keyless-lib/packages/angular/resolve.ts": {"path":"/Users/arnaudambroselli/Pro/2025-02-070_Bibi_Translation/i18n-keyless-lib/packages/angular/resolve.ts","all":false,"statementMap":{"0":{"start":{"line":1,"column":0},"end":{"line":1,"column":42}},"2":{"start":{"line":3,"column":0},"end":{"line":3,"column":64}},"3":{"start":{"line":4,"column":0},"end":{"line":4,"column":91}},"13":{"start":{"line":14,"column":0},"end":{"line":14,"column":35}},"14":{"start":{"line":15,"column":0},"end":{"line":15,"column":21}},"15":{"start":{"line":16,"column":0},"end":{"line":16,"column":42}},"16":{"start":{"line":17,"column":0},"end":{"line":17,"column":44}},"17":{"start":{"line":18,"column":0},"end":{"line":18,"column":33}},"18":{"start":{"line":19,"column":0},"end":{"line":19,"column":35}},"19":{"start":{"line":20,"column":0},"end":{"line":20,"column":72}},"23":{"start":{"line":24,"column":0},"end":{"line":24,"column":50}},"24":{"start":{"line":25,"column":0},"end":{"line":25,"column":32}},"25":{"start":{"line":26,"column":0},"end":{"line":26,"column":72}},"26":{"start":{"line":27,"column":0},"end":{"line":27,"column":110}},"29":{"start":{"line":30,"column":0},"end":{"line":30,"column":28}},"34":{"start":{"line":35,"column":0},"end":{"line":35,"column":43}},"35":{"start":{"line":36,"column":0},"end":{"line":36,"column":49}},"36":{"start":{"line":37,"column":0},"end":{"line":37,"column":97}},"37":{"start":{"line":38,"column":0},"end":{"line":38,"column":101}},"39":{"start":{"line":40,"column":0},"end":{"line":40,"column":89}},"40":{"start":{"line":41,"column":0},"end":{"line":41,"column":1}},"46":{"start":{"line":47,"column":0},"end":{"line":47,"column":92}},"47":{"start":{"line":48,"column":0},"end":{"line":48,"column":17}},"48":{"start":{"line":49,"column":0},"end":{"line":49,"column":16}},"49":{"start":{"line":50,"column":0},"end":{"line":50,"column":3}},"50":{"start":{"line":51,"column":0},"end":{"line":51,"column":38}},"51":{"start":{"line":52,"column":0},"end":{"line":52,"column":61}},"52":{"start":{"line":53,"column":0},"end":{"line":53,"column":15}},"53":{"start":{"line":54,"column":0},"end":{"line":54,"column":17}},"54":{"start":{"line":55,"column":0},"end":{"line":55,"column":16}},"55":{"start":{"line":56,"column":0},"end":{"line":56,"column":3}},"56":{"start":{"line":57,"column":0},"end":{"line":57,"column":41}},"57":{"start":{"line":58,"column":0},"end":{"line":58,"column":71}},"58":{"start":{"line":59,"column":0},"end":{"line":59,"column":1}},"66":{"start":{"line":67,"column":0},"end":{"line":67,"column":92}},"67":{"start":{"line":68,"column":0},"end":{"line":68,"column":37}},"68":{"start":{"line":69,"column":0},"end":{"line":69,"column":11}},"69":{"start":{"line":70,"column":0},"end":{"line":70,"column":3}},"70":{"start":{"line":71,"column":0},"end":{"line":71,"column":32}},"71":{"start":{"line":72,"column":0},"end":{"line":72,"column":11}},"72":{"start":{"line":73,"column":0},"end":{"line":73,"column":3}},"73":{"start":{"line":74,"column":0},"end":{"line":74,"column":55}},"74":{"start":{"line":75,"column":0},"end":{"line":75,"column":16}},"75":{"start":{"line":76,"column":0},"end":{"line":76,"column":35}},"76":{"start":{"line":77,"column":0},"end":{"line":77,"column":1}},"86":{"start":{"line":87,"column":0},"end":{"line":87,"column":72}},"87":{"start":{"line":88,"column":0},"end":{"line":88,"column":30}},"88":{"start":{"line":89,"column":0},"end":{"line":89,"column":59}},"89":{"start":{"line":90,"column":0},"end":{"line":90,"column":17}},"90":{"start":{"line":91,"column":0},"end":{"line":91,"column":82}},"92":{"start":{"line":93,"column":0},"end":{"line":93,"column":6}},"93":{"start":{"line":94,"column":0},"end":{"line":94,"column":3}},"94":{"start":{"line":95,"column":0},"end":{"line":95,"column":17}},"95":{"start":{"line":96,"column":0},"end":{"line":96,"column":1}}},"s":{"0":1,"2":1,"3":1,"13":1,"14":151,"15":151,"16":151,"17":151,"18":151,"19":151,"23":151,"24":151,"25":151,"26":151,"29":151,"34":151,"35":151,"36":151,"37":151,"39":151,"40":151,"46":1,"47":154,"48":132,"49":132,"50":22,"51":22,"52":22,"53":131,"54":1,"55":1,"56":21,"57":21,"58":21,"66":1,"67":114,"68":2,"69":2,"70":114,"71":1,"72":1,"73":114,"74":114,"75":114,"76":114,"86":1,"87":166,"88":166,"89":2,"90":2,"92":2,"93":2,"94":166,"95":166},"branchMap":{"0":{"type":"branch","line":14,"loc":{"start":{"line":14,"column":7},"end":{"line":41,"column":1}},"locations":[{"start":{"line":14,"column":7},"end":{"line":41,"column":1}}]},"1":{"type":"branch","line":19,"loc":{"start":{"line":19,"column":18},"end":{"line":19,"column":35}},"locations":[{"start":{"line":19,"column":18},"end":{"line":19,"column":35}}]},"2":{"type":"branch","line":20,"loc":{"start":{"line":20,"column":21},"end":{"line":20,"column":61}},"locations":[{"start":{"line":20,"column":21},"end":{"line":20,"column":61}}]},"3":{"type":"branch","line":20,"loc":{"start":{"line":20,"column":56},"end":{"line":20,"column":72}},"locations":[{"start":{"line":20,"column":56},"end":{"line":20,"column":72}}]},"4":{"type":"branch","line":24,"loc":{"start":{"line":24,"column":23},"end":{"line":24,"column":50}},"locations":[{"start":{"line":24,"column":23},"end":{"line":24,"column":50}}]},"5":{"type":"branch","line":26,"loc":{"start":{"line":26,"column":26},"end":{"line":26,"column":48}},"locations":[{"start":{"line":26,"column":26},"end":{"line":26,"column":48}}]},"6":{"type":"branch","line":26,"loc":{"start":{"line":26,"column":40},"end":{"line":26,"column":72}},"locations":[{"start":{"line":26,"column":40},"end":{"line":26,"column":72}}]},"7":{"type":"branch","line":27,"loc":{"start":{"line":27,"column":22},"end":{"line":27,"column":77}},"locations":[{"start":{"line":27,"column":22},"end":{"line":27,"column":77}}]},"8":{"type":"branch","line":27,"loc":{"start":{"line":27,"column":73},"end":{"line":27,"column":110}},"locations":[{"start":{"line":27,"column":73},"end":{"line":27,"column":110}}]},"9":{"type":"branch","line":36,"loc":{"start":{"line":36,"column":25},"end":{"line":36,"column":49}},"locations":[{"start":{"line":36,"column":25},"end":{"line":36,"column":49}}]},"10":{"type":"branch","line":37,"loc":{"start":{"line":37,"column":25},"end":{"line":37,"column":72}},"locations":[{"start":{"line":37,"column":25},"end":{"line":37,"column":72}}]},"11":{"type":"branch","line":37,"loc":{"start":{"line":37,"column":62},"end":{"line":37,"column":89}},"locations":[{"start":{"line":37,"column":62},"end":{"line":37,"column":89}}]},"12":{"type":"branch","line":37,"loc":{"start":{"line":37,"column":72},"end":{"line":37,"column":97}},"locations":[{"start":{"line":37,"column":72},"end":{"line":37,"column":97}}]},"13":{"type":"branch","line":38,"loc":{"start":{"line":38,"column":45},"end":{"line":38,"column":75}},"locations":[{"start":{"line":38,"column":45},"end":{"line":38,"column":75}}]},"14":{"type":"branch","line":38,"loc":{"start":{"line":38,"column":62},"end":{"line":38,"column":101}},"locations":[{"start":{"line":38,"column":62},"end":{"line":38,"column":101}}]},"15":{"type":"branch","line":38,"loc":{"start":{"line":38,"column":75},"end":{"line":38,"column":101}},"locations":[{"start":{"line":38,"column":75},"end":{"line":38,"column":101}}]},"16":{"type":"branch","line":40,"loc":{"start":{"line":40,"column":46},"end":{"line":40,"column":62}},"locations":[{"start":{"line":40,"column":46},"end":{"line":40,"column":62}}]},"17":{"type":"branch","line":47,"loc":{"start":{"line":47,"column":7},"end":{"line":59,"column":1}},"locations":[{"start":{"line":47,"column":7},"end":{"line":59,"column":1}}]},"18":{"type":"branch","line":48,"loc":{"start":{"line":48,"column":16},"end":{"line":50,"column":3}},"locations":[{"start":{"line":48,"column":16},"end":{"line":50,"column":3}}]},"19":{"type":"branch","line":50,"loc":{"start":{"line":50,"column":2},"end":{"line":59,"column":1}},"locations":[{"start":{"line":50,"column":2},"end":{"line":59,"column":1}}]},"20":{"type":"branch","line":50,"loc":{"start":{"line":50,"column":2},"end":{"line":54,"column":16}},"locations":[{"start":{"line":50,"column":2},"end":{"line":54,"column":16}}]},"21":{"type":"branch","line":54,"loc":{"start":{"line":54,"column":16},"end":{"line":56,"column":3}},"locations":[{"start":{"line":54,"column":16},"end":{"line":56,"column":3}}]},"22":{"type":"branch","line":56,"loc":{"start":{"line":56,"column":2},"end":{"line":59,"column":1}},"locations":[{"start":{"line":56,"column":2},"end":{"line":59,"column":1}}]},"23":{"type":"branch","line":52,"loc":{"start":{"line":52,"column":9},"end":{"line":52,"column":60}},"locations":[{"start":{"line":52,"column":9},"end":{"line":52,"column":60}}]},"24":{"type":"branch","line":58,"loc":{"start":{"line":58,"column":29},"end":{"line":58,"column":69}},"locations":[{"start":{"line":58,"column":29},"end":{"line":58,"column":69}}]},"25":{"type":"branch","line":58,"loc":{"start":{"line":58,"column":57},"end":{"line":58,"column":69}},"locations":[{"start":{"line":58,"column":57},"end":{"line":58,"column":69}}]},"26":{"type":"branch","line":67,"loc":{"start":{"line":67,"column":7},"end":{"line":77,"column":1}},"locations":[{"start":{"line":67,"column":7},"end":{"line":77,"column":1}}]},"27":{"type":"branch","line":68,"loc":{"start":{"line":68,"column":7},"end":{"line":68,"column":36}},"locations":[{"start":{"line":68,"column":7},"end":{"line":68,"column":36}}]},"28":{"type":"branch","line":68,"loc":{"start":{"line":68,"column":36},"end":{"line":71,"column":31}},"locations":[{"start":{"line":68,"column":36},"end":{"line":71,"column":31}}]},"29":{"type":"branch","line":68,"loc":{"start":{"line":68,"column":36},"end":{"line":70,"column":3}},"locations":[{"start":{"line":68,"column":36},"end":{"line":70,"column":3}}]},"30":{"type":"branch","line":71,"loc":{"start":{"line":71,"column":31},"end":{"line":74,"column":52}},"locations":[{"start":{"line":71,"column":31},"end":{"line":74,"column":52}}]},"31":{"type":"branch","line":71,"loc":{"start":{"line":71,"column":31},"end":{"line":73,"column":3}},"locations":[{"start":{"line":71,"column":31},"end":{"line":73,"column":3}}]},"32":{"type":"branch","line":74,"loc":{"start":{"line":74,"column":41},"end":{"line":74,"column":55}},"locations":[{"start":{"line":74,"column":41},"end":{"line":74,"column":55}}]},"33":{"type":"branch","line":87,"loc":{"start":{"line":87,"column":7},"end":{"line":96,"column":1}},"locations":[{"start":{"line":87,"column":7},"end":{"line":96,"column":1}}]},"34":{"type":"branch","line":89,"loc":{"start":{"line":89,"column":6},"end":{"line":89,"column":29}},"locations":[{"start":{"line":89,"column":6},"end":{"line":89,"column":29}}]},"35":{"type":"branch","line":89,"loc":{"start":{"line":89,"column":24},"end":{"line":89,"column":49}},"locations":[{"start":{"line":89,"column":24},"end":{"line":89,"column":49}}]},"36":{"type":"branch","line":89,"loc":{"start":{"line":89,"column":41},"end":{"line":89,"column":58}},"locations":[{"start":{"line":89,"column":41},"end":{"line":89,"column":58}}]},"37":{"type":"branch","line":89,"loc":{"start":{"line":89,"column":58},"end":{"line":94,"column":3}},"locations":[{"start":{"line":89,"column":58},"end":{"line":94,"column":3}}]}},"b":{"0":[151],"1":[112],"2":[40],"3":[111],"4":[136],"5":[16],"6":[135],"7":[16],"8":[135],"9":[112],"10":[5],"11":[4],"12":[147],"13":[28],"14":[123],"15":[45],"16":[112],"17":[154],"18":[132],"19":[131],"20":[22],"21":[1],"22":[21],"23":[23],"24":[24],"25":[1],"26":[114],"27":[113],"28":[112],"29":[2],"30":[111],"31":[1],"32":[20],"33":[166],"34":[76],"35":[76],"36":[4],"37":[2]},"fnMap":{"0":{"name":"resolveTranslation","decl":{"start":{"line":14,"column":7},"end":{"line":41,"column":1}},"loc":{"start":{"line":14,"column":7},"end":{"line":41,"column":1}},"line":14},"1":{"name":"applyReplace","decl":{"start":{"line":47,"column":7},"end":{"line":59,"column":1}},"loc":{"start":{"line":47,"column":7},"end":{"line":59,"column":1}},"line":47},"2":{"name":"requestTranslation","decl":{"start":{"line":67,"column":7},"end":{"line":77,"column":1}},"loc":{"start":{"line":67,"column":7},"end":{"line":77,"column":1}},"line":67},"3":{"name":"normalizeSourceText","decl":{"start":{"line":87,"column":7},"end":{"line":96,"column":1}},"loc":{"start":{"line":87,"column":7},"end":{"line":96,"column":1}},"line":87}},"f":{"0":151,"1":154,"2":114,"3":166}}
,"/Users/arnaudambroselli/Pro/2025-02-070_Bibi_Translation/i18n-keyless-lib/packages/angular/scope.ts": {"path":"/Users/arnaudambroselli/Pro/2025-02-070_Bibi_Translation/i18n-keyless-lib/packages/angular/scope.ts","all":false,"statementMap":{"0":{"start":{"line":1,"column":0},"end":{"line":1,"column":60}},"10":{"start":{"line":11,"column":0},"end":{"line":11,"column":94}},"11":{"start":{"line":12,"column":0},"end":{"line":12,"column":30}},"12":{"start":{"line":13,"column":0},"end":{"line":13,"column":2}}},"s":{"0":1,"10":1,"11":1,"12":1},"branchMap":{},"b":{},"fnMap":{},"f":{}}
,"/Users/arnaudambroselli/Pro/2025-02-070_Bibi_Translation/i18n-keyless-lib/packages/angular/server.ts": {"path":"/Users/arnaudambroselli/Pro/2025-02-070_Bibi_Translation/i18n-keyless-lib/packages/angular/server.ts","all":false,"statementMap":{"0":{"start":{"line":1,"column":0},"end":{"line":1,"column":97}},"1":{"start":{"line":2,"column":0},"end":{"line":2,"column":35}},"10":{"start":{"line":11,"column":0},"end":{"line":11,"column":44}},"21":{"start":{"line":22,"column":0},"end":{"line":22,"column":80}},"22":{"start":{"line":23,"column":0},"end":{"line":23,"column":33}},"23":{"start":{"line":24,"column":0},"end":{"line":24,"column":48}},"24":{"start":{"line":25,"column":0},"end":{"line":25,"column":14}},"25":{"start":{"line":26,"column":0},"end":{"line":26,"column":3}},"26":{"start":{"line":27,"column":0},"end":{"line":27,"column":33}},"27":{"start":{"line":28,"column":0},"end":{"line":28,"column":15}},"28":{"start":{"line":29,"column":0},"end":{"line":29,"column":18}},"29":{"start":{"line":30,"column":0},"end":{"line":30,"column":3}},"31":{"start":{"line":32,"column":0},"end":{"line":32,"column":95}},"32":{"start":{"line":33,"column":0},"end":{"line":33,"column":70}},"33":{"start":{"line":34,"column":0},"end":{"line":34,"column":32}},"34":{"start":{"line":35,"column":0},"end":{"line":35,"column":22}},"35":{"start":{"line":36,"column":0},"end":{"line":36,"column":1}},"41":{"start":{"line":42,"column":0},"end":{"line":42,"column":65}},"42":{"start":{"line":43,"column":0},"end":{"line":43,"column":13}},"43":{"start":{"line":44,"column":0},"end":{"line":44,"column":23}},"44":{"start":{"line":45,"column":0},"end":{"line":45,"column":10}},"45":{"start":{"line":46,"column":0},"end":{"line":46,"column":18}},"46":{"start":{"line":47,"column":0},"end":{"line":47,"column":3}},"47":{"start":{"line":48,"column":0},"end":{"line":48,"column":1}}},"s":{"0":1,"1":1,"10":1,"21":5,"22":5,"23":5,"24":1,"25":1,"26":4,"27":5,"28":1,"29":1,"31":3,"32":5,"33":5,"34":5,"35":5,"41":1,"42":9,"43":1,"44":9,"45":8,"46":8,"47":9},"branchMap":{"0":{"type":"branch","line":22,"loc":{"start":{"line":22,"column":0},"end":{"line":36,"column":1}},"locations":[{"start":{"line":22,"column":0},"end":{"line":36,"column":1}}]},"1":{"type":"branch","line":24,"loc":{"start":{"line":24,"column":47},"end":{"line":26,"column":3}},"locations":[{"start":{"line":24,"column":47},"end":{"line":26,"column":3}}]},"2":{"type":"branch","line":26,"loc":{"start":{"line":26,"column":2},"end":{"line":28,"column":14}},"locations":[{"start":{"line":26,"column":2},"end":{"line":28,"column":14}}]},"3":{"type":"branch","line":28,"loc":{"start":{"line":28,"column":14},"end":{"line":30,"column":3}},"locations":[{"start":{"line":28,"column":14},"end":{"line":30,"column":3}}]},"4":{"type":"branch","line":30,"loc":{"start":{"line":30,"column":2},"end":{"line":33,"column":38}},"locations":[{"start":{"line":30,"column":2},"end":{"line":33,"column":38}}]},"5":{"type":"branch","line":33,"loc":{"start":{"line":33,"column":33},"end":{"line":33,"column":67}},"locations":[{"start":{"line":33,"column":33},"end":{"line":33,"column":67}}]},"6":{"type":"branch","line":33,"loc":{"start":{"line":33,"column":52},"end":{"line":33,"column":70}},"locations":[{"start":{"line":33,"column":52},"end":{"line":33,"column":70}}]},"7":{"type":"branch","line":42,"loc":{"start":{"line":42,"column":7},"end":{"line":48,"column":1}},"locations":[{"start":{"line":42,"column":7},"end":{"line":48,"column":1}}]},"8":{"type":"branch","line":43,"loc":{"start":{"line":43,"column":12},"end":{"line":45,"column":9}},"locations":[{"start":{"line":43,"column":12},"end":{"line":45,"column":9}}]},"9":{"type":"branch","line":45,"loc":{"start":{"line":45,"column":2},"end":{"line":47,"column":3}},"locations":[{"start":{"line":45,"column":2},"end":{"line":47,"column":3}}]}},"b":{"0":[5],"1":[1],"2":[4],"3":[1],"4":[3],"5":[3],"6":[0],"7":[9],"8":[1],"9":[8]},"fnMap":{"0":{"name":"getServerTranslations","decl":{"start":{"line":22,"column":0},"end":{"line":36,"column":1}},"loc":{"start":{"line":22,"column":0},"end":{"line":36,"column":1}},"line":22},"1":{"name":"clearServerTranslationsCache","decl":{"start":{"line":42,"column":7},"end":{"line":48,"column":1}},"loc":{"start":{"line":42,"column":7},"end":{"line":48,"column":1}},"line":42}},"f":{"0":5,"1":9}}
,"/Users/arnaudambroselli/Pro/2025-02-070_Bibi_Translation/i18n-keyless-lib/packages/angular/service.ts": {"path":"/Users/arnaudambroselli/Pro/2025-02-070_Bibi_Translation/i18n-keyless-lib/packages/angular/service.ts","all":false,"statementMap":{"0":{"start":{"line":1,"column":0},"end":{"line":1,"column":87}},"1":{"start":{"line":2,"column":0},"end":{"line":2,"column":58}},"2":{"start":{"line":3,"column":0},"end":{"line":3,"column":52}},"5":{"start":{"line":6,"column":0},"end":{"line":6,"column":8}},"14":{"start":{"line":15,"column":0},"end":{"line":15,"column":56}},"15":{"start":{"line":16,"column":0},"end":{"line":16,"column":91}},"16":{"start":{"line":17,"column":0},"end":{"line":17,"column":53}},"26":{"start":{"line":27,"column":0},"end":{"line":27,"column":35}},"27":{"start":{"line":28,"column":0},"end":{"line":28,"column":33}},"28":{"start":{"line":29,"column":0},"end":{"line":29,"column":82}},"29":{"start":{"line":30,"column":0},"end":{"line":30,"column":70}},"31":{"start":{"line":32,"column":0},"end":{"line":32,"column":49}},"34":{"start":{"line":35,"column":0},"end":{"line":35,"column":107}},"36":{"start":{"line":37,"column":0},"end":{"line":37,"column":57}},"37":{"start":{"line":38,"column":0},"end":{"line":38,"column":62}},"38":{"start":{"line":39,"column":0},"end":{"line":39,"column":4}},"40":{"start":{"line":41,"column":0},"end":{"line":41,"column":54}},"42":{"start":{"line":43,"column":0},"end":{"line":43,"column":53}},"45":{"start":{"line":46,"column":0},"end":{"line":46,"column":83}},"47":{"start":{"line":48,"column":0},"end":{"line":48,"column":85}},"53":{"start":{"line":54,"column":0},"end":{"line":54,"column":43}},"54":{"start":{"line":55,"column":0},"end":{"line":55,"column":29}},"55":{"start":{"line":56,"column":0},"end":{"line":56,"column":3}},"58":{"start":{"line":59,"column":0},"end":{"line":59,"column":33}},"59":{"start":{"line":60,"column":0},"end":{"line":60,"column":26}},"60":{"start":{"line":61,"column":0},"end":{"line":61,"column":3}},"67":{"start":{"line":68,"column":0},"end":{"line":68,"column":49}},"68":{"start":{"line":69,"column":0},"end":{"line":69,"column":41}},"69":{"start":{"line":70,"column":0},"end":{"line":70,"column":3}},"71":{"start":{"line":72,"column":0},"end":{"line":72,"column":35}},"72":{"start":{"line":73,"column":0},"end":{"line":73,"column":40}},"73":{"start":{"line":74,"column":0},"end":{"line":74,"column":3}},"82":{"start":{"line":83,"column":0},"end":{"line":83,"column":65}},"83":{"start":{"line":84,"column":0},"end":{"line":84,"column":49}},"84":{"start":{"line":85,"column":0},"end":{"line":85,"column":95}},"85":{"start":{"line":86,"column":0},"end":{"line":86,"column":39}},"86":{"start":{"line":87,"column":0},"end":{"line":87,"column":103}},"87":{"start":{"line":88,"column":0},"end":{"line":88,"column":44}},"88":{"start":{"line":89,"column":0},"end":{"line":89,"column":39}},"89":{"start":{"line":90,"column":0},"end":{"line":90,"column":48}},"90":{"start":{"line":91,"column":0},"end":{"line":91,"column":7}},"91":{"start":{"line":92,"column":0},"end":{"line":92,"column":5}},"92":{"start":{"line":93,"column":0},"end":{"line":93,"column":22}},"93":{"start":{"line":94,"column":0},"end":{"line":94,"column":3}},"99":{"start":{"line":100,"column":0},"end":{"line":100,"column":75}},"100":{"start":{"line":101,"column":0},"end":{"line":101,"column":57}},"101":{"start":{"line":102,"column":0},"end":{"line":102,"column":3}},"108":{"start":{"line":109,"column":0},"end":{"line":109,"column":70}},"109":{"start":{"line":110,"column":0},"end":{"line":110,"column":33}},"110":{"start":{"line":111,"column":0},"end":{"line":111,"column":38}},"111":{"start":{"line":112,"column":0},"end":{"line":112,"column":51}},"112":{"start":{"line":113,"column":0},"end":{"line":113,"column":46}},"113":{"start":{"line":114,"column":0},"end":{"line":114,"column":65}},"114":{"start":{"line":115,"column":0},"end":{"line":115,"column":5}},"115":{"start":{"line":116,"column":0},"end":{"line":116,"column":67}},"116":{"start":{"line":117,"column":0},"end":{"line":117,"column":3}},"119":{"start":{"line":120,"column":0},"end":{"line":120,"column":41}},"120":{"start":{"line":121,"column":0},"end":{"line":121,"column":45}},"121":{"start":{"line":122,"column":0},"end":{"line":122,"column":3}},"122":{"start":{"line":123,"column":0},"end":{"line":123,"column":1}}},"s":{"0":1,"1":1,"2":1,"5":1,"14":1,"15":1,"16":1,"26":1,"27":1,"28":15,"29":15,"31":15,"34":15,"36":15,"37":15,"38":15,"40":15,"42":15,"45":15,"47":15,"53":1,"54":1,"55":1,"58":1,"59":5,"60":5,"67":1,"68":3,"69":3,"71":1,"72":1,"73":1,"82":1,"83":9,"84":9,"85":9,"86":6,"87":6,"88":6,"89":6,"90":6,"91":6,"92":9,"93":9,"99":1,"100":1,"101":1,"108":1,"109":4,"110":4,"111":2,"112":2,"113":2,"114":2,"115":2,"116":4,"119":1,"120":1,"121":1,"122":1},"branchMap":{"0":{"type":"branch","line":28,"loc":{"start":{"line":28,"column":7},"end":{"line":48,"column":85}},"locations":[{"start":{"line":28,"column":7},"end":{"line":48,"column":85}}]},"1":{"type":"branch","line":35,"loc":{"start":{"line":35,"column":52},"end":{"line":35,"column":105}},"locations":[{"start":{"line":35,"column":52},"end":{"line":35,"column":105}}]},"2":{"type":"branch","line":35,"loc":{"start":{"line":35,"column":63},"end":{"line":35,"column":82}},"locations":[{"start":{"line":35,"column":63},"end":{"line":35,"column":82}}]},"3":{"type":"branch","line":35,"loc":{"start":{"line":35,"column":74},"end":{"line":35,"column":105}},"locations":[{"start":{"line":35,"column":74},"end":{"line":35,"column":105}}]},"4":{"type":"branch","line":38,"loc":{"start":{"line":38,"column":4},"end":{"line":38,"column":62}},"locations":[{"start":{"line":38,"column":4},"end":{"line":38,"column":62}}]},"5":{"type":"branch","line":38,"loc":{"start":{"line":38,"column":15},"end":{"line":38,"column":42}},"locations":[{"start":{"line":38,"column":15},"end":{"line":38,"column":42}}]},"6":{"type":"branch","line":38,"loc":{"start":{"line":38,"column":26},"end":{"line":38,"column":62}},"locations":[{"start":{"line":38,"column":26},"end":{"line":38,"column":62}}]},"7":{"type":"branch","line":54,"loc":{"start":{"line":54,"column":2},"end":{"line":56,"column":3}},"locations":[{"start":{"line":54,"column":2},"end":{"line":56,"column":3}}]},"8":{"type":"branch","line":59,"loc":{"start":{"line":59,"column":2},"end":{"line":61,"column":3}},"locations":[{"start":{"line":59,"column":2},"end":{"line":61,"column":3}}]},"9":{"type":"branch","line":68,"loc":{"start":{"line":68,"column":2},"end":{"line":70,"column":3}},"locations":[{"start":{"line":68,"column":2},"end":{"line":70,"column":3}}]},"10":{"type":"branch","line":72,"loc":{"start":{"line":72,"column":2},"end":{"line":74,"column":3}},"locations":[{"start":{"line":72,"column":2},"end":{"line":74,"column":3}}]},"11":{"type":"branch","line":83,"loc":{"start":{"line":83,"column":2},"end":{"line":94,"column":3}},"locations":[{"start":{"line":83,"column":2},"end":{"line":94,"column":3}}]},"12":{"type":"branch","line":85,"loc":{"start":{"line":85,"column":84},"end":{"line":85,"column":93}},"locations":[{"start":{"line":85,"column":84},"end":{"line":85,"column":93}}]},"13":{"type":"branch","line":86,"loc":{"start":{"line":86,"column":13},"end":{"line":86,"column":38}},"locations":[{"start":{"line":86,"column":13},"end":{"line":86,"column":38}}]},"14":{"type":"branch","line":86,"loc":{"start":{"line":86,"column":38},"end":{"line":92,"column":5}},"locations":[{"start":{"line":86,"column":38},"end":{"line":92,"column":5}}]},"15":{"type":"branch","line":87,"loc":{"start":{"line":87,"column":36},"end":{"line":87,"column":58}},"locations":[{"start":{"line":87,"column":36},"end":{"line":87,"column":58}}]},"16":{"type":"branch","line":87,"loc":{"start":{"line":87,"column":45},"end":{"line":87,"column":60}},"locations":[{"start":{"line":87,"column":45},"end":{"line":87,"column":60}}]},"17":{"type":"branch","line":87,"loc":{"start":{"line":87,"column":64},"end":{"line":87,"column":84}},"locations":[{"start":{"line":87,"column":64},"end":{"line":87,"column":84}}]},"18":{"type":"branch","line":87,"loc":{"start":{"line":87,"column":73},"end":{"line":87,"column":86}},"locations":[{"start":{"line":87,"column":73},"end":{"line":87,"column":86}}]},"19":{"type":"branch","line":100,"loc":{"start":{"line":100,"column":2},"end":{"line":102,"column":3}},"locations":[{"start":{"line":100,"column":2},"end":{"line":102,"column":3}}]},"20":{"type":"branch","line":101,"loc":{"start":{"line":101,"column":20},"end":{"line":101,"column":55}},"locations":[{"start":{"line":101,"column":20},"end":{"line":101,"column":55}}]},"21":{"type":"branch","line":109,"loc":{"start":{"line":109,"column":2},"end":{"line":117,"column":3}},"locations":[{"start":{"line":109,"column":2},"end":{"line":117,"column":3}}]},"22":{"type":"branch","line":110,"loc":{"start":{"line":110,"column":23},"end":{"line":110,"column":33}},"locations":[{"start":{"line":110,"column":23},"end":{"line":110,"column":33}}]},"23":{"type":"branch","line":111,"loc":{"start":{"line":111,"column":8},"end":{"line":111,"column":37}},"locations":[{"start":{"line":111,"column":8},"end":{"line":111,"column":37}}]},"24":{"type":"branch","line":111,"loc":{"start":{"line":111,"column":37},"end":{"line":116,"column":67}},"locations":[{"start":{"line":111,"column":37},"end":{"line":116,"column":67}}]},"25":{"type":"branch","line":120,"loc":{"start":{"line":120,"column":2},"end":{"line":122,"column":3}},"locations":[{"start":{"line":120,"column":2},"end":{"line":122,"column":3}}]}},"b":{"0":[15],"1":[14],"2":[4],"3":[10],"4":[15],"5":[4],"6":[11],"7":[1],"8":[5],"9":[3],"10":[1],"11":[9],"12":[0],"13":[8],"14":[6],"15":[3],"16":[5],"17":[3],"18":[3],"19":[1],"20":[2],"21":[4],"22":[3],"23":[3],"24":[2],"25":[1]},"fnMap":{"0":{"name":"I18nKeylessService","decl":{"start":{"line":28,"column":7},"end":{"line":48,"column":85}},"loc":{"start":{"line":28,"column":7},"end":{"line":48,"column":85}},"line":28},"1":{"name":"init","decl":{"start":{"line":54,"column":2},"end":{"line":56,"column":3}},"loc":{"start":{"line":54,"column":2},"end":{"line":56,"column":3}},"line":54},"2":{"name":"whenHydrated","decl":{"start":{"line":59,"column":2},"end":{"line":61,"column":3}},"loc":{"start":{"line":59,"column":2},"end":{"line":61,"column":3}},"line":59},"3":{"name":"setCurrentLanguage","decl":{"start":{"line":68,"column":2},"end":{"line":70,"column":3}},"loc":{"start":{"line":68,"column":2},"end":{"line":70,"column":3}},"line":68},"4":{"name":"getSupportedLanguages","decl":{"start":{"line":72,"column":2},"end":{"line":74,"column":3}},"loc":{"start":{"line":72,"column":2},"end":{"line":74,"column":3}},"line":72},"5":{"name":"translate","decl":{"start":{"line":83,"column":2},"end":{"line":94,"column":3}},"loc":{"start":{"line":83,"column":2},"end":{"line":94,"column":3}},"line":83},"6":{"name":"translation","decl":{"start":{"line":100,"column":2},"end":{"line":102,"column":3}},"loc":{"start":{"line":100,"column":2},"end":{"line":102,"column":3}},"line":100},"7":{"name":"getTranslation","decl":{"start":{"line":109,"column":2},"end":{"line":117,"column":3}},"loc":{"start":{"line":109,"column":2},"end":{"line":117,"column":3}},"line":109},"8":{"name":"clearStorageAndStore","decl":{"start":{"line":120,"column":2},"end":{"line":122,"column":3}},"loc":{"start":{"line":120,"column":2},"end":{"line":122,"column":3}},"line":120}},"f":{"0":15,"1":1,"2":5,"3":3,"4":1,"5":9,"6":1,"7":4,"8":1}}
,"/Users/arnaudambroselli/Pro/2025-02-070_Bibi_Translation/i18n-keyless-lib/packages/angular/store.ts": {"path":"/Users/arnaudambroselli/Pro/2025-02-070_Bibi_Translation/i18n-keyless-lib/packages/angular/store.ts","all":false,"statementMap":{"0":{"start":{"line":1,"column":0},"end":{"line":1,"column":63}},"1":{"start":{"line":2,"column":0},"end":{"line":2,"column":8}},"23":{"start":{"line":24,"column":0},"end":{"line":24,"column":8}},"34":{"start":{"line":35,"column":0},"end":{"line":35,"column":68}},"42":{"start":{"line":43,"column":0},"end":{"line":43,"column":40}},"43":{"start":{"line":44,"column":0},"end":{"line":44,"column":39}},"44":{"start":{"line":45,"column":0},"end":{"line":45,"column":1}},"52":{"start":{"line":53,"column":0},"end":{"line":53,"column":34}},"60":{"start":{"line":61,"column":0},"end":{"line":61,"column":57}},"62":{"start":{"line":63,"column":0},"end":{"line":63,"column":68}},"63":{"start":{"line":64,"column":0},"end":{"line":64,"column":26}},"64":{"start":{"line":65,"column":0},"end":{"line":65,"column":1}},"66":{"start":{"line":67,"column":0},"end":{"line":67,"column":36}},"67":{"start":{"line":68,"column":0},"end":{"line":68,"column":14}},"68":{"start":{"line":69,"column":0},"end":{"line":69,"column":14}},"69":{"start":{"line":70,"column":0},"end":{"line":70,"column":18}},"70":{"start":{"line":71,"column":0},"end":{"line":71,"column":22}},"71":{"start":{"line":72,"column":0},"end":{"line":72,"column":4}},"72":{"start":{"line":73,"column":0},"end":{"line":73,"column":21}},"73":{"start":{"line":74,"column":0},"end":{"line":74,"column":2}},"76":{"start":{"line":77,"column":0},"end":{"line":77,"column":49}},"77":{"start":{"line":78,"column":0},"end":{"line":78,"column":52}},"78":{"start":{"line":79,"column":0},"end":{"line":79,"column":56}},"79":{"start":{"line":80,"column":0},"end":{"line":80,"column":37}},"85":{"start":{"line":86,"column":0},"end":{"line":86,"column":34}},"86":{"start":{"line":87,"column":0},"end":{"line":87,"column":17}},"87":{"start":{"line":88,"column":0},"end":{"line":88,"column":20}},"88":{"start":{"line":89,"column":0},"end":{"line":89,"column":30}},"89":{"start":{"line":90,"column":0},"end":{"line":90,"column":17}},"90":{"start":{"line":91,"column":0},"end":{"line":91,"column":28}},"91":{"start":{"line":92,"column":0},"end":{"line":92,"column":29}},"92":{"start":{"line":93,"column":0},"end":{"line":93,"column":35}},"93":{"start":{"line":94,"column":0},"end":{"line":94,"column":23}},"94":{"start":{"line":95,"column":0},"end":{"line":95,"column":2}},"96":{"start":{"line":97,"column":0},"end":{"line":97,"column":44}},"97":{"start":{"line":98,"column":0},"end":{"line":98,"column":27}},"98":{"start":{"line":99,"column":0},"end":{"line":99,"column":19}},"99":{"start":{"line":100,"column":0},"end":{"line":100,"column":45}},"100":{"start":{"line":101,"column":0},"end":{"line":101,"column":39}},"101":{"start":{"line":102,"column":0},"end":{"line":102,"column":27}},"102":{"start":{"line":103,"column":0},"end":{"line":103,"column":31}},"103":{"start":{"line":104,"column":0},"end":{"line":104,"column":6}},"104":{"start":{"line":105,"column":0},"end":{"line":105,"column":1}},"106":{"start":{"line":107,"column":0},"end":{"line":107,"column":66}},"107":{"start":{"line":108,"column":0},"end":{"line":108,"column":19}},"108":{"start":{"line":109,"column":0},"end":{"line":109,"column":83}},"109":{"start":{"line":110,"column":0},"end":{"line":110,"column":33}},"110":{"start":{"line":111,"column":0},"end":{"line":111,"column":20}},"111":{"start":{"line":112,"column":0},"end":{"line":112,"column":31}},"112":{"start":{"line":113,"column":0},"end":{"line":113,"column":51}},"113":{"start":{"line":114,"column":0},"end":{"line":114,"column":16}},"114":{"start":{"line":115,"column":0},"end":{"line":115,"column":28}},"115":{"start":{"line":116,"column":0},"end":{"line":116,"column":56}},"116":{"start":{"line":117,"column":0},"end":{"line":117,"column":16}},"117":{"start":{"line":118,"column":0},"end":{"line":118,"column":22}},"118":{"start":{"line":119,"column":0},"end":{"line":119,"column":48}},"119":{"start":{"line":120,"column":0},"end":{"line":120,"column":16}},"120":{"start":{"line":121,"column":0},"end":{"line":121,"column":24}},"121":{"start":{"line":122,"column":0},"end":{"line":122,"column":47}},"122":{"start":{"line":123,"column":0},"end":{"line":123,"column":16}},"123":{"start":{"line":124,"column":0},"end":{"line":124,"column":16}},"124":{"start":{"line":125,"column":0},"end":{"line":125,"column":64}},"125":{"start":{"line":126,"column":0},"end":{"line":126,"column":7}},"126":{"start":{"line":127,"column":0},"end":{"line":127,"column":5}},"127":{"start":{"line":128,"column":0},"end":{"line":128,"column":5}},"128":{"start":{"line":129,"column":0},"end":{"line":129,"column":1}},"136":{"start":{"line":137,"column":0},"end":{"line":137,"column":111}},"137":{"start":{"line":138,"column":0},"end":{"line":138,"column":48}},"138":{"start":{"line":139,"column":0},"end":{"line":139,"column":11}},"139":{"start":{"line":140,"column":0},"end":{"line":140,"column":3}},"140":{"start":{"line":141,"column":0},"end":{"line":141,"column":59}},"141":{"start":{"line":142,"column":0},"end":{"line":142,"column":11}},"142":{"start":{"line":143,"column":0},"end":{"line":143,"column":3}},"143":{"start":{"line":144,"column":0},"end":{"line":144,"column":30}},"144":{"start":{"line":145,"column":0},"end":{"line":145,"column":41}},"145":{"start":{"line":146,"column":0},"end":{"line":146,"column":16}},"146":{"start":{"line":147,"column":0},"end":{"line":147,"column":57}},"147":{"start":{"line":148,"column":0},"end":{"line":148,"column":3}},"148":{"start":{"line":149,"column":0},"end":{"line":149,"column":1}},"150":{"start":{"line":151,"column":0},"end":{"line":151,"column":110}},"151":{"start":{"line":152,"column":0},"end":{"line":152,"column":22}},"152":{"start":{"line":153,"column":0},"end":{"line":153,"column":11}},"153":{"start":{"line":154,"column":0},"end":{"line":154,"column":3}},"154":{"start":{"line":155,"column":0},"end":{"line":155,"column":27}},"155":{"start":{"line":156,"column":0},"end":{"line":156,"column":30}},"156":{"start":{"line":157,"column":0},"end":{"line":157,"column":24}},"157":{"start":{"line":158,"column":0},"end":{"line":158,"column":84}},"158":{"start":{"line":159,"column":0},"end":{"line":159,"column":3}},"159":{"start":{"line":160,"column":0},"end":{"line":160,"column":33}},"160":{"start":{"line":161,"column":0},"end":{"line":161,"column":17}},"161":{"start":{"line":162,"column":0},"end":{"line":162,"column":85}},"162":{"start":{"line":163,"column":0},"end":{"line":163,"column":3}},"163":{"start":{"line":164,"column":0},"end":{"line":164,"column":53}},"166":{"start":{"line":167,"column":0},"end":{"line":167,"column":73}},"168":{"start":{"line":169,"column":0},"end":{"line":169,"column":56}},"169":{"start":{"line":170,"column":0},"end":{"line":170,"column":91}},"171":{"start":{"line":172,"column":0},"end":{"line":172,"column":42}},"172":{"start":{"line":173,"column":0},"end":{"line":173,"column":61}},"173":{"start":{"line":174,"column":0},"end":{"line":174,"column":90}},"175":{"start":{"line":176,"column":0},"end":{"line":176,"column":54}},"176":{"start":{"line":177,"column":0},"end":{"line":177,"column":25}},"177":{"start":{"line":178,"column":0},"end":{"line":178,"column":108}},"179":{"start":{"line":180,"column":0},"end":{"line":180,"column":12}},"180":{"start":{"line":181,"column":0},"end":{"line":181,"column":35}},"181":{"start":{"line":182,"column":0},"end":{"line":182,"column":85}},"182":{"start":{"line":183,"column":0},"end":{"line":183,"column":31}},"183":{"start":{"line":184,"column":0},"end":{"line":184,"column":43}},"184":{"start":{"line":185,"column":0},"end":{"line":185,"column":5}},"186":{"start":{"line":187,"column":0},"end":{"line":187,"column":55}},"190":{"start":{"line":191,"column":0},"end":{"line":191,"column":20}},"191":{"start":{"line":192,"column":0},"end":{"line":192,"column":36}},"192":{"start":{"line":193,"column":0},"end":{"line":193,"column":16}},"193":{"start":{"line":194,"column":0},"end":{"line":194,"column":47}},"194":{"start":{"line":195,"column":0},"end":{"line":195,"column":113}},"195":{"start":{"line":196,"column":0},"end":{"line":196,"column":9}},"196":{"start":{"line":197,"column":0},"end":{"line":197,"column":5}},"197":{"start":{"line":198,"column":0},"end":{"line":198,"column":11}},"198":{"start":{"line":199,"column":0},"end":{"line":199,"column":3}},"200":{"start":{"line":201,"column":0},"end":{"line":201,"column":86}},"201":{"start":{"line":202,"column":0},"end":{"line":202,"column":23}},"202":{"start":{"line":203,"column":0},"end":{"line":203,"column":93}},"203":{"start":{"line":204,"column":0},"end":{"line":204,"column":80}},"204":{"start":{"line":205,"column":0},"end":{"line":205,"column":3}},"206":{"start":{"line":207,"column":0},"end":{"line":207,"column":34}},"207":{"start":{"line":208,"column":0},"end":{"line":208,"column":14}},"208":{"start":{"line":209,"column":0},"end":{"line":209,"column":45}},"209":{"start":{"line":210,"column":0},"end":{"line":210,"column":111}},"210":{"start":{"line":211,"column":0},"end":{"line":211,"column":7}},"211":{"start":{"line":212,"column":0},"end":{"line":212,"column":78}},"212":{"start":{"line":213,"column":0},"end":{"line":213,"column":3}},"213":{"start":{"line":214,"column":0},"end":{"line":214,"column":1}},"215":{"start":{"line":216,"column":0},"end":{"line":216,"column":80}},"216":{"start":{"line":217,"column":0},"end":{"line":217,"column":27}},"217":{"start":{"line":218,"column":0},"end":{"line":218,"column":51}},"218":{"start":{"line":219,"column":0},"end":{"line":219,"column":11}},"219":{"start":{"line":220,"column":0},"end":{"line":220,"column":3}},"220":{"start":{"line":221,"column":0},"end":{"line":221,"column":54}},"221":{"start":{"line":222,"column":0},"end":{"line":222,"column":39}},"222":{"start":{"line":223,"column":0},"end":{"line":223,"column":21}},"223":{"start":{"line":224,"column":0},"end":{"line":224,"column":41}},"224":{"start":{"line":225,"column":0},"end":{"line":225,"column":18}},"225":{"start":{"line":226,"column":0},"end":{"line":226,"column":14}},"226":{"start":{"line":227,"column":0},"end":{"line":227,"column":35}},"227":{"start":{"line":228,"column":0},"end":{"line":228,"column":87}},"228":{"start":{"line":229,"column":0},"end":{"line":229,"column":15}},"229":{"start":{"line":230,"column":0},"end":{"line":230,"column":8}},"230":{"start":{"line":231,"column":0},"end":{"line":231,"column":5}},"231":{"start":{"line":232,"column":0},"end":{"line":232,"column":3}},"232":{"start":{"line":233,"column":0},"end":{"line":233,"column":1}},"234":{"start":{"line":235,"column":0},"end":{"line":235,"column":55}},"235":{"start":{"line":236,"column":0},"end":{"line":236,"column":27}},"236":{"start":{"line":237,"column":0},"end":{"line":237,"column":39}},"237":{"start":{"line":238,"column":0},"end":{"line":238,"column":74}},"238":{"start":{"line":239,"column":0},"end":{"line":239,"column":63}},"239":{"start":{"line":240,"column":0},"end":{"line":240,"column":11}},"240":{"start":{"line":241,"column":0},"end":{"line":241,"column":3}},"241":{"start":{"line":242,"column":0},"end":{"line":242,"column":97}},"242":{"start":{"line":243,"column":0},"end":{"line":243,"column":21}},"243":{"start":{"line":244,"column":0},"end":{"line":244,"column":51}},"244":{"start":{"line":245,"column":0},"end":{"line":245,"column":18}},"245":{"start":{"line":246,"column":0},"end":{"line":246,"column":56}},"246":{"start":{"line":247,"column":0},"end":{"line":247,"column":5}},"247":{"start":{"line":248,"column":0},"end":{"line":248,"column":3}},"248":{"start":{"line":249,"column":0},"end":{"line":249,"column":1}},"250":{"start":{"line":251,"column":0},"end":{"line":251,"column":35}},"251":{"start":{"line":252,"column":0},"end":{"line":252,"column":14}},"252":{"start":{"line":253,"column":0},"end":{"line":253,"column":19}},"253":{"start":{"line":254,"column":0},"end":{"line":254,"column":21}},"254":{"start":{"line":255,"column":0},"end":{"line":255,"column":32}},"255":{"start":{"line":256,"column":0},"end":{"line":256,"column":18}},"257":{"start":{"line":258,"column":0},"end":{"line":258,"column":29}},"258":{"start":{"line":259,"column":0},"end":{"line":259,"column":11}},"259":{"start":{"line":260,"column":0},"end":{"line":260,"column":3}},"260":{"start":{"line":261,"column":0},"end":{"line":261,"column":27}},"261":{"start":{"line":262,"column":0},"end":{"line":262,"column":39}},"262":{"start":{"line":263,"column":0},"end":{"line":263,"column":92}},"263":{"start":{"line":264,"column":0},"end":{"line":264,"column":56}},"264":{"start":{"line":265,"column":0},"end":{"line":265,"column":63}},"266":{"start":{"line":267,"column":0},"end":{"line":267,"column":74}},"267":{"start":{"line":268,"column":0},"end":{"line":268,"column":53}},"268":{"start":{"line":269,"column":0},"end":{"line":269,"column":63}},"269":{"start":{"line":270,"column":0},"end":{"line":270,"column":30}},"270":{"start":{"line":271,"column":0},"end":{"line":271,"column":4}},"271":{"start":{"line":272,"column":0},"end":{"line":272,"column":45}},"272":{"start":{"line":273,"column":0},"end":{"line":273,"column":16}},"273":{"start":{"line":274,"column":0},"end":{"line":274,"column":96}},"274":{"start":{"line":275,"column":0},"end":{"line":275,"column":3}},"275":{"start":{"line":276,"column":0},"end":{"line":276,"column":1}},"277":{"start":{"line":278,"column":0},"end":{"line":278,"column":55}},"278":{"start":{"line":279,"column":0},"end":{"line":279,"column":27}},"279":{"start":{"line":280,"column":0},"end":{"line":280,"column":30}},"280":{"start":{"line":281,"column":0},"end":{"line":281,"column":80}},"281":{"start":{"line":282,"column":0},"end":{"line":282,"column":3}},"282":{"start":{"line":283,"column":0},"end":{"line":283,"column":35}},"283":{"start":{"line":284,"column":0},"end":{"line":284,"column":62}},"284":{"start":{"line":285,"column":0},"end":{"line":285,"column":31}},"285":{"start":{"line":286,"column":0},"end":{"line":286,"column":107}},"286":{"start":{"line":287,"column":0},"end":{"line":287,"column":10}},"287":{"start":{"line":288,"column":0},"end":{"line":288,"column":62}},"288":{"start":{"line":289,"column":0},"end":{"line":289,"column":3}},"290":{"start":{"line":291,"column":0},"end":{"line":291,"column":47}},"293":{"start":{"line":294,"column":0},"end":{"line":294,"column":91}},"294":{"start":{"line":295,"column":0},"end":{"line":295,"column":95}},"295":{"start":{"line":296,"column":0},"end":{"line":296,"column":62}},"296":{"start":{"line":297,"column":0},"end":{"line":297,"column":29}},"297":{"start":{"line":298,"column":0},"end":{"line":298,"column":76}},"298":{"start":{"line":299,"column":0},"end":{"line":299,"column":46}},"299":{"start":{"line":300,"column":0},"end":{"line":300,"column":38}},"300":{"start":{"line":301,"column":0},"end":{"line":301,"column":72}},"301":{"start":{"line":302,"column":0},"end":{"line":302,"column":7}},"302":{"start":{"line":303,"column":0},"end":{"line":303,"column":5}},"303":{"start":{"line":304,"column":0},"end":{"line":304,"column":3}},"307":{"start":{"line":308,"column":0},"end":{"line":308,"column":58}},"308":{"start":{"line":309,"column":0},"end":{"line":309,"column":57}},"309":{"start":{"line":310,"column":0},"end":{"line":310,"column":22}},"310":{"start":{"line":311,"column":0},"end":{"line":311,"column":40}},"311":{"start":{"line":312,"column":0},"end":{"line":312,"column":95}},"312":{"start":{"line":313,"column":0},"end":{"line":313,"column":72}},"313":{"start":{"line":314,"column":0},"end":{"line":314,"column":9}},"314":{"start":{"line":315,"column":0},"end":{"line":315,"column":7}},"315":{"start":{"line":316,"column":0},"end":{"line":316,"column":6}},"316":{"start":{"line":317,"column":0},"end":{"line":317,"column":45}},"317":{"start":{"line":318,"column":0},"end":{"line":318,"column":22}},"318":{"start":{"line":319,"column":0},"end":{"line":319,"column":47}},"319":{"start":{"line":320,"column":0},"end":{"line":320,"column":95}},"320":{"start":{"line":321,"column":0},"end":{"line":321,"column":72}},"321":{"start":{"line":322,"column":0},"end":{"line":322,"column":9}},"322":{"start":{"line":323,"column":0},"end":{"line":323,"column":7}},"323":{"start":{"line":324,"column":0},"end":{"line":324,"column":6}},"324":{"start":{"line":325,"column":0},"end":{"line":325,"column":3}},"325":{"start":{"line":326,"column":0},"end":{"line":326,"column":1}},"327":{"start":{"line":328,"column":0},"end":{"line":328,"column":25}},"330":{"start":{"line":331,"column":0},"end":{"line":331,"column":27}},"331":{"start":{"line":332,"column":0},"end":{"line":332,"column":29}},"332":{"start":{"line":333,"column":0},"end":{"line":333,"column":94}},"333":{"start":{"line":334,"column":0},"end":{"line":334,"column":37}},"334":{"start":{"line":335,"column":0},"end":{"line":335,"column":30}},"335":{"start":{"line":336,"column":0},"end":{"line":336,"column":83}},"336":{"start":{"line":337,"column":0},"end":{"line":337,"column":17}},"337":{"start":{"line":338,"column":0},"end":{"line":338,"column":78}},"338":{"start":{"line":339,"column":0},"end":{"line":339,"column":5}},"339":{"start":{"line":340,"column":0},"end":{"line":340,"column":3}},"340":{"start":{"line":341,"column":0},"end":{"line":341,"column":3}},"347":{"start":{"line":348,"column":0},"end":{"line":348,"column":22}},"349":{"start":{"line":350,"column":0},"end":{"line":350,"column":70}},"351":{"start":{"line":352,"column":0},"end":{"line":352,"column":72}},"353":{"start":{"line":354,"column":0},"end":{"line":354,"column":58}},"355":{"start":{"line":356,"column":0},"end":{"line":356,"column":59}},"356":{"start":{"line":357,"column":0},"end":{"line":357,"column":11}},"357":{"start":{"line":358,"column":0},"end":{"line":358,"column":11}},"358":{"start":{"line":359,"column":0},"end":{"line":359,"column":18}},"359":{"start":{"line":360,"column":0},"end":{"line":360,"column":26}},"360":{"start":{"line":361,"column":0},"end":{"line":361,"column":24}},"361":{"start":{"line":362,"column":0},"end":{"line":362,"column":22}},"362":{"start":{"line":363,"column":0},"end":{"line":363,"column":14}},"363":{"start":{"line":364,"column":0},"end":{"line":364,"column":2}},"371":{"start":{"line":372,"column":0},"end":{"line":372,"column":98}},"372":{"start":{"line":373,"column":0},"end":{"line":373,"column":24}},"373":{"start":{"line":374,"column":0},"end":{"line":374,"column":11}},"374":{"start":{"line":375,"column":0},"end":{"line":375,"column":3}},"375":{"start":{"line":376,"column":0},"end":{"line":376,"column":31}},"376":{"start":{"line":377,"column":0},"end":{"line":377,"column":29}},"377":{"start":{"line":378,"column":0},"end":{"line":378,"column":12}},"378":{"start":{"line":379,"column":0},"end":{"line":379,"column":35}},"379":{"start":{"line":380,"column":0},"end":{"line":380,"column":80}},"380":{"start":{"line":381,"column":0},"end":{"line":381,"column":5}},"381":{"start":{"line":382,"column":0},"end":{"line":382,"column":1}},"383":{"start":{"line":384,"column":0},"end":{"line":384,"column":41}},"384":{"start":{"line":385,"column":0},"end":{"line":385,"column":35}},"385":{"start":{"line":386,"column":0},"end":{"line":386,"column":24}},"386":{"start":{"line":387,"column":0},"end":{"line":387,"column":73}},"387":{"start":{"line":388,"column":0},"end":{"line":388,"column":3}},"388":{"start":{"line":389,"column":0},"end":{"line":389,"column":33}},"389":{"start":{"line":390,"column":0},"end":{"line":390,"column":29}},"390":{"start":{"line":391,"column":0},"end":{"line":391,"column":17}},"391":{"start":{"line":392,"column":0},"end":{"line":392,"column":74}},"392":{"start":{"line":393,"column":0},"end":{"line":393,"column":3}},"397":{"start":{"line":398,"column":0},"end":{"line":398,"column":36}},"398":{"start":{"line":399,"column":0},"end":{"line":399,"column":36}},"399":{"start":{"line":400,"column":0},"end":{"line":400,"column":83}},"400":{"start":{"line":401,"column":0},"end":{"line":401,"column":10}},"401":{"start":{"line":402,"column":0},"end":{"line":402,"column":36}},"402":{"start":{"line":403,"column":0},"end":{"line":403,"column":70}},"403":{"start":{"line":404,"column":0},"end":{"line":404,"column":86}},"404":{"start":{"line":405,"column":0},"end":{"line":405,"column":26}},"405":{"start":{"line":406,"column":0},"end":{"line":406,"column":27}},"406":{"start":{"line":407,"column":0},"end":{"line":407,"column":38}},"407":{"start":{"line":408,"column":0},"end":{"line":408,"column":53}},"408":{"start":{"line":409,"column":0},"end":{"line":409,"column":5}},"409":{"start":{"line":410,"column":0},"end":{"line":410,"column":73}},"410":{"start":{"line":411,"column":0},"end":{"line":411,"column":3}},"413":{"start":{"line":414,"column":0},"end":{"line":414,"column":31}},"414":{"start":{"line":415,"column":0},"end":{"line":415,"column":101}},"417":{"start":{"line":418,"column":0},"end":{"line":418,"column":28}},"418":{"start":{"line":419,"column":0},"end":{"line":419,"column":106}},"420":{"start":{"line":421,"column":0},"end":{"line":421,"column":69}},"421":{"start":{"line":422,"column":0},"end":{"line":422,"column":67}},"422":{"start":{"line":423,"column":0},"end":{"line":423,"column":46}},"423":{"start":{"line":424,"column":0},"end":{"line":424,"column":47}},"424":{"start":{"line":425,"column":0},"end":{"line":425,"column":120}},"425":{"start":{"line":426,"column":0},"end":{"line":426,"column":27}},"426":{"start":{"line":427,"column":0},"end":{"line":427,"column":60}},"427":{"start":{"line":428,"column":0},"end":{"line":428,"column":74}},"428":{"start":{"line":429,"column":0},"end":{"line":429,"column":7}},"429":{"start":{"line":430,"column":0},"end":{"line":430,"column":100}},"430":{"start":{"line":431,"column":0},"end":{"line":431,"column":26}},"431":{"start":{"line":432,"column":0},"end":{"line":432,"column":58}},"432":{"start":{"line":433,"column":0},"end":{"line":433,"column":7}},"433":{"start":{"line":434,"column":0},"end":{"line":434,"column":5}},"434":{"start":{"line":435,"column":0},"end":{"line":435,"column":66}},"435":{"start":{"line":436,"column":0},"end":{"line":436,"column":34}},"436":{"start":{"line":437,"column":0},"end":{"line":437,"column":75}},"437":{"start":{"line":438,"column":0},"end":{"line":438,"column":16}},"438":{"start":{"line":439,"column":0},"end":{"line":439,"column":41}},"439":{"start":{"line":440,"column":0},"end":{"line":440,"column":32}},"440":{"start":{"line":441,"column":0},"end":{"line":441,"column":37}},"441":{"start":{"line":442,"column":0},"end":{"line":442,"column":31}},"442":{"start":{"line":443,"column":0},"end":{"line":443,"column":9}},"443":{"start":{"line":444,"column":0},"end":{"line":444,"column":12}},"444":{"start":{"line":445,"column":0},"end":{"line":445,"column":72}},"445":{"start":{"line":446,"column":0},"end":{"line":446,"column":5}},"446":{"start":{"line":447,"column":0},"end":{"line":447,"column":3}},"447":{"start":{"line":448,"column":0},"end":{"line":448,"column":111}},"450":{"start":{"line":451,"column":0},"end":{"line":451,"column":79}},"451":{"start":{"line":452,"column":0},"end":{"line":452,"column":96}},"452":{"start":{"line":453,"column":0},"end":{"line":453,"column":59}},"453":{"start":{"line":454,"column":0},"end":{"line":454,"column":3}},"454":{"start":{"line":455,"column":0},"end":{"line":455,"column":86}},"455":{"start":{"line":456,"column":0},"end":{"line":456,"column":55}},"458":{"start":{"line":459,"column":0},"end":{"line":459,"column":73}},"459":{"start":{"line":460,"column":0},"end":{"line":460,"column":78}},"460":{"start":{"line":461,"column":0},"end":{"line":461,"column":23}},"461":{"start":{"line":462,"column":0},"end":{"line":462,"column":88}},"462":{"start":{"line":463,"column":0},"end":{"line":463,"column":110}},"463":{"start":{"line":464,"column":0},"end":{"line":464,"column":23}},"464":{"start":{"line":465,"column":0},"end":{"line":465,"column":74}},"465":{"start":{"line":466,"column":0},"end":{"line":466,"column":5}},"466":{"start":{"line":467,"column":0},"end":{"line":467,"column":21}},"467":{"start":{"line":468,"column":0},"end":{"line":468,"column":65}},"468":{"start":{"line":469,"column":0},"end":{"line":469,"column":3}},"469":{"start":{"line":470,"column":0},"end":{"line":470,"column":76}},"470":{"start":{"line":471,"column":0},"end":{"line":471,"column":85}},"471":{"start":{"line":472,"column":0},"end":{"line":472,"column":30}},"472":{"start":{"line":473,"column":0},"end":{"line":473,"column":85}},"473":{"start":{"line":474,"column":0},"end":{"line":474,"column":44}},"474":{"start":{"line":475,"column":0},"end":{"line":475,"column":86}},"475":{"start":{"line":476,"column":0},"end":{"line":476,"column":68}},"476":{"start":{"line":477,"column":0},"end":{"line":477,"column":31}},"477":{"start":{"line":478,"column":0},"end":{"line":478,"column":70}},"478":{"start":{"line":479,"column":0},"end":{"line":479,"column":59}},"479":{"start":{"line":480,"column":0},"end":{"line":480,"column":10}},"480":{"start":{"line":481,"column":0},"end":{"line":481,"column":74}},"481":{"start":{"line":482,"column":0},"end":{"line":482,"column":68}},"482":{"start":{"line":483,"column":0},"end":{"line":483,"column":3}},"483":{"start":{"line":484,"column":0},"end":{"line":484,"column":68}},"484":{"start":{"line":485,"column":0},"end":{"line":485,"column":20}},"485":{"start":{"line":486,"column":0},"end":{"line":486,"column":53}},"486":{"start":{"line":487,"column":0},"end":{"line":487,"column":3}},"487":{"start":{"line":488,"column":0},"end":{"line":488,"column":1}},"489":{"start":{"line":490,"column":0},"end":{"line":490,"column":45}},"496":{"start":{"line":497,"column":0},"end":{"line":497,"column":47}},"497":{"start":{"line":498,"column":0},"end":{"line":498,"column":42}},"498":{"start":{"line":499,"column":0},"end":{"line":499,"column":1}},"505":{"start":{"line":506,"column":0},"end":{"line":506,"column":60}},"506":{"start":{"line":507,"column":0},"end":{"line":507,"column":29}},"507":{"start":{"line":508,"column":0},"end":{"line":508,"column":59}},"508":{"start":{"line":509,"column":0},"end":{"line":509,"column":3}},"509":{"start":{"line":510,"column":0},"end":{"line":510,"column":37}},"510":{"start":{"line":511,"column":0},"end":{"line":511,"column":57}},"511":{"start":{"line":512,"column":0},"end":{"line":512,"column":3}},"512":{"start":{"line":513,"column":0},"end":{"line":513,"column":45}},"513":{"start":{"line":514,"column":0},"end":{"line":514,"column":70}},"514":{"start":{"line":515,"column":0},"end":{"line":515,"column":3}},"515":{"start":{"line":516,"column":0},"end":{"line":516,"column":38}},"516":{"start":{"line":517,"column":0},"end":{"line":517,"column":63}},"517":{"start":{"line":518,"column":0},"end":{"line":518,"column":3}},"518":{"start":{"line":519,"column":0},"end":{"line":519,"column":85}},"519":{"start":{"line":520,"column":0},"end":{"line":520,"column":76}},"520":{"start":{"line":521,"column":0},"end":{"line":521,"column":3}},"521":{"start":{"line":522,"column":0},"end":{"line":522,"column":27}},"524":{"start":{"line":525,"column":0},"end":{"line":525,"column":94}},"525":{"start":{"line":526,"column":0},"end":{"line":526,"column":3}},"526":{"start":{"line":527,"column":0},"end":{"line":527,"column":68}},"527":{"start":{"line":528,"column":0},"end":{"line":528,"column":29}},"528":{"start":{"line":529,"column":0},"end":{"line":529,"column":31}},"529":{"start":{"line":530,"column":0},"end":{"line":530,"column":24}},"530":{"start":{"line":531,"column":0},"end":{"line":531,"column":181}},"531":{"start":{"line":532,"column":0},"end":{"line":532,"column":10}},"532":{"start":{"line":533,"column":0},"end":{"line":533,"column":7}},"533":{"start":{"line":534,"column":0},"end":{"line":534,"column":5}},"534":{"start":{"line":535,"column":0},"end":{"line":535,"column":3}},"535":{"start":{"line":536,"column":0},"end":{"line":536,"column":51}},"536":{"start":{"line":537,"column":0},"end":{"line":537,"column":44}},"537":{"start":{"line":538,"column":0},"end":{"line":538,"column":3}},"538":{"start":{"line":539,"column":0},"end":{"line":539,"column":27}},"539":{"start":{"line":540,"column":0},"end":{"line":540,"column":57}},"540":{"start":{"line":541,"column":0},"end":{"line":541,"column":3}},"542":{"start":{"line":543,"column":0},"end":{"line":543,"column":30}},"546":{"start":{"line":547,"column":0},"end":{"line":547,"column":67}},"547":{"start":{"line":548,"column":0},"end":{"line":548,"column":53}},"548":{"start":{"line":549,"column":0},"end":{"line":549,"column":9}},"549":{"start":{"line":550,"column":0},"end":{"line":550,"column":22}},"550":{"start":{"line":551,"column":0},"end":{"line":551,"column":15}},"551":{"start":{"line":552,"column":0},"end":{"line":552,"column":28}},"552":{"start":{"line":553,"column":0},"end":{"line":553,"column":5}},"553":{"start":{"line":554,"column":0},"end":{"line":554,"column":33}},"554":{"start":{"line":555,"column":0},"end":{"line":555,"column":55}},"555":{"start":{"line":556,"column":0},"end":{"line":556,"column":40}},"557":{"start":{"line":558,"column":0},"end":{"line":558,"column":33}},"559":{"start":{"line":560,"column":0},"end":{"line":560,"column":43}},"560":{"start":{"line":561,"column":0},"end":{"line":561,"column":30}},"561":{"start":{"line":562,"column":0},"end":{"line":562,"column":5}},"562":{"start":{"line":563,"column":0},"end":{"line":563,"column":7}},"563":{"start":{"line":564,"column":0},"end":{"line":564,"column":21}},"564":{"start":{"line":565,"column":0},"end":{"line":565,"column":1}},"566":{"start":{"line":567,"column":0},"end":{"line":567,"column":79}},"567":{"start":{"line":568,"column":0},"end":{"line":568,"column":47}},"568":{"start":{"line":569,"column":0},"end":{"line":569,"column":1}},"578":{"start":{"line":579,"column":0},"end":{"line":579,"column":83}},"579":{"start":{"line":580,"column":0},"end":{"line":580,"column":26}},"584":{"start":{"line":585,"column":0},"end":{"line":585,"column":43}},"585":{"start":{"line":586,"column":0},"end":{"line":586,"column":26}},"586":{"start":{"line":587,"column":0},"end":{"line":587,"column":100}},"587":{"start":{"line":588,"column":0},"end":{"line":588,"column":56}},"588":{"start":{"line":589,"column":0},"end":{"line":589,"column":105}},"589":{"start":{"line":590,"column":0},"end":{"line":590,"column":7}},"590":{"start":{"line":591,"column":0},"end":{"line":591,"column":7}},"591":{"start":{"line":592,"column":0},"end":{"line":592,"column":3}},"593":{"start":{"line":594,"column":0},"end":{"line":594,"column":71}},"596":{"start":{"line":597,"column":0},"end":{"line":597,"column":34}},"597":{"start":{"line":598,"column":0},"end":{"line":598,"column":106}},"600":{"start":{"line":601,"column":0},"end":{"line":601,"column":71}},"601":{"start":{"line":602,"column":0},"end":{"line":602,"column":1}},"603":{"start":{"line":604,"column":0},"end":{"line":604,"column":63}},"604":{"start":{"line":605,"column":0},"end":{"line":605,"column":42}},"605":{"start":{"line":606,"column":0},"end":{"line":606,"column":27}},"606":{"start":{"line":607,"column":0},"end":{"line":607,"column":1}},"608":{"start":{"line":609,"column":0},"end":{"line":609,"column":72}},"609":{"start":{"line":610,"column":0},"end":{"line":610,"column":45}},"610":{"start":{"line":611,"column":0},"end":{"line":61
[...]
,"column":0},"end":{"line":93,"column":17}},"93":{"start":{"line":94,"column":0},"end":{"line":94,"column":85}},"94":{"start":{"line":95,"column":0},"end":{"line":95,"column":3}},"95":{"start":{"line":96,"column":0},"end":{"line":96,"column":7}},"96":{"start":{"line":97,"column":0},"end":{"line":97,"column":25}},"97":{"start":{"line":98,"column":0},"end":{"line":98,"column":26}},"98":{"start":{"line":99,"column":0},"end":{"line":99,"column":29}},"99":{"start":{"line":100,"column":0},"end":{"line":100,"column":23}},"100":{"start":{"line":101,"column":0},"end":{"line":101,"column":36}},"101":{"start":{"line":102,"column":0},"end":{"line":102,"column":30}},"102":{"start":{"line":103,"column":0},"end":{"line":103,"column":32}},"103":{"start":{"line":104,"column":0},"end":{"line":104,"column":26}},"104":{"start":{"line":105,"column":0},"end":{"line":105,"column":5}},"105":{"start":{"line":106,"column":0},"end":{"line":106,"column":19}},"106":{"start":{"line":107,"column":0},"end":{"line":107,"column":63}},"107":{"start":{"line":108,"column":0},"end":{"line":108,"column":3}},"108":{"start":{"line":109,"column":0},"end":{"line":109,"column":1}},"117":{"start":{"line":118,"column":0},"end":{"line":118,"column":81}},"118":{"start":{"line":119,"column":0},"end":{"line":119,"column":110}},"119":{"start":{"line":120,"column":0},"end":{"line":120,"column":34}},"120":{"start":{"line":121,"column":0},"end":{"line":121,"column":41}},"121":{"start":{"line":122,"column":0},"end":{"line":122,"column":57}},"122":{"start":{"line":123,"column":0},"end":{"line":123,"column":56}},"123":{"start":{"line":124,"column":0},"end":{"line":124,"column":5}},"124":{"start":{"line":125,"column":0},"end":{"line":125,"column":3}},"125":{"start":{"line":126,"column":0},"end":{"line":126,"column":47}},"126":{"start":{"line":127,"column":0},"end":{"line":127,"column":37}},"127":{"start":{"line":128,"column":0},"end":{"line":128,"column":15}},"128":{"start":{"line":129,"column":0},"end":{"line":129,"column":5}},"129":{"start":{"line":130,"column":0},"end":{"line":130,"column":29}},"130":{"start":{"line":131,"column":0},"end":{"line":131,"column":3}},"131":{"start":{"line":132,"column":0},"end":{"line":132,"column":1}},"140":{"start":{"line":141,"column":0},"end":{"line":141,"column":52}},"141":{"start":{"line":142,"column":0},"end":{"line":142,"column":40}},"142":{"start":{"line":143,"column":0},"end":{"line":143,"column":10}},"143":{"start":{"line":144,"column":0},"end":{"line":144,"column":51}},"144":{"start":{"line":145,"column":0},"end":{"line":145,"column":46}},"145":{"start":{"line":146,"column":0},"end":{"line":146,"column":26}},"146":{"start":{"line":147,"column":0},"end":{"line":147,"column":6}},"147":{"start":{"line":148,"column":0},"end":{"line":148,"column":34}},"148":{"start":{"line":149,"column":0},"end":{"line":149,"column":22}},"149":{"start":{"line":150,"column":0},"end":{"line":150,"column":6}},"150":{"start":{"line":151,"column":0},"end":{"line":151,"column":18}},"151":{"start":{"line":152,"column":0},"end":{"line":152,"column":18}},"152":{"start":{"line":153,"column":0},"end":{"line":153,"column":6}},"153":{"start":{"line":154,"column":0},"end":{"line":154,"column":4}},"154":{"start":{"line":155,"column":0},"end":{"line":155,"column":1}},"160":{"start":{"line":161,"column":0},"end":{"line":161,"column":60}},"161":{"start":{"line":162,"column":0},"end":{"line":162,"column":7}},"162":{"start":{"line":163,"column":0},"end":{"line":163,"column":40}},"163":{"start":{"line":164,"column":0},"end":{"line":164,"column":18}},"164":{"start":{"line":165,"column":0},"end":{"line":165,"column":21}},"165":{"start":{"line":166,"column":0},"end":{"line":166,"column":5}},"166":{"start":{"line":167,"column":0},"end":{"line":167,"column":19}},"167":{"start":{"line":168,"column":0},"end":{"line":168,"column":110}},"168":{"start":{"line":169,"column":0},"end":{"line":169,"column":3}},"169":{"start":{"line":170,"column":0},"end":{"line":170,"column":31}},"170":{"start":{"line":171,"column":0},"end":{"line":171,"column":1}},"176":{"start":{"line":177,"column":0},"end":{"line":177,"column":106}},"177":{"start":{"line":178,"column":0},"end":{"line":178,"column":24}},"178":{"start":{"line":179,"column":0},"end":{"line":179,"column":83}},"179":{"start":{"line":180,"column":0},"end":{"line":180,"column":3}},"180":{"start":{"line":181,"column":0},"end":{"line":181,"column":51}},"181":{"start":{"line":182,"column":0},"end":{"line":182,"column":37}},"182":{"start":{"line":183,"column":0},"end":{"line":183,"column":3}},"183":{"start":{"line":184,"column":0},"end":{"line":184,"column":14}},"184":{"start":{"line":185,"column":0},"end":{"line":185,"column":1}}},"s":{"1":1,"7":1,"8":1,"9":1,"10":1,"11":1,"13":1,"16":1,"19":1,"20":1,"27":1,"28":138,"29":138,"35":1,"36":235,"37":235,"43":535,"44":535,"45":535,"46":535,"47":535,"48":535,"49":1,"50":1,"51":534,"52":534,"53":535,"54":531,"55":535,"56":1,"57":3,"58":1,"59":1,"60":535,"61":33,"62":33,"63":535,"64":9,"65":9,"66":501,"67":501,"72":565,"73":565,"74":1,"75":1,"76":564,"77":565,"78":562,"79":562,"80":1,"81":1,"82":565,"83":1,"84":1,"85":1,"86":565,"91":39,"92":39,"93":1,"94":1,"95":38,"96":39,"97":1,"98":39,"99":1,"100":37,"101":34,"102":36,"103":1,"104":1,"105":39,"106":1,"107":1,"108":39,"117":4,"118":4,"119":4,"120":3,"121":4,"122":4,"123":4,"124":3,"125":4,"126":28,"127":4,"128":4,"129":24,"130":24,"131":4,"140":1,"141":5,"142":5,"143":5,"144":5,"145":12,"146":12,"147":5,"148":17,"149":17,"150":5,"151":1,"152":1,"153":5,"154":5,"160":1,"161":6,"162":6,"163":6,"164":4,"165":4,"166":6,"167":1,"168":1,"169":2,"170":2,"176":1,"177":106,"178":1,"179":1,"180":106,"181":3,"182":3,"183":102,"184":102},"branchMap":{"0":{"type":"branch","line":28,"loc":{"start":{"line":28,"column":7},"end":{"line":30,"column":1}},"locations":[{"start":{"line":28,"column":7},"end":{"line":30,"column":1}}]},"1":{"type":"branch","line":29,"loc":{"start":{"line":29,"column":23},"end":{"line":29,"column":68}},"locations":[{"start":{"line":29,"column":23},"end":{"line":29,"column":68}}]},"2":{"type":"branch","line":29,"loc":{"start":{"line":29,"column":53},"end":{"line":29,"column":110}},"locations":[{"start":{"line":29,"column":53},"end":{"line":29,"column":110}}]},"3":{"type":"branch","line":36,"loc":{"start":{"line":36,"column":7},"end":{"line":38,"column":1}},"locations":[{"start":{"line":36,"column":7},"end":{"line":38,"column":1}}]},"4":{"type":"branch","line":37,"loc":{"start":{"line":37,"column":23},"end":{"line":37,"column":67}},"locations":[{"start":{"line":37,"column":23},"end":{"line":37,"column":67}}]},"5":{"type":"branch","line":37,"loc":{"start":{"line":37,"column":53},"end":{"line":37,"column":108}},"locations":[{"start":{"line":37,"column":53},"end":{"line":37,"column":108}}]},"6":{"type":"branch","line":44,"loc":{"start":{"line":44,"column":0},"end":{"line":68,"column":1}},"locations":[{"start":{"line":44,"column":0},"end":{"line":68,"column":1}}]},"7":{"type":"branch","line":49,"loc":{"start":{"line":49,"column":16},"end":{"line":51,"column":3}},"locations":[{"start":{"line":49,"column":16},"end":{"line":51,"column":3}}]},"8":{"type":"branch","line":51,"loc":{"start":{"line":51,"column":2},"end":{"line":54,"column":25}},"locations":[{"start":{"line":51,"column":2},"end":{"line":54,"column":25}}]},"9":{"type":"branch","line":54,"loc":{"start":{"line":54,"column":25},"end":{"line":56,"column":15}},"locations":[{"start":{"line":54,"column":25},"end":{"line":56,"column":15}}]},"10":{"type":"branch","line":55,"loc":{"start":{"line":55,"column":38},"end":{"line":56,"column":15}},"locations":[{"start":{"line":55,"column":38},"end":{"line":56,"column":15}}]},"11":{"type":"branch","line":56,"loc":{"start":{"line":56,"column":4},"end":{"line":60,"column":5}},"locations":[{"start":{"line":56,"column":4},"end":{"line":60,"column":5}}]},"12":{"type":"branch","line":56,"loc":{"start":{"line":56,"column":28},"end":{"line":58,"column":15}},"locations":[{"start":{"line":56,"column":28},"end":{"line":58,"column":15}}]},"13":{"type":"branch","line":58,"loc":{"start":{"line":58,"column":4},"end":{"line":60,"column":5}},"locations":[{"start":{"line":58,"column":4},"end":{"line":60,"column":5}}]},"14":{"type":"branch","line":58,"loc":{"start":{"line":58,"column":34},"end":{"line":60,"column":5}},"locations":[{"start":{"line":58,"column":34},"end":{"line":60,"column":5}}]},"15":{"type":"branch","line":60,"loc":{"start":{"line":60,"column":4},"end":{"line":61,"column":14}},"locations":[{"start":{"line":60,"column":4},"end":{"line":61,"column":14}}]},"16":{"type":"branch","line":61,"loc":{"start":{"line":61,"column":14},"end":{"line":63,"column":5}},"locations":[{"start":{"line":61,"column":14},"end":{"line":63,"column":5}}]},"17":{"type":"branch","line":62,"loc":{"start":{"line":62,"column":13},"end":{"line":62,"column":45}},"locations":[{"start":{"line":62,"column":13},"end":{"line":62,"column":45}}]},"18":{"type":"branch","line":62,"loc":{"start":{"line":62,"column":41},"end":{"line":62,"column":50}},"locations":[{"start":{"line":62,"column":41},"end":{"line":62,"column":50}}]},"19":{"type":"branch","line":64,"loc":{"start":{"line":64,"column":2},"end":{"line":66,"column":3}},"locations":[{"start":{"line":64,"column":2},"end":{"line":66,"column":3}}]},"20":{"type":"branch","line":66,"loc":{"start":{"line":66,"column":2},"end":{"line":68,"column":1}},"locations":[{"start":{"line":66,"column":2},"end":{"line":68,"column":1}}]},"21":{"type":"branch","line":73,"loc":{"start":{"line":73,"column":0},"end":{"line":87,"column":1}},"locations":[{"start":{"line":73,"column":0},"end":{"line":87,"column":1}}]},"22":{"type":"branch","line":74,"loc":{"start":{"line":74,"column":16},"end":{"line":76,"column":3}},"locations":[{"start":{"line":74,"column":16},"end":{"line":76,"column":3}}]},"23":{"type":"branch","line":76,"loc":{"start":{"line":76,"column":2},"end":{"line":78,"column":25}},"locations":[{"start":{"line":76,"column":2},"end":{"line":78,"column":25}}]},"24":{"type":"branch","line":78,"loc":{"start":{"line":78,"column":25},"end":{"line":82,"column":5}},"locations":[{"start":{"line":78,"column":25},"end":{"line":82,"column":5}}]},"25":{"type":"branch","line":80,"loc":{"start":{"line":80,"column":4},"end":{"line":82,"column":5}},"locations":[{"start":{"line":80,"column":4},"end":{"line":82,"column":5}}]},"26":{"type":"branch","line":80,"loc":{"start":{"line":80,"column":28},"end":{"line":82,"column":5}},"locations":[{"start":{"line":80,"column":28},"end":{"line":82,"column":5}}]},"27":{"type":"branch","line":83,"loc":{"start":{"line":83,"column":2},"end":{"line":86,"column":3}},"locations":[{"start":{"line":83,"column":2},"end":{"line":86,"column":3}}]},"28":{"type":"branch","line":92,"loc":{"start":{"line":92,"column":0},"end":{"line":109,"column":1}},"locations":[{"start":{"line":92,"column":0},"end":{"line":109,"column":1}}]},"29":{"type":"branch","line":93,"loc":{"start":{"line":93,"column":16},"end":{"line":95,"column":3}},"locations":[{"start":{"line":93,"column":16},"end":{"line":95,"column":3}}]},"30":{"type":"branch","line":95,"loc":{"start":{"line":95,"column":2},"end":{"line":97,"column":24}},"locations":[{"start":{"line":95,"column":2},"end":{"line":97,"column":24}}]},"31":{"type":"branch","line":97,"loc":{"start":{"line":97,"column":24},"end":{"line":99,"column":15}},"locations":[{"start":{"line":97,"column":24},"end":{"line":99,"column":15}}]},"32":{"type":"branch","line":99,"loc":{"start":{"line":99,"column":4},"end":{"line":105,"column":5}},"locations":[{"start":{"line":99,"column":4},"end":{"line":105,"column":5}}]},"33":{"type":"branch","line":99,"loc":{"start":{"line":99,"column":28},"end":{"line":101,"column":15}},"locations":[{"start":{"line":99,"column":28},"end":{"line":101,"column":15}}]},"34":{"type":"branch","line":101,"loc":{"start":{"line":101,"column":4},"end":{"line":105,"column":5}},"locations":[{"start":{"line":101,"column":4},"end":{"line":105,"column":5}}]},"35":{"type":"branch","line":101,"loc":{"start":{"line":101,"column":35},"end":{"line":103,"column":15}},"locations":[{"start":{"line":101,"column":35},"end":{"line":103,"column":15}}]},"36":{"type":"branch","line":103,"loc":{"start":{"line":103,"column":4},"end":{"line":105,"column":5}},"locations":[{"start":{"line":103,"column":4},"end":{"line":105,"column":5}}]},"37":{"type":"branch","line":103,"loc":{"start":{"line":103,"column":31},"end":{"line":105,"column":5}},"locations":[{"start":{"line":103,"column":31},"end":{"line":105,"column":5}}]},"38":{"type":"branch","line":106,"loc":{"start":{"line":106,"column":2},"end":{"line":108,"column":3}},"locations":[{"start":{"line":106,"column":2},"end":{"line":108,"column":3}}]},"39":{"type":"branch","line":118,"loc":{"start":{"line":118,"column":0},"end":{"line":132,"column":1}},"locations":[{"start":{"line":118,"column":0},"end":{"line":132,"column":1}}]},"40":{"type":"branch","line":120,"loc":{"start":{"line":120,"column":33},"end":{"line":125,"column":3}},"locations":[{"start":{"line":120,"column":33},"end":{"line":125,"column":3}}]},"41":{"type":"branch","line":121,"loc":{"start":{"line":121,"column":40},"end":{"line":124,"column":5}},"locations":[{"start":{"line":121,"column":40},"end":{"line":124,"column":5}}]},"42":{"type":"branch","line":126,"loc":{"start":{"line":126,"column":46},"end":{"line":131,"column":3}},"locations":[{"start":{"line":126,"column":46},"end":{"line":131,"column":3}}]},"43":{"type":"branch","line":127,"loc":{"start":{"line":127,"column":36},"end":{"line":129,"column":5}},"locations":[{"start":{"line":127,"column":36},"end":{"line":129,"column":5}}]},"44":{"type":"branch","line":129,"loc":{"start":{"line":129,"column":4},"end":{"line":131,"column":3}},"locations":[{"start":{"line":129,"column":4},"end":{"line":131,"column":3}}]},"45":{"type":"branch","line":141,"loc":{"start":{"line":141,"column":7},"end":{"line":155,"column":1}},"locations":[{"start":{"line":141,"column":7},"end":{"line":155,"column":1}}]},"46":{"type":"branch","line":144,"loc":{"start":{"line":144,"column":13},"end":{"line":144,"column":51}},"locations":[{"start":{"line":144,"column":13},"end":{"line":144,"column":51}}]},"47":{"type":"branch","line":144,"loc":{"start":{"line":144,"column":41},"end":{"line":144,"column":51}},"locations":[{"start":{"line":144,"column":41},"end":{"line":144,"column":51}}]},"48":{"type":"branch","line":145,"loc":{"start":{"line":145,"column":13},"end":{"line":147,"column":6}},"locations":[{"start":{"line":145,"column":13},"end":{"line":147,"column":6}}]},"49":{"type":"branch","line":148,"loc":{"start":{"line":148,"column":16},"end":{"line":150,"column":6}},"locations":[{"start":{"line":148,"column":16},"end":{"line":150,"column":6}}]},"50":{"type":"branch","line":151,"loc":{"start":{"line":151,"column":11},"end":{"line":153,"column":6}},"locations":[{"start":{"line":151,"column":11},"end":{"line":153,"column":6}}]},"51":{"type":"branch","line":161,"loc":{"start":{"line":161,"column":7},"end":{"line":171,"column":1}},"locations":[{"start":{"line":161,"column":7},"end":{"line":171,"column":1}}]},"52":{"type":"branch","line":164,"loc":{"start":{"line":164,"column":17},"end":{"line":166,"column":5}},"locations":[{"start":{"line":164,"column":17},"end":{"line":166,"column":5}}]},"53":{"type":"branch","line":167,"loc":{"start":{"line":167,"column":2},"end":{"line":171,"column":1}},"locations":[{"start":{"line":167,"column":2},"end":{"line":171,"column":1}}]},"54":{"type":"branch","line":167,"loc":{"start":{"line":167,"column":2},"end":{"line":169,"column":3}},"locations":[{"start":{"line":167,"column":2},"end":{"line":169,"column":3}}]},"55":{"type":"branch","line":169,"loc":{"start":{"line":169,"column":2},"end":{"line":171,"column":1}},"locations":[{"start":{"line":169,"column":2},"end":{"line":171,"column":1}}]},"56":{"type":"branch","line":177,"loc":{"start":{"line":177,"column":7},"end":{"line":185,"column":1}},"locations":[{"start":{"line":177,"column":7},"end":{"line":185,"column":1}}]},"57":{"type":"branch","line":178,"loc":{"start":{"line":178,"column":23},"end":{"line":180,"column":3}},"locations":[{"start":{"line":178,"column":23},"end":{"line":180,"column":3}}]},"58":{"type":"branch","line":180,"loc":{"start":{"line":180,"column":2},"end":{"line":181,"column":50}},"locations":[{"start":{"line":180,"column":2},"end":{"line":181,"column":50}}]},"59":{"type":"branch","line":181,"loc":{"start":{"line":181,"column":50},"end":{"line":185,"column":1}},"locations":[{"start":{"line":181,"column":50},"end":{"line":185,"column":1}}]},"60":{"type":"branch","line":181,"loc":{"start":{"line":181,"column":50},"end":{"line":183,"column":3}},"locations":[{"start":{"line":181,"column":50},"end":{"line":183,"column":3}}]},"61":{"type":"branch","line":183,"loc":{"start":{"line":183,"column":2},"end":{"line":185,"column":1}},"locations":[{"start":{"line":183,"column":2},"end":{"line":185,"column":1}}]}},"b":{"0":[138],"1":[127],"2":[11],"3":[235],"4":[225],"5":[10],"6":[535],"7":[1],"8":[534],"9":[531],"10":[522],"11":[3],"12":[1],"13":[2],"14":[1],"15":[525],"16":[33],"17":[19],"18":[14],"19":[9],"20":[501],"21":[565],"22":[1],"23":[564],"24":[562],"25":[2],"26":[1],"27":[1],"28":[39],"29":[1],"30":[38],"31":[1],"32":[37],"33":[1],"34":[36],"35":[34],"36":[2],"37":[1],"38":[1],"39":[4],"40":[3],"41":[4],"42":[28],"43":[4],"44":[24],"45":[5],"46":[16],"47":[11],"48":[12],"49":[17],"50":[1],"51":[6],"52":[4],"53":[3],"54":[1],"55":[2],"56":[106],"57":[1],"58":[105],"59":[104],"60":[3],"61":[102]},"fnMap":{"0":{"name":"translationsKeyFor","decl":{"start":{"line":28,"column":7},"end":{"line":30,"column":1}},"loc":{"start":{"line":28,"column":7},"end":{"line":30,"column":1}},"line":28},"1":{"name":"lastRefreshKeyFor","decl":{"start":{"line":36,"column":7},"end":{"line":38,"column":1}},"loc":{"start":{"line":36,"column":7},"end":{"line":38,"column":1}},"line":36},"2":{"name":"getItem","decl":{"start":{"line":44,"column":0},"end":{"line":68,"column":1}},"loc":{"start":{"line":44,"column":0},"end":{"line":68,"column":1}},"line":44},"3":{"name":"setItem","decl":{"start":{"line":73,"column":0},"end":{"line":87,"column":1}},"loc":{"start":{"line":73,"column":0},"end":{"line":87,"column":1}},"line":73},"4":{"name":"deleteItem","decl":{"start":{"line":92,"column":0},"end":{"line":109,"column":1}},"loc":{"start":{"line":92,"column":0},"end":{"line":109,"column":1}},"line":92},"5":{"name":"clearI18nKeylessStorage","decl":{"start":{"line":118,"column":0},"end":{"line":132,"column":1}},"loc":{"start":{"line":118,"column":0},"end":{"line":132,"column":1}},"line":118},"6":{"name":"createMemoryStorage","decl":{"start":{"line":141,"column":7},"end":{"line":155,"column":1}},"loc":{"start":{"line":141,"column":7},"end":{"line":155,"column":1}},"line":141},"7":{"name":"getItem","decl":{"start":{"line":144,"column":13},"end":{"line":144,"column":51}},"loc":{"start":{"line":144,"column":13},"end":{"line":144,"column":51}},"line":144},"8":{"name":"setItem","decl":{"start":{"line":145,"column":13},"end":{"line":147,"column":6}},"loc":{"start":{"line":145,"column":13},"end":{"line":147,"column":6}},"line":145},"9":{"name":"removeItem","decl":{"start":{"line":148,"column":16},"end":{"line":150,"column":6}},"loc":{"start":{"line":148,"column":16},"end":{"line":150,"column":6}},"line":148},"10":{"name":"clear","decl":{"start":{"line":151,"column":11},"end":{"line":153,"column":6}},"loc":{"start":{"line":151,"column":11},"end":{"line":153,"column":6}},"line":151},"11":{"name":"createDefaultBrowserStorage","decl":{"start":{"line":161,"column":7},"end":{"line":171,"column":1}},"loc":{"start":{"line":161,"column":7},"end":{"line":171,"column":1}},"line":161},"12":{"name":"validateLanguage","decl":{"start":{"line":177,"column":7},"end":{"line":185,"column":1}},"loc":{"start":{"line":177,"column":7},"end":{"line":185,"column":1}},"line":177}},"f":{"0":138,"1":235,"2":535,"3":565,"4":39,"5":4,"6":5,"7":16,"8":12,"9":17,"10":1,"11":6,"12":106}}
}
