{"/Users/arnaudambroselli/Pro/2025-02-070_Bibi_Translation/i18n-keyless-lib/packages/react/I18nKeylessProvider.tsx": {"path":"/Users/arnaudambroselli/Pro/2025-02-070_Bibi_Translation/i18n-keyless-lib/packages/react/I18nKeylessProvider.tsx","all":false,"statementMap":{"0":{"start":{"line":1,"column":0},"end":{"line":1,"column":68}},"2":{"start":{"line":3,"column":0},"end":{"line":3,"column":44}},"15":{"start":{"line":16,"column":0},"end":{"line":16,"column":79}},"21":{"start":{"line":22,"column":0},"end":{"line":22,"column":73}},"22":{"start":{"line":23,"column":0},"end":{"line":23,"column":40}},"23":{"start":{"line":24,"column":0},"end":{"line":24,"column":1}},"56":{"start":{"line":57,"column":0},"end":{"line":57,"column":110}},"59":{"start":{"line":60,"column":0},"end":{"line":60,"column":19}},"60":{"start":{"line":61,"column":0},"end":{"line":61,"column":41}},"61":{"start":{"line":62,"column":0},"end":{"line":62,"column":28}},"62":{"start":{"line":63,"column":0},"end":{"line":63,"column":63}},"63":{"start":{"line":64,"column":0},"end":{"line":64,"column":8}},"64":{"start":{"line":65,"column":0},"end":{"line":65,"column":27}},"66":{"start":{"line":67,"column":0},"end":{"line":67,"column":110}},"67":{"start":{"line":68,"column":0},"end":{"line":68,"column":2}}},"s":{"0":1,"2":1,"15":1,"21":1,"22":20,"23":20,"56":1,"59":5,"60":5,"61":0,"62":0,"63":5,"64":5,"66":5,"67":5},"branchMap":{"0":{"type":"branch","line":22,"loc":{"start":{"line":22,"column":7},"end":{"line":24,"column":1}},"locations":[{"start":{"line":22,"column":7},"end":{"line":24,"column":1}}]},"1":{"type":"branch","line":57,"loc":{"start":{"line":57,"column":71},"end":{"line":68,"column":2}},"locations":[{"start":{"line":57,"column":71},"end":{"line":68,"column":2}}]},"2":{"type":"branch","line":60,"loc":{"start":{"line":60,"column":12},"end":{"line":65,"column":5}},"locations":[{"start":{"line":60,"column":12},"end":{"line":65,"column":5}}]}},"b":{"0":[20],"1":[5],"2":[5]},"fnMap":{"0":{"name":"useI18nKeylessContext","decl":{"start":{"line":22,"column":7},"end":{"line":24,"column":1}},"loc":{"start":{"line":22,"column":7},"end":{"line":24,"column":1}},"line":22},"1":{"name":"I18nKeylessProvider","decl":{"start":{"line":57,"column":71},"end":{"line":68,"column":2}},"loc":{"start":{"line":57,"column":71},"end":{"line":68,"column":2}},"line":57}},"f":{"0":20,"1":5}}
,"/Users/arnaudambroselli/Pro/2025-02-070_Bibi_Translation/i18n-keyless-lib/packages/react/I18nKeylessText.tsx": {"path":"/Users/arnaudambroselli/Pro/2025-02-070_Bibi_Translation/i18n-keyless-lib/packages/react/I18nKeylessText.tsx","all":false,"statementMap":{"0":{"start":{"line":1,"column":0},"end":{"line":1,"column":50}},"2":{"start":{"line":3,"column":0},"end":{"line":3,"column":60}},"3":{"start":{"line":4,"column":0},"end":{"line":4,"column":66}},"4":{"start":{"line":5,"column":0},"end":{"line":5,"column":68}},"54":{"start":{"line":55,"column":0},"end":{"line":55,"column":47}},"55":{"start":{"line":56,"column":0},"end":{"line":56,"column":71}},"56":{"start":{"line":57,"column":0},"end":{"line":57,"column":17}},"57":{"start":{"line":58,"column":0},"end":{"line":58,"column":85}},"59":{"start":{"line":60,"column":0},"end":{"line":60,"column":6}},"60":{"start":{"line":61,"column":0},"end":{"line":61,"column":3}},"61":{"start":{"line":62,"column":0},"end":{"line":62,"column":2}},"63":{"start":{"line":64,"column":0},"end":{"line":64,"column":65}},"64":{"start":{"line":65,"column":0},"end":{"line":65,"column":11}},"65":{"start":{"line":66,"column":0},"end":{"line":66,"column":10}},"66":{"start":{"line":67,"column":0},"end":{"line":67,"column":10}},"67":{"start":{"line":68,"column":0},"end":{"line":68,"column":12}},"68":{"start":{"line":69,"column":0},"end":{"line":69,"column":23}},"69":{"start":{"line":70,"column":0},"end":{"line":70,"column":16}},"70":{"start":{"line":71,"column":0},"end":{"line":71,"column":17}},"71":{"start":{"line":72,"column":0},"end":{"line":72,"column":16}},"72":{"start":{"line":73,"column":0},"end":{"line":73,"column":7}},"73":{"start":{"line":74,"column":0},"end":{"line":74,"column":74}},"74":{"start":{"line":75,"column":0},"end":{"line":75,"column":80}},"75":{"start":{"line":76,"column":0},"end":{"line":76,"column":57}},"81":{"start":{"line":82,"column":0},"end":{"line":82,"column":68}},"82":{"start":{"line":83,"column":0},"end":{"line":83,"column":71}},"83":{"start":{"line":84,"column":0},"end":{"line":84,"column":69}},"86":{"start":{"line":87,"column":0},"end":{"line":87,"column":87}},"87":{"start":{"line":88,"column":0},"end":{"line":88,"column":36}},"89":{"start":{"line":90,"column":0},"end":{"line":90,"column":19}},"90":{"start":{"line":91,"column":0},"end":{"line":91,"column":33}},"91":{"start":{"line":92,"column":0},"end":{"line":92,"column":16}},"93":{"start":{"line":94,"column":0},"end":{"line":94,"column":19}},"94":{"start":{"line":95,"column":0},"end":{"line":95,"column":116}},"95":{"start":{"line":96,"column":0},"end":{"line":96,"column":117}},"97":{"start":{"line":98,"column":0},"end":{"line":98,"column":72}},"100":{"start":{"line":101,"column":0},"end":{"line":101,"column":28}},"104":{"start":{"line":105,"column":0},"end":{"line":105,"column":24}},"105":{"start":{"line":106,"column":0},"end":{"line":106,"column":112}},"106":{"start":{"line":107,"column":0},"end":{"line":107,"column":114}},"107":{"start":{"line":108,"column":0},"end":{"line":108,"column":35}},"108":{"start":{"line":109,"column":0},"end":{"line":109,"column":19}},"109":{"start":{"line":110,"column":0},"end":{"line":110,"column":28}},"110":{"start":{"line":111,"column":0},"end":{"line":111,"column":5}},"114":{"start":{"line":115,"column":0},"end":{"line":115,"column":40}},"115":{"start":{"line":116,"column":0},"end":{"line":116,"column":63}},"116":{"start":{"line":117,"column":0},"end":{"line":117,"column":17}},"118":{"start":{"line":119,"column":0},"end":{"line":119,"column":43}},"121":{"start":{"line":122,"column":0},"end":{"line":122,"column":83}},"122":{"start":{"line":123,"column":0},"end":{"line":123,"column":32}},"124":{"start":{"line":125,"column":0},"end":{"line":125,"column":14}},"125":{"start":{"line":126,"column":0},"end":{"line":126,"column":17}},"126":{"start":{"line":127,"column":0},"end":{"line":127,"column":15}},"127":{"start":{"line":128,"column":0},"end":{"line":128,"column":17}},"128":{"start":{"line":129,"column":0},"end":{"line":129,"column":22}},"129":{"start":{"line":130,"column":0},"end":{"line":130,"column":21}},"130":{"start":{"line":131,"column":0},"end":{"line":131,"column":16}},"131":{"start":{"line":132,"column":0},"end":{"line":132,"column":14}},"132":{"start":{"line":133,"column":0},"end":{"line":133,"column":14}},"133":{"start":{"line":134,"column":0},"end":{"line":134,"column":21}},"134":{"start":{"line":135,"column":0},"end":{"line":135,"column":20}},"135":{"start":{"line":136,"column":0},"end":{"line":136,"column":7}},"136":{"start":{"line":137,"column":0},"end":{"line":137,"column":3}},"137":{"start":{"line":138,"column":0},"end":{"line":138,"column":76}},"138":{"start":{"line":139,"column":0},"end":{"line":139,"column":2}}},"s":{"0":1,"2":1,"3":1,"4":1,"54":1,"55":20,"56":1,"57":1,"59":1,"60":1,"61":20,"63":1,"64":20,"65":20,"66":20,"67":20,"68":20,"69":20,"70":20,"71":20,"72":20,"73":20,"74":20,"75":20,"81":20,"82":20,"83":20,"86":20,"87":20,"89":20,"90":20,"91":20,"93":20,"94":20,"95":20,"97":20,"100":20,"104":20,"105":20,"106":20,"107":20,"108":20,"109":17,"110":17,"114":3,"115":3,"116":3,"118":3,"121":3,"122":20,"124":20,"125":1,"126":1,"127":1,"128":1,"129":1,"130":1,"131":1,"132":1,"133":1,"134":1,"135":1,"136":1,"137":20,"138":20},"branchMap":{"0":{"type":"branch","line":55,"loc":{"start":{"line":55,"column":28},"end":{"line":62,"column":2}},"locations":[{"start":{"line":55,"column":28},"end":{"line":62,"column":2}}]},"1":{"type":"branch","line":56,"loc":{"start":{"line":56,"column":31},"end":{"line":56,"column":70}},"locations":[{"start":{"line":56,"column":31},"end":{"line":56,"column":70}}]},"2":{"type":"branch","line":56,"loc":{"start":{"line":56,"column":70},"end":{"line":61,"column":3}},"locations":[{"start":{"line":56,"column":70},"end":{"line":61,"column":3}}]},"3":{"type":"branch","line":64,"loc":{"start":{"line":64,"column":63},"end":{"line":139,"column":2}},"locations":[{"start":{"line":64,"column":63},"end":{"line":139,"column":2}}]},"4":{"type":"branch","line":82,"loc":{"start":{"line":82,"column":45},"end":{"line":82,"column":68}},"locations":[{"start":{"line":82,"column":45},"end":{"line":82,"column":68}}]},"5":{"type":"branch","line":83,"loc":{"start":{"line":83,"column":23},"end":{"line":83,"column":53}},"locations":[{"start":{"line":83,"column":23},"end":{"line":83,"column":53}}]},"6":{"type":"branch","line":83,"loc":{"start":{"line":83,"column":37},"end":{"line":83,"column":71}},"locations":[{"start":{"line":83,"column":37},"end":{"line":83,"column":71}}]},"7":{"type":"branch","line":84,"loc":{"start":{"line":84,"column":26},"end":{"line":84,"column":48}},"locations":[{"start":{"line":84,"column":26},"end":{"line":84,"column":48}}]},"8":{"type":"branch","line":84,"loc":{"start":{"line":84,"column":40},"end":{"line":84,"column":69}},"locations":[{"start":{"line":84,"column":40},"end":{"line":84,"column":69}}]},"9":{"type":"branch","line":87,"loc":{"start":{"line":87,"column":40},"end":{"line":87,"column":64}},"locations":[{"start":{"line":87,"column":40},"end":{"line":87,"column":64}}]},"10":{"type":"branch","line":87,"loc":{"start":{"line":87,"column":71},"end":{"line":87,"column":85}},"locations":[{"start":{"line":87,"column":71},"end":{"line":87,"column":85}}]},"11":{"type":"branch","line":98,"loc":{"start":{"line":98,"column":21},"end":{"line":98,"column":61}},"locations":[{"start":{"line":98,"column":21},"end":{"line":98,"column":61}}]},"12":{"type":"branch","line":98,"loc":{"start":{"line":98,"column":56},"end":{"line":98,"column":72}},"locations":[{"start":{"line":98,"column":56},"end":{"line":98,"column":72}}]},"13":{"type":"branch","line":106,"loc":{"start":{"line":106,"column":4},"end":{"line":106,"column":69}},"locations":[{"start":{"line":106,"column":4},"end":{"line":106,"column":69}}]},"14":{"type":"branch","line":106,"loc":{"start":{"line":106,"column":59},"end":{"line":106,"column":86}},"locations":[{"start":{"line":106,"column":59},"end":{"line":106,"column":86}}]},"15":{"type":"branch","line":106,"loc":{"start":{"line":106,"column":69},"end":{"line":106,"column":112}},"locations":[{"start":{"line":106,"column":69},"end":{"line":106,"column":112}}]},"16":{"type":"branch","line":107,"loc":{"start":{"line":107,"column":45},"end":{"line":107,"column":75}},"locations":[{"start":{"line":107,"column":45},"end":{"line":107,"column":75}}]},"17":{"type":"branch","line":107,"loc":{"start":{"line":107,"column":62},"end":{"line":107,"column":114}},"locations":[{"start":{"line":107,"column":62},"end":{"line":107,"column":114}}]},"18":{"type":"branch","line":107,"loc":{"start":{"line":107,"column":98},"end":{"line":107,"column":114}},"locations":[{"start":{"line":107,"column":98},"end":{"line":107,"column":114}}]},"19":{"type":"branch","line":125,"loc":{"start":{"line":125,"column":13},"end":{"line":137,"column":3}},"locations":[{"start":{"line":125,"column":13},"end":{"line":137,"column":3}}]},"20":{"type":"branch","line":74,"loc":{"start":{"line":74,"column":43},"end":{"line":74,"column":72}},"locations":[{"start":{"line":74,"column":43},"end":{"line":74,"column":72}}]},"21":{"type":"branch","line":75,"loc":{"start":{"line":75,"column":46},"end":{"line":75,"column":78}},"locations":[{"start":{"line":75,"column":46},"end":{"line":75,"column":78}}]},"22":{"type":"branch","line":76,"loc":{"start":{"line":76,"column":32},"end":{"line":76,"column":55}},"locations":[{"start":{"line":76,"column":32},"end":{"line":76,"column":55}}]},"23":{"type":"branch","line":90,"loc":{"start":{"line":90,"column":12},"end":{"line":92,"column":5}},"locations":[{"start":{"line":90,"column":12},"end":{"line":92,"column":5}}]},"24":{"type":"branch","line":94,"loc":{"start":{"line":94,"column":12},"end":{"line":96,"column":5}},"locations":[{"start":{"line":94,"column":12},"end":{"line":96,"column":5}}]},"25":{"type":"branch","line":108,"loc":{"start":{"line":108,"column":28},"end":{"line":123,"column":5}},"locations":[{"start":{"line":108,"column":28},"end":{"line":123,"column":5}}]},"26":{"type":"branch","line":109,"loc":{"start":{"line":109,"column":18},"end":{"line":111,"column":5}},"locations":[{"start":{"line":109,"column":18},"end":{"line":111,"column":5}}]},"27":{"type":"branch","line":111,"loc":{"start":{"line":111,"column":4},"end":{"line":122,"column":83}},"locations":[{"start":{"line":111,"column":4},"end":{"line":122,"column":83}}]},"28":{"type":"branch","line":116,"loc":{"start":{"line":116,"column":11},"end":{"line":116,"column":62}},"locations":[{"start":{"line":116,"column":11},"end":{"line":116,"column":62}}]},"29":{"type":"branch","line":122,"loc":{"start":{"line":122,"column":41},"end":{"line":122,"column":81}},"locations":[{"start":{"line":122,"column":41},"end":{"line":122,"column":81}}]},"30":{"type":"branch","line":122,"loc":{"start":{"line":122,"column":69},"end":{"line":122,"column":81}},"locations":[{"start":{"line":122,"column":69},"end":{"line":122,"column":81}}]}},"b":{"0":[20],"1":[1],"2":[1],"3":[20],"4":[15],"5":[5],"6":[15],"7":[5],"8":[15],"9":[0],"10":[0],"11":[2],"12":[18],"13":[4],"14":[3],"15":[17],"16":[10],"17":[10],"18":[2],"19":[1],"20":[20],"21":[20],"22":[20],"23":[20],"24":[20],"25":[20],"26":[17],"27":[3],"28":[4],"29":[4],"30":[0]},"fnMap":{"0":{"name":"warnAboutWhitespace","decl":{"start":{"line":55,"column":28},"end":{"line":62,"column":2}},"loc":{"start":{"line":55,"column":28},"end":{"line":62,"column":2}},"line":55},"1":{"name":"I18nKeylessText","decl":{"start":{"line":64,"column":63},"end":{"line":139,"column":2}},"loc":{"start":{"line":64,"column":63},"end":{"line":139,"column":2}},"line":64}},"f":{"0":20,"1":20}}
,"/Users/arnaudambroselli/Pro/2025-02-070_Bibi_Translation/i18n-keyless-lib/packages/react/eslint.config.js": {"path":"/Users/arnaudambroselli/Pro/2025-02-070_Bibi_Translation/i18n-keyless-lib/packages/react/eslint.config.js","all":true,"statementMap":{"0":{"start":{"line":1,"column":0},"end":{"line":1,"column":28}},"1":{"start":{"line":2,"column":0},"end":{"line":2,"column":30}},"2":{"start":{"line":3,"column":0},"end":{"line":3,"column":51}},"3":{"start":{"line":4,"column":0},"end":{"line":4,"column":55}},"4":{"start":{"line":5,"column":0},"end":{"line":5,"column":41}},"6":{"start":{"line":7,"column":0},"end":{"line":7,"column":31}},"7":{"start":{"line":8,"column":0},"end":{"line":8,"column":24}},"8":{"start":{"line":9,"column":0},"end":{"line":9,"column":3}},"9":{"start":{"line":10,"column":0},"end":{"line":10,"column":71}},"10":{"start":{"line":11,"column":0},"end":{"line":11,"column":29}},"11":{"start":{"line":12,"column":0},"end":{"line":12,"column":22}},"12":{"start":{"line":13,"column":0},"end":{"line":13,"column":24}},"13":{"start":{"line":14,"column":0},"end":{"line":14,"column":31}},"14":{"start":{"line":15,"column":0},"end":{"line":15,"column":6}},"15":{"start":{"line":16,"column":0},"end":{"line":16,"column":14}},"16":{"start":{"line":17,"column":0},"end":{"line":17,"column":32}},"17":{"start":{"line":18,"column":0},"end":{"line":18,"column":36}},"18":{"start":{"line":19,"column":0},"end":{"line":19,"column":6}},"19":{"start":{"line":20,"column":0},"end":{"line":20,"column":12}},"20":{"start":{"line":21,"column":0},"end":{"line":21,"column":46}},"21":{"start":{"line":22,"column":0},"end":{"line":22,"column":47}},"22":{"start":{"line":23,"column":0},"end":{"line":23,"column":15}},"23":{"start":{"line":24,"column":0},"end":{"line":24,"column":38}},"24":{"start":{"line":25,"column":0},"end":{"line":25,"column":8}},"25":{"start":{"line":26,"column":0},"end":{"line":26,"column":49}},"26":{"start":{"line":27,"column":0},"end":{"line":27,"column":6}},"27":{"start":{"line":28,"column":0},"end":{"line":28,"column":3}},"28":{"start":{"line":29,"column":0},"end":{"line":29,"column":2}}},"s":{"0":0,"1":0,"2":0,"3":0,"4":0,"6":0,"7":0,"8":0,"9":0,"10":0,"11":0,"12":0,"13":0,"14":0,"15":0,"16":0,"17":0,"18":0,"19":0,"20":0,"21":0,"22":0,"23":0,"24":0,"25":0,"26":0,"27":0,"28":0},"branchMap":{"0":{"type":"branch","line":1,"loc":{"start":{"line":1,"column":788},"end":{"line":29,"column":2}},"locations":[{"start":{"line":1,"column":788},"end":{"line":29,"column":2}}]}},"b":{"0":[0]},"fnMap":{"0":{"name":"(empty-report)","decl":{"start":{"line":1,"column":788},"end":{"line":29,"column":2}},"loc":{"start":{"line":1,"column":788},"end":{"line":29,"column":2}},"line":1}},"f":{"0":0}}
,"/Users/arnaudambroselli/Pro/2025-02-070_Bibi_Translation/i18n-keyless-lib/packages/react/index.ts": {"path":"/Users/arnaudambroselli/Pro/2025-02-070_Bibi_Translation/i18n-keyless-lib/packages/react/index.ts","all":true,"statementMap":{"0":{"start":{"line":1,"column":0},"end":{"line":1,"column":78}},"1":{"start":{"line":2,"column":0},"end":{"line":2,"column":8}},"10":{"start":{"line":11,"column":0},"end":{"line":11,"column":92}},"11":{"start":{"line":12,"column":0},"end":{"line":12,"column":87}},"13":{"start":{"line":14,"column":0},"end":{"line":14,"column":82}},"14":{"start":{"line":15,"column":0},"end":{"line":15,"column":102}},"16":{"start":{"line":17,"column":0},"end":{"line":17,"column":61}},"19":{"start":{"line":20,"column":0},"end":{"line":20,"column":8}}},"s":{"0":0,"1":0,"10":0,"11":0,"13":0,"14":0,"16":0,"19":0},"branchMap":{"0":{"type":"branch","line":1,"loc":{"start":{"line":1,"column":1205},"end":{"line":29,"column":27}},"locations":[{"start":{"line":1,"column":1205},"end":{"line":29,"column":27}}]}},"b":{"0":[0]},"fnMap":{"0":{"name":"(empty-report)","decl":{"start":{"line":1,"column":1205},"end":{"line":29,"column":27}},"loc":{"start":{"line":1,"column":1205},"end":{"line":29,"column":27}},"line":1}},"f":{"0":0}}
,"/Users/arnaudambroselli/Pro/2025-02-070_Bibi_Translation/i18n-keyless-lib/packages/react/request-scope.ts": {"path":"/Users/arnaudambroselli/Pro/2025-02-070_Bibi_Translation/i18n-keyless-lib/packages/react/request-scope.ts","all":false,"statementMap":{"48":{"start":{"line":49,"column":0},"end":{"line":49,"column":39}},"49":{"start":{"line":50,"column":0},"end":{"line":50,"column":48}},"56":{"start":{"line":57,"column":0},"end":{"line":57,"column":43}},"58":{"start":{"line":59,"column":0},"end":{"line":59,"column":69}},"59":{"start":{"line":60,"column":0},"end":{"line":60,"column":27}},"60":{"start":{"line":61,"column":0},"end":{"line":61,"column":1}},"62":{"start":{"line":63,"column":0},"end":{"line":63,"column":43}},"65":{"start":{"line":66,"column":0},"end":{"line":66,"column":59}},"66":{"start":{"line":67,"column":0},"end":{"line":67,"column":11}},"67":{"start":{"line":68,"column":0},"end":{"line":68,"column":3}},"68":{"start":{"line":69,"column":0},"end":{"line":69,"column":32}},"69":{"start":{"line":70,"column":0},"end":{"line":70,"column":43}},"70":{"start":{"line":71,"column":0},"end":{"line":71,"column":11}},"80":{"start":{"line":81,"column":0},"end":{"line":81,"column":95}},"83":{"start":{"line":84,"column":0},"end":{"line":84,"column":39}},"84":{"start":{"line":85,"column":0},"end":{"line":85,"column":56}},"85":{"start":{"line":86,"column":0},"end":{"line":86,"column":15}},"88":{"start":{"line":89,"column":0},"end":{"line":89,"column":7}},"89":{"start":{"line":90,"column":0},"end":{"line":90,"column":9}},"90":{"start":{"line":91,"column":0},"end":{"line":91,"column":3}},"91":{"start":{"line":92,"column":0},"end":{"line":92,"column":31}},"92":{"start":{"line":93,"column":0},"end":{"line":93,"column":1}},"110":{"start":{"line":111,"column":0},"end":{"line":111,"column":95}},"111":{"start":{"line":112,"column":0},"end":{"line":112,"column":20}},"112":{"start":{"line":113,"column":0},"end":{"line":113,"column":23}},"113":{"start":{"line":114,"column":0},"end":{"line":114,"column":13}},"114":{"start":{"line":115,"column":0},"end":{"line":115,"column":16}},"115":{"start":{"line":116,"column":0},"end":{"line":116,"column":3}},"117":{"start":{"line":118,"column":0},"end":{"line":118,"column":94}},"118":{"start":{"line":119,"column":0},"end":{"line":119,"column":1}},"126":{"start":{"line":127,"column":0},"end":{"line":127,"column":65}},"127":{"start":{"line":128,"column":0},"end":{"line":128,"column":33}},"128":{"start":{"line":129,"column":0},"end":{"line":129,"column":72}},"129":{"start":{"line":130,"column":0},"end":{"line":130,"column":1}},"137":{"start":{"line":138,"column":0},"end":{"line":138,"column":50}},"138":{"start":{"line":139,"column":0},"end":{"line":139,"column":38}},"139":{"start":{"line":140,"column":0},"end":{"line":140,"column":1}},"151":{"start":{"line":152,"column":0},"end":{"line":152,"column":77}},"152":{"start":{"line":153,"column":0},"end":{"line":153,"column":33}},"153":{"start":{"line":154,"column":0},"end":{"line":154,"column":11}},"154":{"start":{"line":155,"column":0},"end":{"line":155,"column":21}},"155":{"start":{"line":156,"column":0},"end":{"line":156,"column":3}},"156":{"start":{"line":157,"column":0},"end":{"line":157,"column":40}},"157":{"start":{"line":158,"column":0},"end":{"line":158,"column":29}},"158":{"start":{"line":159,"column":0},"end":{"line":159,"column":32}},"159":{"start":{"line":160,"column":0},"end":{"line":160,"column":46}},"160":{"start":{"line":161,"column":0},"end":{"line":161,"column":5}},"161":{"start":{"line":162,"column":0},"end":{"line":162,"column":3}},"162":{"start":{"line":163,"column":0},"end":{"line":163,"column":40}},"163":{"start":{"line":164,"column":0},"end":{"line":164,"column":1}}},"s":{"48":1,"49":1,"56":1,"58":82,"59":82,"60":82,"62":12,"65":12,"66":12,"67":12,"68":0,"69":0,"70":0,"80":0,"83":0,"84":0,"85":0,"88":0,"89":0,"90":0,"91":0,"92":0,"110":12,"111":12,"112":12,"113":12,"114":0,"115":0,"117":12,"118":12,"126":1,"127":31,"128":31,"129":31,"137":1,"138":34,"139":34,"151":1,"152":5,"153":5,"154":1,"155":1,"156":4,"157":5,"158":7,"159":6,"160":6,"161":7,"162":4,"163":4},"branchMap":{"0":{"type":"branch","line":59,"loc":{"start":{"line":59,"column":0},"end":{"line":61,"column":1}},"locations":[{"start":{"line":59,"column":0},"end":{"line":61,"column":1}}]},"1":{"type":"branch","line":63,"loc":{"start":{"line":63,"column":0},"end":{"line":93,"column":1}},"locations":[{"start":{"line":63,"column":0},"end":{"line":93,"column":1}}]},"2":{"type":"branch","line":66,"loc":{"start":{"line":66,"column":22},"end":{"line":66,"column":58}},"locations":[{"start":{"line":66,"column":22},"end":{"line":66,"column":58}}]},"3":{"type":"branch","line":68,"loc":{"start":{"line":68,"column":2},"end":{"line":93,"column":1}},"locations":[{"start":{"line":68,"column":2},"end":{"line":93,"column":1}}]},"4":{"type":"branch","line":111,"loc":{"start":{"line":111,"column":0},"end":{"line":119,"column":1}},"locations":[{"start":{"line":111,"column":0},"end":{"line":119,"column":1}}]},"5":{"type":"branch","line":114,"loc":{"start":{"line":114,"column":12},"end":{"line":116,"column":3}},"locations":[{"start":{"line":114,"column":12},"end":{"line":116,"column":3}}]},"6":{"type":"branch","line":127,"loc":{"start":{"line":127,"column":7},"end":{"line":130,"column":1}},"locations":[{"start":{"line":127,"column":7},"end":{"line":130,"column":1}}]},"7":{"type":"branch","line":129,"loc":{"start":{"line":129,"column":9},"end":{"line":129,"column":62}},"locations":[{"start":{"line":129,"column":9},"end":{"line":129,"column":62}}]},"8":{"type":"branch","line":129,"loc":{"start":{"line":129,"column":58},"end":{"line":129,"column":72}},"locations":[{"start":{"line":129,"column":58},"end":{"line":129,"column":72}}]},"9":{"type":"branch","line":138,"loc":{"start":{"line":138,"column":7},"end":{"line":140,"column":1}},"locations":[{"start":{"line":138,"column":7},"end":{"line":140,"column":1}}]},"10":{"type":"branch","line":139,"loc":{"start":{"line":139,"column":21},"end":{"line":139,"column":29}},"locations":[{"start":{"line":139,"column":21},"end":{"line":139,"column":29}}]},"11":{"type":"branch","line":152,"loc":{"start":{"line":152,"column":7},"end":{"line":164,"column":1}},"locations":[{"start":{"line":152,"column":7},"end":{"line":164,"column":1}}]},"12":{"type":"branch","line":154,"loc":{"start":{"line":154,"column":10},"end":{"line":156,"column":3}},"locations":[{"start":{"line":154,"column":10},"end":{"line":156,"column":3}}]},"13":{"type":"branch","line":156,"loc":{"start":{"line":156,"column":2},"end":{"line":158,"column":28}},"locations":[{"start":{"line":156,"column":2},"end":{"line":158,"column":28}}]},"14":{"type":"branch","line":158,"loc":{"start":{"line":158,"column":28},"end":{"line":162,"column":3}},"locations":[{"start":{"line":158,"column":28},"end":{"line":162,"column":3}}]},"15":{"type":"branch","line":159,"loc":{"start":{"line":159,"column":31},"end":{"line":161,"column":5}},"locations":[{"start":{"line":159,"column":31},"end":{"line":161,"column":5}}]},"16":{"type":"branch","line":162,"loc":{"start":{"line":162,"column":2},"end":{"line":164,"column":1}},"locations":[{"start":{"line":162,"column":2},"end":{"line":164,"column":1}}]}},"b":{"0":[82],"1":[12],"2":[0],"3":[0],"4":[12],"5":[0],"6":[31],"7":[10],"8":[21],"9":[34],"10":[9],"11":[5],"12":[1],"13":[4],"14":[7],"15":[6],"16":[4]},"fnMap":{"0":{"name":"getAls","decl":{"start":{"line":59,"column":0},"end":{"line":61,"column":1}},"loc":{"start":{"line":59,"column":0},"end":{"line":61,"column":1}},"line":59},"1":{"name":"ensureALS","decl":{"start":{"line":63,"column":0},"end":{"line":93,"column":1}},"loc":{"start":{"line":63,"column":0},"end":{"line":93,"column":1}},"line":63},"2":{"name":"runWithI18nKeyless","decl":{"start":{"line":111,"column":0},"end":{"line":119,"column":1}},"loc":{"start":{"line":111,"column":0},"end":{"line":119,"column":1}},"line":111},"3":{"name":"getRequestScope","decl":{"start":{"line":127,"column":7},"end":{"line":130,"column":1}},"loc":{"start":{"line":127,"column":7},"end":{"line":130,"column":1}},"line":127},"4":{"name":"recordUsedKey","decl":{"start":{"line":138,"column":7},"end":{"line":140,"column":1}},"loc":{"start":{"line":138,"column":7},"end":{"line":140,"column":1}},"line":138},"5":{"name":"getUsedTranslationsSnapshot","decl":{"start":{"line":152,"column":7},"end":{"line":164,"column":1}},"loc":{"start":{"line":152,"column":7},"end":{"line":164,"column":1}},"line":152}},"f":{"0":82,"1":12,"2":12,"3":31,"4":34,"5":5}}
,"/Users/arnaudambroselli/Pro/2025-02-070_Bibi_Translation/i18n-keyless-lib/packages/react/server.ts": {"path":"/Users/arnaudambroselli/Pro/2025-02-070_Bibi_Translation/i18n-keyless-lib/packages/react/server.ts","all":false,"statementMap":{"0":{"start":{"line":1,"column":0},"end":{"line":1,"column":97}},"1":{"start":{"line":2,"column":0},"end":{"line":2,"column":44}},"11":{"start":{"line":12,"column":0},"end":{"line":12,"column":44}},"24":{"start":{"line":25,"column":0},"end":{"line":25,"column":80}},"25":{"start":{"line":26,"column":0},"end":{"line":26,"column":42}},"26":{"start":{"line":27,"column":0},"end":{"line":27,"column":48}},"27":{"start":{"line":28,"column":0},"end":{"line":28,"column":14}},"28":{"start":{"line":29,"column":0},"end":{"line":29,"column":3}},"29":{"start":{"line":30,"column":0},"end":{"line":30,"column":33}},"30":{"start":{"line":31,"column":0},"end":{"line":31,"column":15}},"31":{"start":{"line":32,"column":0},"end":{"line":32,"column":18}},"32":{"start":{"line":33,"column":0},"end":{"line":33,"column":3}},"34":{"start":{"line":35,"column":0},"end":{"line":35,"column":95}},"35":{"start":{"line":36,"column":0},"end":{"line":36,"column":70}},"36":{"start":{"line":37,"column":0},"end":{"line":37,"column":32}},"37":{"start":{"line":38,"column":0},"end":{"line":38,"column":22}},"38":{"start":{"line":39,"column":0},"end":{"line":39,"column":1}},"44":{"start":{"line":45,"column":0},"end":{"line":45,"column":65}},"45":{"start":{"line":46,"column":0},"end":{"line":46,"column":13}},"46":{"start":{"line":47,"column":0},"end":{"line":47,"column":23}},"47":{"start":{"line":48,"column":0},"end":{"line":48,"column":10}},"48":{"start":{"line":49,"column":0},"end":{"line":49,"column":18}},"49":{"start":{"line":50,"column":0},"end":{"line":50,"column":3}},"50":{"start":{"line":51,"column":0},"end":{"line":51,"column":1}}},"s":{"0":1,"1":1,"11":1,"24":8,"25":8,"26":8,"27":1,"28":1,"29":7,"30":8,"31":2,"32":2,"34":5,"35":8,"36":8,"37":8,"38":8,"44":1,"45":6,"46":1,"47":6,"48":5,"49":5,"50":6},"branchMap":{"0":{"type":"branch","line":25,"loc":{"start":{"line":25,"column":0},"end":{"line":39,"column":1}},"locations":[{"start":{"line":25,"column":0},"end":{"line":39,"column":1}}]},"1":{"type":"branch","line":27,"loc":{"start":{"line":27,"column":47},"end":{"line":29,"column":3}},"locations":[{"start":{"line":27,"column":47},"end":{"line":29,"column":3}}]},"2":{"type":"branch","line":29,"loc":{"start":{"line":29,"column":2},"end":{"line":31,"column":14}},"locations":[{"start":{"line":29,"column":2},"end":{"line":31,"column":14}}]},"3":{"type":"branch","line":31,"loc":{"start":{"line":31,"column":14},"end":{"line":33,"column":3}},"locations":[{"start":{"line":31,"column":14},"end":{"line":33,"column":3}}]},"4":{"type":"branch","line":33,"loc":{"start":{"line":33,"column":2},"end":{"line":36,"column":33}},"locations":[{"start":{"line":33,"column":2},"end":{"line":36,"column":33}}]},"5":{"type":"branch","line":36,"loc":{"start":{"line":36,"column":23},"end":{"line":36,"column":38}},"locations":[{"start":{"line":36,"column":23},"end":{"line":36,"column":38}}]},"6":{"type":"branch","line":36,"loc":{"start":{"line":36,"column":33},"end":{"line":36,"column":67}},"locations":[{"start":{"line":36,"column":33},"end":{"line":36,"column":67}}]},"7":{"type":"branch","line":36,"loc":{"start":{"line":36,"column":52},"end":{"line":36,"column":70}},"locations":[{"start":{"line":36,"column":52},"end":{"line":36,"column":70}}]},"8":{"type":"branch","line":45,"loc":{"start":{"line":45,"column":7},"end":{"line":51,"column":1}},"locations":[{"start":{"line":45,"column":7},"end":{"line":51,"column":1}}]},"9":{"type":"branch","line":46,"loc":{"start":{"line":46,"column":12},"end":{"line":48,"column":9}},"locations":[{"start":{"line":46,"column":12},"end":{"line":48,"column":9}}]},"10":{"type":"branch","line":48,"loc":{"start":{"line":48,"column":2},"end":{"line":50,"column":3}},"locations":[{"start":{"line":48,"column":2},"end":{"line":50,"column":3}}]}},"b":{"0":[8],"1":[1],"2":[7],"3":[2],"4":[5],"5":[4],"6":[4],"7":[1],"8":[6],"9":[1],"10":[5]},"fnMap":{"0":{"name":"getServerTranslations","decl":{"start":{"line":25,"column":0},"end":{"line":39,"column":1}},"loc":{"start":{"line":25,"column":0},"end":{"line":39,"column":1}},"line":25},"1":{"name":"clearServerTranslationsCache","decl":{"start":{"line":45,"column":7},"end":{"line":51,"column":1}},"loc":{"start":{"line":45,"column":7},"end":{"line":51,"column":1}},"line":45}},"f":{"0":8,"1":6}}
,"/Users/arnaudambroselli/Pro/2025-02-070_Bibi_Translation/i18n-keyless-lib/packages/react/store.ts": {"path":"/Users/arnaudambroselli/Pro/2025-02-070_Bibi_Translation/i18n-keyless-lib/packages/react/store.ts","all":false,"statementMap":{"0":{"start":{"line":1,"column":0},"end":{"line":1,"column":8}},"18":{"start":{"line":19,"column":0},"end":{"line":19,"column":33}},"19":{"start":{"line":20,"column":0},"end":{"line":20,"column":8}},"29":{"start":{"line":30,"column":0},"end":{"line":30,"column":68}},"36":{"start":{"line":37,"column":0},"end":{"line":37,"column":33}},"37":{"start":{"line":38,"column":0},"end":{"line":38,"column":39}},"38":{"start":{"line":39,"column":0},"end":{"line":39,"column":1}},"47":{"start":{"line":48,"column":0},"end":{"line":48,"column":34}},"49":{"start":{"line":50,"column":0},"end":{"line":50,"column":25}},"53":{"start":{"line":54,"column":0},"end":{"line":54,"column":42}},"54":{"start":{"line":55,"column":0},"end":{"line":55,"column":21}},"55":{"start":{"line":56,"column":0},"end":{"line":56,"column":94}},"56":{"start":{"line":57,"column":0},"end":{"line":57,"column":37}},"57":{"start":{"line":58,"column":0},"end":{"line":58,"column":30}},"58":{"start":{"line":59,"column":0},"end":{"line":59,"column":83}},"59":{"start":{"line":60,"column":0},"end":{"line":60,"column":17}},"60":{"start":{"line":61,"column":0},"end":{"line":61,"column":84}},"61":{"start":{"line":62,"column":0},"end":{"line":62,"column":5}},"62":{"start":{"line":63,"column":0},"end":{"line":63,"column":3}},"63":{"start":{"line":64,"column":0},"end":{"line":64,"column":3}},"65":{"start":{"line":66,"column":0},"end":{"line":66,"column":71}},"66":{"start":{"line":67,"column":0},"end":{"line":67,"column":17}},"67":{"start":{"line":68,"column":0},"end":{"line":68,"column":20}},"68":{"start":{"line":69,"column":0},"end":{"line":69,"column":19}},"69":{"start":{"line":70,"column":0},"end":{"line":70,"column":30}},"70":{"start":{"line":71,"column":0},"end":{"line":71,"column":17}},"71":{"start":{"line":72,"column":0},"end":{"line":72,"column":28}},"72":{"start":{"line":73,"column":0},"end":{"line":73,"column":29}},"73":{"start":{"line":74,"column":0},"end":{"line":74,"column":35}},"74":{"start":{"line":75,"column":0},"end":{"line":75,"column":23}},"75":{"start":{"line":76,"column":0},"end":{"line":76,"column":24}},"76":{"start":{"line":77,"column":0},"end":{"line":77,"column":11}},"77":{"start":{"line":78,"column":0},"end":{"line":78,"column":16}},"78":{"start":{"line":79,"column":0},"end":{"line":79,"column":16}},"79":{"start":{"line":80,"column":0},"end":{"line":80,"column":20}},"80":{"start":{"line":81,"column":0},"end":{"line":81,"column":24}},"81":{"start":{"line":82,"column":0},"end":{"line":82,"column":6}},"82":{"start":{"line":83,"column":0},"end":{"line":83,"column":23}},"83":{"start":{"line":84,"column":0},"end":{"line":84,"column":4}},"84":{"start":{"line":85,"column":0},"end":{"line":85,"column":102}},"85":{"start":{"line":86,"column":0},"end":{"line":86,"column":24}},"86":{"start":{"line":87,"column":0},"end":{"line":87,"column":13}},"87":{"start":{"line":88,"column":0},"end":{"line":88,"column":5}},"88":{"start":{"line":89,"column":0},"end":{"line":89,"column":32}},"89":{"start":{"line":90,"column":0},"end":{"line":90,"column":26}},"90":{"start":{"line":91,"column":0},"end":{"line":91,"column":86}},"91":{"start":{"line":92,"column":0},"end":{"line":92,"column":5}},"92":{"start":{"line":93,"column":0},"end":{"line":93,"column":35}},"93":{"start":{"line":94,"column":0},"end":{"line":94,"column":19}},"94":{"start":{"line":95,"column":0},"end":{"line":95,"column":87}},"95":{"start":{"line":96,"column":0},"end":{"line":96,"column":5}},"96":{"start":{"line":97,"column":0},"end":{"line":97,"column":55}},"99":{"start":{"line":100,"column":0},"end":{"line":100,"column":75}},"101":{"start":{"line":102,"column":0},"end":{"line":102,"column":58}},"102":{"start":{"line":103,"column":0},"end":{"line":103,"column":93}},"104":{"start":{"line":105,"column":0},"end":{"line":105,"column":44}},"105":{"start":{"line":106,"column":0},"end":{"line":106,"column":63}},"106":{"start":{"line":107,"column":0},"end":{"line":107,"column":92}},"109":{"start":{"line":110,"column":0},"end":{"line":110,"column":56}},"110":{"start":{"line":111,"column":0},"end":{"line":111,"column":27}},"111":{"start":{"line":112,"column":0},"end":{"line":112,"column":110}},"113":{"start":{"line":114,"column":0},"end":{"line":114,"column":9}},"114":{"start":{"line":115,"column":0},"end":{"line":115,"column":37}},"115":{"start":{"line":116,"column":0},"end":{"line":116,"column":87}},"116":{"start":{"line":117,"column":0},"end":{"line":117,"column":33}},"117":{"start":{"line":118,"column":0},"end":{"line":118,"column":45}},"118":{"start":{"line":119,"column":0},"end":{"line":119,"column":7}},"122":{"start":{"line":123,"column":0},"end":{"line":123,"column":22}},"123":{"start":{"line":124,"column":0},"end":{"line":124,"column":35}},"124":{"start":{"line":125,"column":0},"end":{"line":125,"column":50}},"125":{"start":{"line":126,"column":0},"end":{"line":126,"column":69}},"126":{"start":{"line":127,"column":0},"end":{"line":127,"column":7}},"127":{"start":{"line":128,"column":0},"end":{"line":128,"column":38}},"128":{"start":{"line":129,"column":0},"end":{"line":129,"column":13}},"129":{"start":{"line":130,"column":0},"end":{"line":130,"column":49}},"130":{"start":{"line":131,"column":0},"end":{"line":131,"column":110}},"131":{"start":{"line":132,"column":0},"end":{"line":132,"column":11}},"132":{"start":{"line":133,"column":0},"end":{"line":133,"column":7}},"133":{"start":{"line":134,"column":0},"end":{"line":134,"column":13}},"134":{"start":{"line":135,"column":0},"end":{"line":135,"column":5}},"136":{"start":{"line":137,"column":0},"end":{"line":137,"column":88}},"137":{"start":{"line":138,"column":0},"end":{"line":138,"column":25}},"139":{"start":{"line":140,"column":0},"end":{"line":140,"column":95}},"140":{"start":{"line":141,"column":0},"end":{"line":141,"column":82}},"141":{"start":{"line":142,"column":0},"end":{"line":142,"column":5}},"142":{"start":{"line":143,"column":0},"end":{"line":143,"column":33}},"143":{"start":{"line":144,"column":0},"end":{"line":144,"column":48}},"144":{"start":{"line":145,"column":0},"end":{"line":145,"column":67}},"145":{"start":{"line":146,"column":0},"end":{"line":146,"column":5}},"147":{"start":{"line":148,"column":0},"end":{"line":148,"column":36}},"148":{"start":{"line":149,"column":0},"end":{"line":149,"column":11}},"149":{"start":{"line":150,"column":0},"end":{"line":150,"column":47}},"150":{"start":{"line":151,"column":0},"end":{"line":151,"column":108}},"151":{"start":{"line":152,"column":0},"end":{"line":152,"column":9}},"152":{"start":{"line":153,"column":0},"end":{"line":153,"column":80}},"153":{"start":{"line":154,"column":0},"end":{"line":154,"column":5}},"154":{"start":{"line":155,"column":0},"end":{"line":155,"column":4}},"155":{"start":{"line":156,"column":0},"end":{"line":156,"column":72}},"156":{"start":{"line":157,"column":0},"end":{"line":157,"column":40}},"157":{"start":{"line":158,"column":0},"end":{"line":158,"column":35}},"158":{"start":{"line":159,"column":0},"end":{"line":159,"column":13}},"159":{"start":{"line":160,"column":0},"end":{"line":160,"column":5}},"160":{"start":{"line":161,"column":0},"end":{"line":161,"column":38}},"161":{"start":{"line":162,"column":0},"end":{"line":162,"column":36}},"163":{"start":{"line":164,"column":0},"end":{"line":164,"column":23}},"164":{"start":{"line":165,"column":0},"end":{"line":165,"column":43}},"165":{"start":{"line":166,"column":0},"end":{"line":166,"column":20}},"166":{"start":{"line":167,"column":0},"end":{"line":167,"column":66}},"167":{"start":{"line":168,"column":0},"end":{"line":168,"column":16}},"168":{"start":{"line":169,"column":0},"end":{"line":169,"column":37}},"169":{"start":{"line":170,"column":0},"end":{"line":170,"column":83}},"170":{"start":{"line":171,"column":0},"end":{"line":171,"column":17}},"171":{"start":{"line":172,"column":0},"end":{"line":172,"column":10}},"172":{"start":{"line":173,"column":0},"end":{"line":173,"column":7}},"173":{"start":{"line":174,"column":0},"end":{"line":174,"column":5}},"174":{"start":{"line":175,"column":0},"end":{"line":175,"column":4}},"175":{"start":{"line":176,"column":0},"end":{"line":176,"column":38}},"176":{"start":{"line":177,"column":0},"end":{"line":177,"column":24}},"177":{"start":{"line":178,"column":0},"end":{"line":178,"column":24}},"178":{"start":{"line":179,"column":0},"end":{"line":179,"column":92}},"179":{"start":{"line":180,"column":0},"end":{"line":180,"column":5}},"180":{"start":{"line":181,"column":0},"end":{"line":181,"column":41}},"181":{"start":{"line":182,"column":0},"end":{"line":182,"column":76}},"182":{"start":{"line":183,"column":0},"end":{"line":183,"column":65}},"183":{"start":{"line":184,"column":0},"end":{"line":184,"column":13}},"184":{"start":{"line":185,"column":0},"end":{"line":185,"column":5}},"185":{"start":{"line":186,"column":0},"end":{"line":186,"column":99}},"186":{"start":{"line":187,"column":0},"end":{"line":187,"column":23}},"187":{"start":{"line":188,"column":0},"end":{"line":188,"column":48}},"188":{"start":{"line":189,"column":0},"end":{"line":189,"column":20}},"189":{"start":{"line":190,"column":0},"end":{"line":190,"column":58}},"190":{"start":{"line":191,"column":0},"end":{"line":191,"column":7}},"191":{"start":{"line":192,"column":0},"end":{"line":192,"column":5}},"192":{"start":{"line":193,"column":0},"end":{"line":193,"column":4}},"193":{"start":{"line":194,"column":0},"end":{"line":194,"column":117}},"194":{"start":{"line":195,"column":0},"end":{"line":195,"column":24}},"195":{"start":{"line":196,"column":0},"end":{"line":196,"column":24}},"196":{"start":{"line":197,"column":0},"end":{"line":197,"column":103}},"197":{"start":{"line":198,"column":0},"end":{"line":198,"column":5}},"200":{"start":{"line":201,"column":0},"end":{"line":201,"column":31}},"201":{"start":{"line":202,"column":0},"end":{"line":202,"column":13}},"202":{"start":{"line":203,"column":0},"end":{"line":203,"column":5}},"203":{"start":{"line":204,"column":0},"end":{"line":204,"column":41}},"204":{"start":{"line":205,"column":0},"end":{"line":205,"column":94}},"205":{"start":{"line":206,"column":0},"end":{"line":206,"column":58}},"206":{"start":{"line":207,"column":0},"end":{"line":207,"column":65}},"209":{"start":{"line":210,"column":0},"end":{"line":210,"column":76}},"210":{"start":{"line":211,"column":0},"end":{"line":211,"column":55}},"211":{"start":{"line":212,"column":0},"end":{"line":212,"column":65}},"212":{"start":{"line":213,"column":0},"end":{"line":213,"column":32}},"213":{"start":{"line":214,"column":0},"end":{"line":214,"column":6}},"214":{"start":{"line":215,"column":0},"end":{"line":215,"column":42}},"215":{"start":{"line":216,"column":0},"end":{"line":216,"column":18}},"216":{"start":{"line":217,"column":0},"end":{"line":217,"column":98}},"217":{"start":{"line":218,"column":0},"end":{"line":218,"column":5}},"218":{"start":{"line":219,"column":0},"end":{"line":219,"column":4}},"219":{"start":{"line":220,"column":0},"end":{"line":220,"column":78}},"220":{"start":{"line":221,"column":0},"end":{"line":221,"column":24}},"221":{"start":{"line":222,"column":0},"end":{"line":222,"column":24}},"222":{"start":{"line":223,"column":0},"end":{"line":223,"column":86}},"223":{"start":{"line":224,"column":0},"end":{"line":224,"column":5}},"224":{"start":{"line":225,"column":0},"end":{"line":225,"column":37}},"225":{"start":{"line":226,"column":0},"end":{"line":226,"column":63}},"226":{"start":{"line":227,"column":0},"end":{"line":227,"column":33}},"227":{"start":{"line":228,"column":0},"end":{"line":228,"column":109}},"228":{"start":{"line":229,"column":0},"end":{"line":229,"column":12}},"229":{"start":{"line":230,"column":0},"end":{"line":230,"column":64}},"230":{"start":{"line":231,"column":0},"end":{"line":231,"column":5}},"232":{"start":{"line":233,"column":0},"end":{"line":233,"column":44}},"236":{"start":{"line":237,"column":0},"end":{"line":237,"column":93}},"237":{"start":{"line":238,"column":0},"end":{"line":238,"column":97}},"238":{"start":{"line":239,"column":0},"end":{"line":239,"column":59}},"239":{"start":{"line":240,"column":0},"end":{"line":240,"column":31}},"240":{"start":{"line":241,"column":0},"end":{"line":241,"column":79}},"241":{"start":{"line":242,"column":0},"end":{"line":242,"column":48}},"243":{"start":{"line":244,"column":0},"end":{"line":244,"column":40}},"244":{"start":{"line":245,"column":0},"end":{"line":245,"column":74}},"245":{"start":{"line":246,"column":0},"end":{"line":246,"column":9}},"246":{"start":{"line":247,"column":0},"end":{"line":247,"column":7}},"247":{"start":{"line":248,"column":0},"end":{"line":248,"column":5}},"253":{"start":{"line":254,"column":0},"end":{"line":254,"column":59}},"254":{"start":{"line":255,"column":0},"end":{"line":255,"column":24}},"255":{"start":{"line":256,"column":0},"end":{"line":256,"column":42}},"256":{"start":{"line":257,"column":0},"end":{"line":257,"column":119}},"257":{"start":{"line":258,"column":0},"end":{"line":258,"column":80}},"258":{"start":{"line":259,"column":0},"end":{"line":259,"column":11}},"259":{"start":{"line":260,"column":0},"end":{"line":260,"column":9}},"260":{"start":{"line":261,"column":0},"end":{"line":261,"column":8}},"261":{"start":{"line":262,"column":0},"end":{"line":262,"column":47}},"265":{"start":{"line":266,"column":0},"end":{"line":266,"column":24}},"266":{"start":{"line":267,"column":0},"end":{"line":267,"column":49}},"267":{"start":{"line":268,"column":0},"end":{"line":268,"column":119}},"268":{"start":{"line":269,"column":0},"end":{"line":269,"column":80}},"269":{"start":{"line":270,"column":0},"end":{"line":270,"column":11}},"270":{"start":{"line":271,"column":0},"end":{"line":271,"column":9}},"271":{"start":{"line":272,"column":0},"end":{"line":272,"column":8}},"272":{"start":{"line":273,"column":0},"end":{"line":273,"column":5}},"273":{"start":{"line":274,"column":0},"end":{"line":274,"column":4}},"274":{"start":{"line":275,"column":0},"end":{"line":275,"column":4}},"287":{"start":{"line":288,"column":0},"end":{"line":288,"column":98}},"288":{"start":{"line":289,"column":0},"end":{"line":289,"column":24}},"289":{"start":{"line":290,"column":0},"end":{"line":290,"column":11}},"290":{"start":{"line":291,"column":0},"end":{"line":291,"column":3}},"291":{"start":{"line":292,"column":0},"end":{"line":292,"column":31}},"292":{"start":{"line":293,"column":0},"end":{"line":293,"column":44}},"293":{"start":{"line":294,"column":0},"end":{"line":294,"column":27}},"294":{"start":{"line":295,"column":0},"end":{"line":295,"column":35}},"295":{"start":{"line":296,"column":0},"end":{"line":296,"column":80}},"296":{"start":{"line":297,"column":0},"end":{"line":297,"column":5}},"297":{"start":{"line":298,"column":0},"end":{"line":298,"column":1}},"299":{"start":{"line":300,"column":0},"end":{"line":300,"column":26}},"300":{"start":{"line":301,"column":0},"end":{"line":301,"column":50}},"301":{"start":{"line":302,"column":0},"end":{"line":302,"column":24}},"302":{"start":{"line":303,"column":0},"end":{"line":303,"column":73}},"303":{"start":{"line":304,"column":0},"end":{"line":304,"column":3}},"304":{"start":{"line":305,"column":0},"end":{"line":305,"column":33}},"305":{"start":{"line":306,"column":0},"end":{"line":306,"column":29}},"306":{"start":{"line":307,"column":0},"end":{"line":307,"column":17}},"307":{"start":{"line":308,"column":0},"end":{"line":308,"column":74}},"308":{"start":{"line":309,"column":0},"end":{"line":309,"column":3}},"313":{"start":{"line":314,"column":0},"end":{"line":314,"column":31}},"317":{"start":{"line":318,"column":0},"end":{"line":318,"column":101}},"320":{"start":{"line":321,"column":0},"end":{"line":321,"column":28}},"321":{"start":{"line":322,"column":0},"end":{"line":322,"column":106}},"323":{"start":{"line":324,"column":0},"end":{"line":324,"column":69}},"324":{"start":{"line":325,"column":0},"end":{"line":325,"column":67}},"325":{"start":{"line":326,"column":0},"end":{"line":326,"column":46}},"326":{"start":{"line":327,"column":0},"end":{"line":327,"column":47}},"327":{"start":{"line":328,"column":0},"end":{"line":328,"column":120}},"328":{"start":{"line":329,"column":0},"end":{"line":329,"column":27}},"329":{"start":{"line":330,"column":0},"end":{"line":330,"column":60}},"330":{"start":{"line":331,"column":0},"end":{"line":331,"column":74}},"331":{"start":{"line":332,"column":0},"end":{"line":332,"column":7}},"332":{"start":{"line":333,"column":0},"end":{"line":333,"column":100}},"333":{"start":{"line":334,"column":0},"end":{"line":334,"column":26}},"334":{"start":{"line":335,"column":0},"end":{"line":335,"column":58}},"335":{"start":{"line":336,"column":0},"end":{"line":336,"column":7}},"336":{"start":{"line":337,"column":0},"end":{"line":337,"column":5}},"337":{"start":{"line":338,"column":0},"end":{"line":338,"column":66}},"338":{"start":{"line":339,"column":0},"end":{"line":339,"column":34}},"339":{"start":{"line":340,"column":0},"end":{"line":340,"column":75}},"340":{"start":{"line":341,"column":0},"end":{"line":341,"column":31}},"341":{"start":{"line":342,"column":0},"end":{"line":342,"column":41}},"342":{"start":{"line":343,"column":0},"end":{"line":343,"column":32}},"343":{"start":{"line":344,"column":0},"end":{"line":344,"column":37}},"344":{"start":{"line":345,"column":0},"end":{"line":345,"column":31}},"345":{"start":{"line":346,"column":0},"end":{"line":346,"column":9}},"346":{"start":{"line":347,"column":0},"end":{"line":347,"column":12}},"347":{"start":{"line":348,"column":0},"end":{"line":348,"column":72}},"348":{"start":{"line":349,"column":0},"end":{"line":349,"column":5}},"349":{"start":{"line":350,"column":0},"end":{"line":350,"column":3}},"352":{"start":{"line":353,"column":0},"end":{"line":353,"column":111}},"355":{"start":{"line":356,"column":0},"end":{"line":356,"column":79}},"356":{"start":{"line":357,"column":0},"end":{"line":357,"column":96}},"357":{"start":{"line":358,"column":0},"end":{"line":358,"column":74}},"358":{"start":{"line":359,"column":0},"end":{"line":359,"column":3}},"359":{"start":{"line":360,"column":0},"end":{"line":360,"column":86}},"360":{"start":{"line":361,"column":0},"end":{"line":361,"column":55}},"364":{"start":{"line":365,"column":0},"end":{"line":365,"column":73}},"365":{"start":{"line":366,"column":0},"end":{"line":366,"column":78}},"366":{"start":{"line":367,"column":0},"end":{"line":367,"column":23}},"367":{"start":{"line":368,"column":0},"end":{"line":368,"column":88}},"368":{"start":{"line":369,"column":0},"end":{"line":369,"column":31}},"369":{"start":{"line":370,"column":0},"end":{"line":370,"column":98}},"370":{"start":{"line":371,"column":0},"end":{"line":371,"column":9}},"371":{"start":{"line":372,"column":0},"end":{"line":372,"column":23}},"372":{"start":{"line":373,"column":0},"end":{"line":373,"column":74}},"373":{"start":{"line":374,"column":0},"end":{"line":374,"column":5}},"374":{"start":{"line":375,"column":0},"end":{"line":375,"column":21}},"375":{"start":{"line":376,"column":0},"end":{"line":376,"column":65}},"376":{"start":{"line":377,"column":0},"end":{"line":377,"column":3}},"377":{"start":{"line":378,"column":0},"end":{"line":378,"column":76}},"378":{"start":{"line":379,"column":0},"end":{"line":379,"column":85}},"379":{"start":{"line":380,"column":0},"end":{"line":380,"column":30}},"381":{"start":{"line":382,"column":0},"end":{"line":382,"column":85}},"382":{"start":{"line":383,"column":0},"end":{"line":383,"column":44}},"383":{"start":{"line":384,"column":0},"end":{"line":384,"column":86}},"384":{"start":{"line":385,"column":0},"end":{"line":385,"column":84}},"385":{"start":{"line":386,"column":0},"end":{"line":386,"column":31}},"388":{"start":{"line":389,"column":0},"end":{"line":389,"column":64}},"389":{"start":{"line":390,"column":0},"end":{"line":390,"column":116}},"390":{"start":{"line":391,"column":0},"end":{"line":391,"column":98}},"391":{"start":{"line":392,"column":0},"end":{"line":392,"column":55}},"392":{"start":{"line":393,"column":0},"end":{"line":393,"column":62}},"393":{"start":{"line":394,"column":0},"end":{"line":394,"column":5}},"394":{"start":{"line":395,"column":0},"end":{"line":395,"column":10}},"395":{"start":{"line":396,"column":0},"end":{"line":396,"column":74}},"396":{"start":{"line":397,"column":0},"end":{"line":397,"column":84}},"397":{"start":{"line":398,"column":0},"end":{"line":398,"column":3}},"398":{"start":{"line":399,"column":0},"end":{"line":399,"column":62}},"399":{"start":{"line":400,"column":0},"end":{"line":400,"column":17}},"400":{"start":{"line":401,"column":0},"end":{"line":401,"column":62}},"401":{"start":{"line":402,"column":0},"end":{"line":402,"column":3}},"402":{"start":{"line":403,"column":0},"end":{"line":403,"column":68}},"403":{"start":{"line":404,"column":0},"end":{"line":404,"column":20}},"404":{"start":{"line":405,"column":0},"end":{"line":405,"column":68}},"405":{"start":{"line":406,"column":0},"end":{"line":406,"column":3}},"406":{"start":{"line":407,"column":0},"end":{"line":407,"column":1}},"414":{"start":{"line":415,"column":0},"end":{"line":415,"column":51}},"415":{"start":{"line":416,"column":0},"end":{"line":416,"column":29}},"416":{"start":{"line":417,"column":0},"end":{"line":417,"column":59}},"417":{"start":{"line":418,"column":0},"end":{"line":418,"column":3}},"418":{"start":{"line":419,"column":0},"end":{"line":419,"column":37}},"419":{"start":{"line":420,"column":0},"end":{"line":420,"column":57}},"420":{"start":{"line":421,"column":0},"end":{"line":421,"column":3}},"421":{"start":{"line":422,"column":0},"end":{"line":422,"column":45}},"422":{"start":{"line":423,"column":0},"end":{"line":423,"column":70}},"423":{"start":{"line":424,"column":0},"end":{"line":424,"column":3}},"424":{"start":{"line":425,"column":0},"end":{"line":425,"column":38}},"425":{"start":{"line":426,"column":0},"end":{"line":426,"column":63}},"426":{"start":{"line":427,"column":0},"end":{"line":427,"column":3}},"427":{"start":{"line":428,"column":0},"end":{"line":428,"column":85}},"428":{"start":{"line":429,"column":0},"end":{"line":429,"column":76}},"429":{"start":{"line":430,"column":0},"end":{"line":430,"column":3}},"430":{"start":{"line":431,"column":0},"end":{"line":431,"column":27}},"431":{"start":{"line":432,"column":0},"end":{"line":432,"column":40}},"435":{"start":{"line":436,"column":0},"end":{"line":436,"column":48}},"436":{"start":{"line":437,"column":0},"end":{"line":437,"column":12}},"437":{"start":{"line":438,"column":0},"end":{"line":438,"column":60}},"438":{"start":{"line":439,"column":0},"end":{"line":439,"column":22}},"439":{"start":{"line":440,"column":0},"end":{"line":440,"column":229}},"440":{"start":{"line":441,"column":0},"end":{"line":441,"column":8}},"441":{"start":{"line":442,"column":0},"end":{"line":442,"column":5}},"442":{"start":{"line":443,"column":0},"end":{"line":443,"column":3}},"443":{"start":{"line":444,"column":0},"end":{"line":444,"column":68}},"444":{"start":{"line":445,"column":0},"end":{"line":445,"column":29}},"445":{"start":{"line":446,"column":0},"end":{"line":446,"column":31}},"446":{"start":{"line":447,"column":0},"end":{"line":447,"column":24}},"447":{"start":{"line":448,"column":0},"end":{"line":448,"column":181}},"448":{"start":{"line":449,"column":0},"end":{"line":449,"column":10}},"449":{"start":{"line":450,"column":0},"end":{"line":450,"column":7}},"450":{"start":{"line":451,"column":0},"end":{"line":451,"column":5}},"451":{"start":{"line":452,"column":0},"end":{"line":452,"column":3}},"452":{"start":{"line":453,"column":0},"end":{"line":453,"column":51}},"454":{"start":{"line":455,"column":0},"end":{"line":455,"column":44}},"455":{"start":{"line":456,"column":0},"end":{"line":456,"column":3}},"456":{"start":{"line":457,"column":0},"end":{"line":457,"column":27}},"457":{"start":{"line":458,"column":0},"end":{"line":458,"column":57}},"458":{"start":{"line":459,"column":0},"end":{"line":459,"column":3}},"460":{"start":{"line":461,"column":0},"end":{"line":461,"column":49}},"461":{"start":{"line":462,"column":0},"end":{"line":462,"column":18}},"462":{"start":{"line":463,"column":0},"end":{"line":463,"column":68}},"463":{"start":{"line":464,"column":0},"end":{"line":464,"column":38}},"465":{"start":{"line":466,"column":0},"end":{"line":466,"column":57}},"468":{"start":{"line":469,"column":0},"end":{"line":469,"column":41}},"469":{"start":{"line":470,"column":0},"end":{"line":470,"column":54}},"470":{"start":{"line":471,"column":0},"end":{"line":471,"column":3}},"471":{"start":{"line":472,"column":0},"end":{"line":472,"column":1}},"473":{"start":{"line":474,"column":0},"end":{"line":474,"column":51}},"474":{"start":{"line":475,"column":0},"end":{"line":475,"column":75}},"475":{"start":{"line":476,"column":0},"end":{"line":476,"column":25}},"476":{"start":{"line":477,"column":0},"end":{"line":477,"column":1}},"478":{"start":{"line":479,"column":0},"end":{"line":479,"column":79}},"479":{"start":{"line":480,"column":0},"end":{"line":480,"column":62}},"480":{"start":{"line":481,"column":0},"end":{"line":481,"column":1}},"482":{"start":{"line":483,"column":0},"end":{"line":483,"column":83}},"483":{"start":{"line":484,"column":0},"end":{"line":484,"column":41}},"489":{"start":{"line":490,"column":0},"end":{"line":490,"column":43}},"490":{"start":{"line":491,"column":0},"end":{"line":491,"column":26}},"491":{"start":{"line":492,"column":0},"end":{"line":492,"column":105}},"494":{"start":{"line":495,"column":0},"end":{"line":495,"column":56}},"495":{"start":{"line":496,"column":0},"end":{"line":496,"column":110}},"496":{"start":{"line":497,"column":0},"end":{"line":497,"column":7}},"497":{"start":{"line":498,"column":0},"end":{"line":498,"column":7}},"498":{"start":{"line":499,"column":0},"end":{"line":499,"column":3}},"501":{"start":{"line":502,"column":0},"end":{"line":502,"column":71}},"506":{"start":{"line":507,"column":0},"end":{"line":507,"column":34}},"507":{"start":{"line":508,"column":0},"end":{"line":508,"column":106}},"508":{"start":{"line":509,"column":0},"end":{"line":509,"column":49}},"509":{"start":{"line":510,"column":0},"end":{"line":510,"column":1}},"511":{"start":{"line":512,"column":0},"end":{"line":512,"column":88}},"512":{"start":{"line":513,"column":0},"end":{"line":513,"column":57}},"513":{"start":{"line":514,"column":0},"end":{"line":514,"column":53}},"514":{"start":{"line":515,"column":0},"end":{"line":515,"column":1}},"516":{"start":{"line":517,"column":0},"end":{"line":517,"column":57}},"517":{"start":{"line":518,"column":0},"end":{"line":518,"column":27}},"518":{"start":{"line":519,"column":0},"end":{"line":519,"column":21}},"519":{"start":{"line":520,"column":0},"end":{"line":520,"column":32}},"520":{"start":{"line":521,"column":0},"end":{"line":521,"column":19}},"521":{"start":{"line":522,"column":0},"end":{"line":522,"column":30}},"522":{"start":{"line":523,"column":0},"end":{"line":523,"column":31}},"523":{"start":{"line":524,"column":0},"end":{"line":524,"column":37}},"524":{"start":{"line":525,"column":0},"end":{"line":525,"column":25}},"525":{"start":{"line":526,"column":0},"end":{"line":526,"column":26}},"526":{"start":{"line":527,"column":0},"end":{"line":527,"column":22}},"527":{"start":{"line":528,"column":0},"end":{"line":528,"column":5}},"528":{"start":{"line":529,"column":0},"end":{"line":529,"column":50}},"529":{"start":{"line":530,"column":0},"end":{"line":530,"column":24}},"530":{"start":{"line":531,"column":0},"end":{"line":531,"column":44}},"531":{"start":{"line":532,"column":0},"end":{"line":532,"column":3}},"532":{"start":{"line":533,"column":0},"end":{"line":533,"column":1}}},"s":{"0":1,"18":1,"19":1,"29":1,"36":39,"37":39,"38":39,"47":1,"49":1,"53":10,"54":10,"55":10,"56":9,"57":9,"58":9,"59":9,"60":9,"61":9,"62":10,"63":10,"65":1,"66":0,"67":0,"68":0,"69":0,"70":0,"71":0,"72":0,"73":0,"74":0,"75":0,"76":0,"77":0,"78":0,"79":0,"80":0,"81":0,"82":0,"83":0,"84":0,"85":0,"86":0,"87":0,"88":0,"89":0,"90":0,"91":0,"92":0,"93":0,"94":0,"95":0,"96":0,"99":0,"101":0,"102":0,"104":0,"105":0,"106":0,"109":0,"110":0,"111":0,"113":0,"114":0,"115":0,"116":0,"117":0,"118":0,"122":0,"123":0,"124":0,"125":0,"126":0,"127":0,"128":0,"129":0,"130":0,"131":0,"132":0,"133":0,"134":0,"136":0,"137":0,"139":0,"140":0,"141":0,"142":0,"143":0,"144":0,"145":0,"147":0,"148":0,"149":0,"150":0,"151":0,"152":0,"153":0,"154":0,"155":0,"156":0,"157":0,"158":0,"159":0,"160":0,"161":0,"163":0,"164":0,"165":0,"166":0,"167":0,"168":0,"169":0,"170":0,"171":0,"172":0,"173":0,"174":0,"175":0,"176":0,"177":0,"178":0,"179":0,"180":0,"181":0,"182":0,"183":0,"184":0,"185":0,"186":0,"187":0,"188":0,"189":0,"190":0,"191":0,"192":0,"193":0,"194":0,"195":0,"196":0,"197":0,"200":0,"201":0,"202":0,"203":0,"204":0,"205":0,"206":0,"209":0,"210":0,"211":0,"212":0,"213":0,"214":0,"215":0,"216":0,"217":0,"218":0,"219":0,"220":0,"221":0,"222":0,"223":0,"224":0,"225":0,"226":0,"227":0,"228":0,"229":0,"230":0,"232":0,"236":0,"237":0,"238":0,"239":0,"240":0,"241":0,"243":0,"244":0,"245":0,"246":0,"247":0,"253":0,"254":0,"255":0,"256":0,"257":0,"258":0,"259":0,"260":0,"261":0,"265":0,"266":0,"267":0,"268":0,"269":0,"270":0,"271":0,"272":0,"273":0,"274":1,"287":1,"288":5,"289":2,"290":2,"291":3,"292":3,"293":3,"294":3,"295":5,"296":5,"297":5,"299":32,"300":32,"301":32,"302":0,"303":0,"304":32,"305":32,"306":32,"307":0,"308":0,"313":32,"317":31,"320":31,"321":31,"323":31,"324":31,"325":31,"326":31,"327":35,"328":35,"329":11,"330":11,"331":11,"332":35,"333":35,"334":0,"335":0,"336":35,"337":31,"338":31,"339":7,"340":7,"341":7,"342":7,"343":7,"344":7,"345":7,"346":31,"347":24,"348":24,"349":31,"352":32,"355":32,"356":0,"357":0,"358":0,"359":32,"360":32,"364":0,"365":0,"366":0,"367":0,"368":0,"369":0,"370":0,"371":0,"372":0,"373":0,"374":32,"375":0,"376":0,"377":32,"378":32,"379":32,"381":1,"382":32,"383":0,"384":0,"385":31,"388":16,"389":16,"390":16,"391":16,"392":1,"393":1,"394":31,"395":15,"396":15,"397":15,"398":32,"399":32,"400":0,"401":0,"402":32,"403":32,"404":0,"405":0,"406":32,"414":37,"415":37,"416":1,"417":1,"418":37,"419":1,"420":1,"421":37,"422":33,"423":33,"424":35,"425":35,"426":35,"427":37,"428":1,"429":1,"430":37,"431":4,"435":2,"436":2,"437":2,"438":2,"439":2,"440":2,"441":2,"442":4,"443":37,"444":32,"445":1,"446":1,"447":1,"448":1,"449":1,"450":1,"451":32,"452":32,"454":32,"455":32,"456":37,"457":0,"458":0,"460":32,"461":32,"462":32,"463":37,"465":37,"468":37,"469":30,"470":30,"471":37,"473":1,"474":0,"475":0,"476":0,"478":1,"479":0,"480":0,"482":1,"483":7,"489":7,"490":2,"491":2,"494":2,"495":0,"496":0,"497":2,"498":2,"501":7,"506":7,"507":7,"508":7,"509":7,"511":1,"512":0,"513":0,"514":0,"516":0,"517":0,"518":0,"519":0,"520":0,"521":0,"522":0,"523":0,"524":0,"525":0,"526":0,"527":0,"528":0,"529":0,"530":0,"531":0,"532":0},"branchMap":{"0":{"type":"branch","line":37,"loc":{"start":{"line":37,"column":0},"end":{"line":39,"column":1}},"locations":[{"start":{"line":37,"column":0},"end":{"line":39,"column":1}}]},"1":{"type":"branch","line":50,"loc":{"start":{"line":50,"column":18},"end":{"line":64,"column":3}},"locations":[{"start":{"line":50,"column":18},"end":{"line":64,"column":3}}]},"2":{"type":"branch","line":56,"loc":{"start":{"line":56,"column":93},"end":{"line":62,"column":5}},"locations":[{"start":{"line":56,"column":93},"end":{"line":62,"column":5}}]},"3":{"type":"branch","line":61,"loc":{"start":{"line":61,"column":13},"end":{"line":61,"column":82}},"locations":[{"start":{"line":61,"column":13},"end":{"line":61,"column":82}}]},"4":{"type":"branch","line":288,"loc":{"start":{"line":288,"column":7},"end":{"line":298,"column":1}},"locations":[{"start":{"line":288,"column":7},"end":{"line":298,"column":1}}]},"5":{"type":"branch","line":289,"loc":{"start":{"line":289,"column":7},"end":{"line":289,"column":23}},"locations":[{"start":{"line":289,"column":7},"end":{"line":289,"column":23}}]},"6":{"type":"branch","line":289,"loc":{"start":{"line":289,"column":23},"end":{"line":291,"column":3}},"locations":[{"start":{"line":289,"column":23},"end":{"line":291,"column":3}}]},"7":{"type":"branch","line":291,"loc":{"start":{"line":291,"column":2},"end":{"line":296,"column":74}},"locations":[{"start":{"line":291,"column":2},"end":{"line":296,"column":74}}]},"8":{"type":"branch","line":296,"loc":{"start":{"line":296,"column":58},"end":{"line":296,"column":78}},"locations":[{"start":{"line":296,"column":58},"end":{"line":296,"column":78}}]},"9":{"type":"branch","line":300,"loc":{"start":{"line":300,"column":0},"end":{"line":407,"column":1}},"locations":[{"start":{"line":300,"column":0},"end":{"line":407,"column":1}}]},"10":{"type":"branch","line":302,"loc":{"start":{"line":302,"column":23},"end":{"line":304,"column":3}},"locations":[{"start":{"line":302,"column":23},"end":{"line":304,"column":3}}]},"11":{"type":"branch","line":307,"loc":{"start":{"line":307,"column":16},"end":{"line":309,"column":3}},"locations":[{"start":{"line":307,"column":16},"end":{"line":309,"column":3}}]},"12":{"type":"branch","line":314,"loc":{"start":{"line":314,"column":30},"end":{"line":350,"column":3}},"locations":[{"start":{"line":314,"column":30},"end":{"line":350,"column":3}}]},"13":{"type":"branch","line":322,"loc":{"start":{"line":322,"column":36},"end":{"line":322,"column":67}},"locations":[{"start":{"line":322,"column":36},"end":{"line":322,"column":67}}]},"14":{"type":"branch","line":322,"loc":{"start":{"line":322,"column":58},"end":{"line":322,"column":86}},"locations":[{"start":{"line":322,"column":58},"end":{"line":322,"column":86}}]},"15":{"type":"branch","line":322,"loc":{"start":{"line":322,"column":67},"end":{"line":322,"column":106}},"locations":[{"start":{"line":322,"column":67},"end":{"line":322,"column":106}}]},"16":{"type":"branch","line":327,"loc":{"start":{"line":327,"column":46},"end":{"line":337,"column":5}},"locations":[{"start":{"line":327,"column":46},"end":{"line":337,"column":5}}]},"17":{"type":"branch","line":329,"loc":{"start":{"line":329,"column":26},"end":{"line":332,"column":7}},"locations":[{"start":{"line":329,"column":26},"end":{"line":332,"column":7}}]},"18":{"type":"branch","line":334,"loc":{"start":{"line":334,"column":25},"end":{"line":336,"column":7}},"locations":[{"start":{"line":334,"column":25},"end":{"line":336,"column":7}}]},"19":{"type":"branch","line":339,"loc":{"start":{"line":339,"column":33},"end":{"line":347,"column":11}},"locations":[{"start":{"line":339,"column":33},"end":{"line":347,"column":11}}]},"20":{"type":"branch","line":340,"loc":{"start":{"line":340,"column":17},"end":{"line":340,"column":75}},"locations":[{"start":{"line":340,"column":17},"end":{"line":340,"column":75}}]},"21":{"type":"branch","line":347,"loc":{"start":{"line":347,"column":4},"end":{"line":349,"column":5}},"locations":[{"start":{"line":347,"column":4},"end":{"line":349,"column":5}}]},"22":{"type":"branch","line":348,"loc":{"start":{"line":348,"column":17},"end":{"line":348,"column":72}},"locations":[{"start":{"line":348,"column":17},"end":{"line":348,"column":72}}]},"23":{"type":"branch","line":356,"loc":{"start":{"line":356,"column":42},"end":{"line":356,"column":78}},"locations":[{"start":{"line":356,"column":42},"end":{"line":356,"column":78}}]},"24":{"type":"branch","line":356,"loc":{"start":{"line":356,"column":78},"end":{"line":359,"column":3}},"locations":[{"start":{"line":356,"column":78},"end":{"line":359,"column":3}}]},"25":{"type":"branch","line":361,"loc":{"start":{"line":361,"column":6},"end":{"line":361,"column":54}},"locations":[{"start":{"line":361,"column":6},"end":{"line":361,"column":54}}]},"26":{"type":"branch","line":361,"loc":{"start":{"line":361,"column":54},"end":{"line":375,"column":13}},"locations":[{"start":{"line":361,"column":54},"end":{"line":375,"column":13}}]},"27":{"type":"branch","line":375,"loc":{"start":{"line":375,"column":20},"end":{"line":377,"column":3}},"locations":[{"start":{"line":375,"column":20},"end":{"line":377,"column":3}}]},"28":{"type":"branch","line":380,"loc":{"start":{"line":380,"column":29},"end":{"line":383,"column":13}},"locations":[{"start":{"line":380,"column":29},"end":{"line":383,"column":13}}]},"29":{"type":"branch","line":382,"loc":{"start":{"line":382,"column":15},"end":{"line":382,"column":85}},"locations":[{"start":{"line":382,"column":15},"end":{"line":382,"column":85}}]},"30":{"type":"branch","line":383,"loc":{"start":{"line":383,"column":2},"end":{"line":398,"column":3}},"locations":[{"start":{"line":383,"column":2},"end":{"line":398,"column":3}}]},"31":{"type":"branch","line":383,"loc":{"start":{"line":383,"column":43},"end":{"line":386,"column":13}},"locations":[{"start":{"line":383,"column":43},"end":{"line":386,"column":13}}]},"32":{"type":"branch","line":386,"loc":{"start":{"line":386,"column":30},"end":{"line":395,"column":9}},"locations":[{"start":{"line":386,"column":30},"end":{"line":395,"column":9}}]},"33":{"type":"branch","line":390,"loc":{"start":{"line":390,"column":15},"end":{"line":390,"column":116}},"locations":[{"start":{"line":390,"column":15},"end":{"line":390,"column":116}}]},"34":{"type":"branch","line":391,"loc":{"start":{"line":391,"column":47},"end":{"line":391,"column":95}},"locations":[{"start":{"line":391,"column":47},"end":{"line":391,"column":95}}]},"35":{"type":"branch","line":392,"loc":{"start":{"line":392,"column":54},"end":{"line":394,"column":5}},"locations":[{"start":{"line":392,"column":54},"end":{"line":394,"column":5}}]},"36":{"type":"branch","line":395,"loc":{"start":{"line":395,"column":2},"end":{"line":398,"column":3}},"locations":[{"start":{"line":395,"column":2},"end":{"line":398,"column":3}}]},"37":{"type":"branch","line":396,"loc":{"start":{"line":396,"column":15},"end":{"line":396,"column":74}},"locations":[{"start":{"line":396,"column":15},"end":{"line":396,"column":74}}]},"38":{"type":"branch","line":400,"loc":{"start":{"line":400,"column":16},"end":{"line":402,"column":3}},"locations":[{"start":{"line":400,"column":16},"end":{"line":402,"column":3}}]},"39":{"type":"branch","line":404,"loc":{"start":{"line":404,"column":19},"end":{"line":406,"column":3}},"locations":[{"start":{"line":404,"column":19},"end":{"line":406,"column":3}}]},"40":{"type":"branch","line":415,"loc":{"start":{"line":415,"column":0},"end":{"line":472,"column":1}},"locations":[{"start":{"line":415,"column":0},"end":{"line":472,"column":1}}]},"41":{"type":"branch","line":416,"loc":{"start":{"line":416,"column":28},"end":{"line":418,"column":3}},"locations":[{"start":{"line":416,"column":28},"end":{"line":418,"column":3}}]},"42":{"type":"branch","line":418,"loc":{"start":{"line":418,"column":2},"end":{"line":419,"column":36}},"locations":[{"start":{"line":418,"column":2},"end":{"line":419,"column":36}}]},"43":{"type":"branch","line":419,"loc":{"start":{"line":419,"column":36},"end":{"line":421,"column":3}},"locations":[{"start":{"line":419,"column":36},"end":{"line":421,"column":3}}]},"44":{"type":"branch","line":421,"loc":{"start":{"line":421,"column":2},"end":{"line":422,"column":44}},"locations":[{"start":{"line":421,"column":2},"end":{"line":422,"column":44}}]},"45":{"type":"branch","line":422,"loc":{"start":{"line":422,"column":44},"end":{"line":424,"column":3}},"locations":[{"start":{"line":422,"column":44},"end":{"line":424,"column":3}}]},"46":{"type":"branch","line":424,"loc":{"start":{"line":424,"column":2},"end":{"line":428,"column":84}},"locations":[{"start":{"line":424,"column":2},"end":{"line":428,"column":84}}]},"47":{"type":"branch","line":428,"loc":{"start":{"line":428,"column":84},"end":{"line":430,"column":3}},"locations":[{"start":{"line":428,"column":84},"end":{"line":430,"column":3}}]},"48":{"type":"branch","line":430,"loc":{"start":{"line":430,"column":2},"end":{"line":431,"column":26}},"locations":[{"start":{"line":430,"column":2},"end":{"line":431,"column":26}}]},"49":{"type":"branch","line":431,"loc":{"start":{"line":431,"column":26},"end":{"line":443,"column":3}},"locations":[{"start":{"line":431,"column":26},"end":{"line":443,"column":3}}]},"50":{"type":"branch","line":432,"loc":{"start":{"line":432,"column":39},"end":{"line":442,"column":5}},"locations":[{"start":{"line":432,"column":39},"end":{"line":442,"column":5}}]},"51":{"type":"branch","line":443,"loc":{"start":{"line":443,"column":2},"end":{"line":444,"column":39}},"locations":[{"start":{"line":443,"column":2},"end":{"line":444,"column":39}}]},"52":{"type":"branch","line":444,"loc":{"start":{"line":444,"column":17},"end":{"line":444,"column":67}},"locations":[{"start":{"line":444,"column":17},"end":{"line":444,"column":67}}]},"53":{"type":"branch","line":444,"loc":{"start":{"line":444,"column":67},"end":{"line":457,"column":26}},"locations":[{"start":{"line":444,"column":67},"end":{"line":457,"column":26}}]},"54":{"type":"branch","line":445,"loc":{"start":{"line":445,"column":28},"end":{"line":451,"column":5}},"locations":[{"start":{"line":445,"column":28},"end":{"line":451,"column":5}}]},"55":{"type":"branch","line":457,"loc":{"start":{"line":457,"column":26},"end":{"line":459,"column":3}},"locations":[{"start":{"line":457,"column":26},"end":{"line":459,"column":3}}]},"56":{"type":"branch","line":459,"loc":{"start":{"line":459,"column":2},"end":{"line":464,"column":21}},"locations":[{"start":{"line":459,"column":2},"end":{"line":464,"column":21}}]},"57":{"type":"branch","line":464,"loc":{"start":{"line":464,"column":12},"end":{"line":464,"column":38}},"locations":[{"start":{"line":464,"column":12},"end":{"line":464,"column":38}}]},"58":{"type":"branch","line":469,"loc":{"start":{"line":469,"column":19},"end":{"line":469,"column":40}},"locations":[{"start":{"line":469,"column":19},"end":{"line":469,"column":40}}]},"59":{"type":"branch","line":469,"loc":{"start":{"line":469,"column":40},"end":{"line":471,"column":3}},"locations":[{"start":{"line":469,"column":40},"end":{"line":471,"column":3}}]},"60":{"type":"branch","line":483,"loc":{"start":{"line":483,"column":7},"end":{"line":510,"column":1}},"locations":[{"start":{"line":483,"column":7},"end":{"line":510,"column":1}}]},"61":{"type":"branch","line":490,"loc":{"start":{"line":490,"column":19},"end":{"line":490,"column":42}},"locations":[{"start":{"line":490,"column":19},"end":{"line":490,"column":42}}]},"62":{"type":"branch","line":490,"loc":{"start":{"line":490,"column":42},"end":{"line":499,"column":3}},"locations":[{"start":{"line":490,"column":42},"end":{"line":499,"column":3}}]},"63":{"type":"branch","line":502,"loc":{"start":{"line":502,"column":16},"end":{"line":502,"column":35}},"locations":[{"start":{"line":502,"column":16},"end":{"line":502,"column":35}}]},"64":{"type":"branch","line":502,"loc":{"start":{"line":502,"column":25},"end":{"line":502,"column":66}},"locations":[{"start":{"line":502,"column":25},"end":{"line":502,"column":66}}]},"65":{"type":"branch","line":508,"loc":{"start":{"line":508,"column":16},"end":{"line":508,"column":101}},"locations":[{"start":{"line":508,"column":16},"end":{"line":508,"column":101}}]},"66":{"type":"branch","line":508,"loc":{"start":{"line":508,"column":97},"end":{"line":508,"column":106}},"locations":[{"start":{"line":508,"column":97},"end":{"line":508,"column":106}}]},"67":{"type":"branch","line":491,"loc":{"start":{"line":491,"column":19},"end":{"line":498,"column":5}},"locations":[{"start":{"line":491,"column":19},"end":{"line":498,"column":5}}]},"68":{"type":"branch","line":492,"loc":{"start":{"line":492,"column":36},"end":{"line":492,"column":54}},"locations":[{"start":{"line":492,"column":36},"end":{"line":492,"column":54}}]},"69":{"type":"branch","line":492,"loc":{"start":{"line":492,"column":54},"end":{"line":492,"column":74}},"locations":[{"start":{"line":492,"column":54},"end":{"line":492,"column":74}}]},"70":{"type":"branch","line":492,"loc":{"start":{"line":492,"column":74},"end":{"line":492,"column":103}},"locations":[{"start":{"line":492,"column":74},"end":{"line":492,"column":103}}]},"71":{"type":"branch","line":495,"loc":{"start":{"line":495,"column":55},"end":{"line":497,"column":7}},"locations":[{"start":{"line":495,"column":55},"end":{"line":497,"column":7}}]}},"b":{"0":[39],"1":[10],"2":[9],"3":[9],"4":[5],"5":[4],"6":[2],"7":[3],"8":[0],"9":[32],"10":[0],"11":[0],"12":[31],"13":[4],"14":[4],"15":[27],"16":[35],"17":[11],"18":[0],"19":[7],"20":[0],"21":[24],"22":[0],"23":[0],"24":[0],"25":[0],"26":[0],"27":[0],"28":[1],"29":[0],"30":[31],"31":[0],"32":[16],"33":[0],"34":[0],"35":[1],"36":[15],"37":[0],"38":[0],"39":[0],"40":[37],"41":[1],"42":[36],"43":[1],"44":[35],"45":[33],"46":[35],"47":[1],"48":[35],"49":[4],"50":[2],"51":[33],"52":[1],"53":[32],"54":[1],"55":[0],"56":[32],"57":[1],"58":[30],"59":[30],"60":[7],"61":[3],"62":[2],"63":[0],"64":[0],"65":[3],"66":[4],"67":[2],"68":[0],"69":[0],"70":[0],"71":[0]},"fnMap":{"0":{"name":"isServerEnv","decl":{"start":{"line":37,"column":0},"end":{"line":39,"column":1}},"loc":{"start":{"line":37,"column":0},"end":{"line":39,"column":1}},"line":37},"1":{"name":"hydrateFromServer","decl":{"start":{"line":288,"column":7},"end":{"line":298,"column":1}},"loc":{"start":{"line":288,"column":7},"end":{"line":298,"column":1}},"line":288},"2":{"name":"hydrate","decl":{"start":{"line":300,"column":0},"end":{"line":407,"column":1}},"loc":{"start":{"line":300,"column":0},"end":{"line":407,"column":1}},"line":300},"3":{"name":"init","decl":{"start":{"line":415,"column":0},"end":{"line":472,"column":1}},"loc":{"start":{"line":415,"column":0},"end":{"line":472,"column":1}},"line":415},"4":{"name":"useCurrentLanguage","decl":{"start":{"line":474,"column":7},"end":{"line":477,"column":1}},"loc":{"start":{"line":474,"column":7},"end":{"line":477,"column":1}},"line":474},"5":{"name":"getSupportedLanguages","decl":{"start":{"line":479,"column":7},"end":{"line":481,"column":1}},"loc":{"start":{"line":479,"column":7},"end":{"line":481,"column":1}},"line":479},"6":{"name":"getTranslation","decl":{"start":{"line":483,"column":7},"end":{"line":510,"column":1}},"loc":{"start":{"line":483,"column":7},"end":{"line":510,"column":1}},"line":483},"7":{"name":"setCurrentLanguage","decl":{"start":{"line":512,"column":7},"end":{"line":515,"column":1}},"loc":{"start":{"line":512,"column":7},"end":{"line":515,"column":1}},"line":512},"8":{"name":"clearI18nKeylessStorageAndStore","decl":{"start":{"line":517,"column":0},"end":{"line":533,"column":1}},"loc":{"start":{"line":517,"column":0},"end":{"line":533,"column":1}},"line":517}},"f":{"0":39,"1":5,"2":32,"3":37,"4":0,"5":0,"6":7,"7":0,"8":0}}
,"/Users/arnaudambroselli/Pro/2025-02-070_Bibi_Translation/i18n-keyless-lib/packages/react/types.ts": {"path":"/Users/arnaudambroselli/Pro/2025-02-070_Bibi_Translation/i18n-keyless-lib/packages/react/types.ts","all":true,"statementMap":{},"s":{},"branchMap":{"0":{"type":"branch","line":1,"loc":{"start":{"line":1,"column":11285},"end":{"line":262,"column":79}},"locations":[{"start":{"line":1,"column":11285},"end":{"line":262,"column":79}}]}},"b":{"0":[1]},"fnMap":{"0":{"name":"(empty-report)","decl":{"start":{"line":1,"column":11285},"end":{"line":262,"column":79}},"loc":{"start":{"line":1,"column":11285},"end":{"line":262,"column":79}},"line":1}},"f":{"0":1}}
[...]
:158,"column":26}},"158":{"start":{"line":159,"column":0},"end":{"line":159,"column":6}},"159":{"start":{"line":160,"column":0},"end":{"line":160,"column":34}},"160":{"start":{"line":161,"column":0},"end":{"line":161,"column":22}},"161":{"start":{"line":162,"column":0},"end":{"line":162,"column":6}},"162":{"start":{"line":163,"column":0},"end":{"line":163,"column":18}},"163":{"start":{"line":164,"column":0},"end":{"line":164,"column":18}},"164":{"start":{"line":165,"column":0},"end":{"line":165,"column":6}},"165":{"start":{"line":166,"column":0},"end":{"line":166,"column":4}},"166":{"start":{"line":167,"column":0},"end":{"line":167,"column":1}},"175":{"start":{"line":176,"column":0},"end":{"line":176,"column":106}},"176":{"start":{"line":177,"column":0},"end":{"line":177,"column":24}},"177":{"start":{"line":178,"column":0},"end":{"line":178,"column":83}},"178":{"start":{"line":179,"column":0},"end":{"line":179,"column":3}},"181":{"start":{"line":182,"column":0},"end":{"line":182,"column":59}},"182":{"start":{"line":183,"column":0},"end":{"line":183,"column":57}},"183":{"start":{"line":184,"column":0},"end":{"line":184,"column":37}},"184":{"start":{"line":185,"column":0},"end":{"line":185,"column":3}},"185":{"start":{"line":186,"column":0},"end":{"line":186,"column":20}},"186":{"start":{"line":187,"column":0},"end":{"line":187,"column":1}}},"s":{"1":1,"6":1,"7":1,"8":1,"9":1,"10":1,"12":1,"15":1,"18":1,"19":1,"26":1,"27":39,"28":39,"34":1,"35":39,"36":39,"45":262,"46":262,"47":262,"48":262,"49":262,"50":262,"51":0,"52":0,"53":262,"54":262,"55":262,"56":262,"57":262,"58":0,"59":0,"60":0,"61":0,"62":262,"63":38,"64":38,"65":262,"66":6,"67":6,"68":230,"69":230,"78":1,"79":1,"80":0,"81":0,"82":1,"83":1,"84":1,"85":1,"86":0,"87":0,"88":1,"89":0,"90":0,"91":0,"92":1,"100":11,"101":11,"102":0,"103":0,"104":11,"105":11,"106":0,"107":11,"108":0,"109":11,"110":11,"111":11,"112":0,"113":0,"114":11,"115":0,"116":0,"117":11,"124":1,"126":1,"127":1,"128":1,"129":2,"130":2,"131":2,"132":1,"135":1,"136":7,"137":7,"138":1,"152":1,"153":9,"154":9,"155":9,"156":9,"157":7,"158":7,"159":9,"160":1,"161":1,"162":9,"163":1,"164":1,"165":9,"166":9,"175":1,"176":33,"177":0,"178":0,"181":33,"182":33,"183":1,"184":1,"185":32,"186":32},"branchMap":{"0":{"type":"branch","line":27,"loc":{"start":{"line":27,"column":7},"end":{"line":29,"column":1}},"locations":[{"start":{"line":27,"column":7},"end":{"line":29,"column":1}}]},"1":{"type":"branch","line":28,"loc":{"start":{"line":28,"column":23},"end":{"line":28,"column":68}},"locations":[{"start":{"line":28,"column":23},"end":{"line":28,"column":68}}]},"2":{"type":"branch","line":28,"loc":{"start":{"line":28,"column":53},"end":{"line":28,"column":110}},"locations":[{"start":{"line":28,"column":53},"end":{"line":28,"column":110}}]},"3":{"type":"branch","line":35,"loc":{"start":{"line":35,"column":7},"end":{"line":37,"column":1}},"locations":[{"start":{"line":35,"column":7},"end":{"line":37,"column":1}}]},"4":{"type":"branch","line":36,"loc":{"start":{"line":36,"column":23},"end":{"line":36,"column":67}},"locations":[{"start":{"line":36,"column":23},"end":{"line":36,"column":67}}]},"5":{"type":"branch","line":36,"loc":{"start":{"line":36,"column":53},"end":{"line":36,"column":108}},"locations":[{"start":{"line":36,"column":53},"end":{"line":36,"column":108}}]},"6":{"type":"branch","line":46,"loc":{"start":{"line":46,"column":0},"end":{"line":70,"column":1}},"locations":[{"start":{"line":46,"column":0},"end":{"line":70,"column":1}}]},"7":{"type":"branch","line":51,"loc":{"start":{"line":51,"column":16},"end":{"line":53,"column":3}},"locations":[{"start":{"line":51,"column":16},"end":{"line":53,"column":3}}]},"8":{"type":"branch","line":58,"loc":{"start":{"line":58,"column":4},"end":{"line":62,"column":5}},"locations":[{"start":{"line":58,"column":4},"end":{"line":62,"column":5}}]},"9":{"type":"branch","line":63,"loc":{"start":{"line":63,"column":14},"end":{"line":65,"column":5}},"locations":[{"start":{"line":63,"column":14},"end":{"line":65,"column":5}}]},"10":{"type":"branch","line":64,"loc":{"start":{"line":64,"column":13},"end":{"line":64,"column":45}},"locations":[{"start":{"line":64,"column":13},"end":{"line":64,"column":45}}]},"11":{"type":"branch","line":64,"loc":{"start":{"line":64,"column":41},"end":{"line":64,"column":50}},"locations":[{"start":{"line":64,"column":41},"end":{"line":64,"column":50}}]},"12":{"type":"branch","line":66,"loc":{"start":{"line":66,"column":2},"end":{"line":70,"column":1}},"locations":[{"start":{"line":66,"column":2},"end":{"line":70,"column":1}}]},"13":{"type":"branch","line":66,"loc":{"start":{"line":66,"column":2},"end":{"line":68,"column":3}},"locations":[{"start":{"line":66,"column":2},"end":{"line":68,"column":3}}]},"14":{"type":"branch","line":68,"loc":{"start":{"line":68,"column":2},"end":{"line":70,"column":1}},"locations":[{"start":{"line":68,"column":2},"end":{"line":70,"column":1}}]},"15":{"type":"branch","line":79,"loc":{"start":{"line":79,"column":0},"end":{"line":93,"column":1}},"locations":[{"start":{"line":79,"column":0},"end":{"line":93,"column":1}}]},"16":{"type":"branch","line":80,"loc":{"start":{"line":80,"column":16},"end":{"line":82,"column":3}},"locations":[{"start":{"line":80,"column":16},"end":{"line":82,"column":3}}]},"17":{"type":"branch","line":86,"loc":{"start":{"line":86,"column":4},"end":{"line":88,"column":5}},"locations":[{"start":{"line":86,"column":4},"end":{"line":88,"column":5}}]},"18":{"type":"branch","line":89,"loc":{"start":{"line":89,"column":2},"end":{"line":92,"column":3}},"locations":[{"start":{"line":89,"column":2},"end":{"line":92,"column":3}}]},"19":{"type":"branch","line":101,"loc":{"start":{"line":101,"column":0},"end":{"line":118,"column":1}},"locations":[{"start":{"line":101,"column":0},"end":{"line":118,"column":1}}]},"20":{"type":"branch","line":102,"loc":{"start":{"line":102,"column":16},"end":{"line":104,"column":3}},"locations":[{"start":{"line":102,"column":16},"end":{"line":104,"column":3}}]},"21":{"type":"branch","line":106,"loc":{"start":{"line":106,"column":24},"end":{"line":108,"column":15}},"locations":[{"start":{"line":106,"column":24},"end":{"line":108,"column":15}}]},"22":{"type":"branch","line":108,"loc":{"start":{"line":108,"column":28},"end":{"line":110,"column":15}},"locations":[{"start":{"line":108,"column":28},"end":{"line":110,"column":15}}]},"23":{"type":"branch","line":112,"loc":{"start":{"line":112,"column":4},"end":{"line":114,"column":5}},"locations":[{"start":{"line":112,"column":4},"end":{"line":114,"column":5}}]},"24":{"type":"branch","line":115,"loc":{"start":{"line":115,"column":2},"end":{"line":117,"column":3}},"locations":[{"start":{"line":115,"column":2},"end":{"line":117,"column":3}}]},"25":{"type":"branch","line":125,"loc":{"start":{"line":125,"column":0},"end":{"line":139,"column":1}},"locations":[{"start":{"line":125,"column":0},"end":{"line":139,"column":1}}]},"26":{"type":"branch","line":129,"loc":{"start":{"line":129,"column":40},"end":{"line":132,"column":5}},"locations":[{"start":{"line":129,"column":40},"end":{"line":132,"column":5}}]},"27":{"type":"branch","line":136,"loc":{"start":{"line":136,"column":46},"end":{"line":138,"column":3}},"locations":[{"start":{"line":136,"column":46},"end":{"line":138,"column":3}}]},"28":{"type":"branch","line":153,"loc":{"start":{"line":153,"column":7},"end":{"line":167,"column":1}},"locations":[{"start":{"line":153,"column":7},"end":{"line":167,"column":1}}]},"29":{"type":"branch","line":156,"loc":{"start":{"line":156,"column":13},"end":{"line":156,"column":51}},"locations":[{"start":{"line":156,"column":13},"end":{"line":156,"column":51}}]},"30":{"type":"branch","line":156,"loc":{"start":{"line":156,"column":41},"end":{"line":156,"column":51}},"locations":[{"start":{"line":156,"column":41},"end":{"line":156,"column":51}}]},"31":{"type":"branch","line":157,"loc":{"start":{"line":157,"column":13},"end":{"line":159,"column":6}},"locations":[{"start":{"line":157,"column":13},"end":{"line":159,"column":6}}]},"32":{"type":"branch","line":160,"loc":{"start":{"line":160,"column":16},"end":{"line":162,"column":6}},"locations":[{"start":{"line":160,"column":16},"end":{"line":162,"column":6}}]},"33":{"type":"branch","line":163,"loc":{"start":{"line":163,"column":11},"end":{"line":165,"column":6}},"locations":[{"start":{"line":163,"column":11},"end":{"line":165,"column":6}}]},"34":{"type":"branch","line":176,"loc":{"start":{"line":176,"column":7},"end":{"line":187,"column":1}},"locations":[{"start":{"line":176,"column":7},"end":{"line":187,"column":1}}]},"35":{"type":"branch","line":177,"loc":{"start":{"line":177,"column":23},"end":{"line":179,"column":3}},"locations":[{"start":{"line":177,"column":23},"end":{"line":179,"column":3}}]},"36":{"type":"branch","line":182,"loc":{"start":{"line":182,"column":49},"end":{"line":182,"column":59}},"locations":[{"start":{"line":182,"column":49},"end":{"line":182,"column":59}}]},"37":{"type":"branch","line":183,"loc":{"start":{"line":183,"column":56},"end":{"line":185,"column":3}},"locations":[{"start":{"line":183,"column":56},"end":{"line":185,"column":3}}]},"38":{"type":"branch","line":185,"loc":{"start":{"line":185,"column":2},"end":{"line":187,"column":1}},"locations":[{"start":{"line":185,"column":2},"end":{"line":187,"column":1}}]}},"b":{"0":[39],"1":[33],"2":[6],"3":[39],"4":[33],"5":[6],"6":[262],"7":[0],"8":[0],"9":[38],"10":[22],"11":[16],"12":[261],"13":[6],"14":[230],"15":[1],"16":[0],"17":[0],"18":[0],"19":[11],"20":[0],"21":[0],"22":[0],"23":[0],"24":[0],"25":[1],"26":[2],"27":[7],"28":[9],"29":[23],"30":[21],"31":[7],"32":[1],"33":[1],"34":[33],"35":[0],"36":[0],"37":[1],"38":[32]},"fnMap":{"0":{"name":"translationsKeyFor","decl":{"start":{"line":27,"column":7},"end":{"line":29,"column":1}},"loc":{"start":{"line":27,"column":7},"end":{"line":29,"column":1}},"line":27},"1":{"name":"lastRefreshKeyFor","decl":{"start":{"line":35,"column":7},"end":{"line":37,"column":1}},"loc":{"start":{"line":35,"column":7},"end":{"line":37,"column":1}},"line":35},"2":{"name":"getItem","decl":{"start":{"line":46,"column":0},"end":{"line":70,"column":1}},"loc":{"start":{"line":46,"column":0},"end":{"line":70,"column":1}},"line":46},"3":{"name":"setItem","decl":{"start":{"line":79,"column":0},"end":{"line":93,"column":1}},"loc":{"start":{"line":79,"column":0},"end":{"line":93,"column":1}},"line":79},"4":{"name":"deleteItem","decl":{"start":{"line":101,"column":0},"end":{"line":118,"column":1}},"loc":{"start":{"line":101,"column":0},"end":{"line":118,"column":1}},"line":101},"5":{"name":"clearI18nKeylessStorage","decl":{"start":{"line":125,"column":0},"end":{"line":139,"column":1}},"loc":{"start":{"line":125,"column":0},"end":{"line":139,"column":1}},"line":125},"6":{"name":"createMemoryStorage","decl":{"start":{"line":153,"column":7},"end":{"line":167,"column":1}},"loc":{"start":{"line":153,"column":7},"end":{"line":167,"column":1}},"line":153},"7":{"name":"getItem","decl":{"start":{"line":156,"column":13},"end":{"line":156,"column":51}},"loc":{"start":{"line":156,"column":13},"end":{"line":156,"column":51}},"line":156},"8":{"name":"setItem","decl":{"start":{"line":157,"column":13},"end":{"line":159,"column":6}},"loc":{"start":{"line":157,"column":13},"end":{"line":159,"column":6}},"line":157},"9":{"name":"removeItem","decl":{"start":{"line":160,"column":16},"end":{"line":162,"column":6}},"loc":{"start":{"line":160,"column":16},"end":{"line":162,"column":6}},"line":160},"10":{"name":"clear","decl":{"start":{"line":163,"column":11},"end":{"line":165,"column":6}},"loc":{"start":{"line":163,"column":11},"end":{"line":165,"column":6}},"line":163},"11":{"name":"validateLanguage","decl":{"start":{"line":176,"column":7},"end":{"line":187,"column":1}},"loc":{"start":{"line":176,"column":7},"end":{"line":187,"column":1}},"line":176}},"f":{"0":39,"1":39,"2":262,"3":1,"4":11,"5":1,"6":9,"7":23,"8":7,"9":1,"10":1,"11":33}}
,"/Users/arnaudambroselli/Pro/2025-02-070_Bibi_Translation/i18n-keyless-lib/packages/react/vitest.config.ts": {"path":"/Users/arnaudambroselli/Pro/2025-02-070_Bibi_Translation/i18n-keyless-lib/packages/react/vitest.config.ts","all":true,"statementMap":{"0":{"start":{"line":1,"column":0},"end":{"line":1,"column":45}},"1":{"start":{"line":2,"column":0},"end":{"line":2,"column":41}},"2":{"start":{"line":3,"column":0},"end":{"line":3,"column":31}},"4":{"start":{"line":5,"column":0},"end":{"line":5,"column":29}},"5":{"start":{"line":6,"column":0},"end":{"line":6,"column":21}},"6":{"start":{"line":7,"column":0},"end":{"line":7,"column":9}},"7":{"start":{"line":8,"column":0},"end":{"line":8,"column":18}},"8":{"start":{"line":9,"column":0},"end":{"line":9,"column":29}},"9":{"start":{"line":10,"column":0},"end":{"line":10,"column":41}},"10":{"start":{"line":11,"column":0},"end":{"line":11,"column":15}},"11":{"start":{"line":12,"column":0},"end":{"line":12,"column":21}},"12":{"start":{"line":13,"column":0},"end":{"line":13,"column":41}},"13":{"start":{"line":14,"column":0},"end":{"line":14,"column":66}},"14":{"start":{"line":15,"column":0},"end":{"line":15,"column":6}},"15":{"start":{"line":16,"column":0},"end":{"line":16,"column":47}},"16":{"start":{"line":17,"column":0},"end":{"line":17,"column":4}},"17":{"start":{"line":18,"column":0},"end":{"line":18,"column":12}},"18":{"start":{"line":19,"column":0},"end":{"line":19,"column":12}},"19":{"start":{"line":20,"column":0},"end":{"line":20,"column":57}},"20":{"start":{"line":21,"column":0},"end":{"line":21,"column":6}},"21":{"start":{"line":22,"column":0},"end":{"line":22,"column":4}},"22":{"start":{"line":23,"column":0},"end":{"line":23,"column":3}}},"s":{"0":0,"1":0,"2":0,"4":0,"5":0,"6":0,"7":0,"8":0,"9":0,"10":0,"11":0,"12":0,"13":0,"14":0,"15":0,"16":0,"17":0,"18":0,"19":0,"20":0,"21":0,"22":0},"branchMap":{"0":{"type":"branch","line":1,"loc":{"start":{"line":1,"column":580},"end":{"line":23,"column":3}},"locations":[{"start":{"line":1,"column":580},"end":{"line":23,"column":3}}]}},"b":{"0":[0]},"fnMap":{"0":{"name":"(empty-report)","decl":{"start":{"line":1,"column":580},"end":{"line":23,"column":3}},"loc":{"start":{"line":1,"column":580},"end":{"line":23,"column":3}},"line":1}},"f":{"0":0}}
,"/Users/arnaudambroselli/Pro/2025-02-070_Bibi_Translation/i18n-keyless-lib/packages/react/__tests__/__mocks__/global.d.ts": {"path":"/Users/arnaudambroselli/Pro/2025-02-070_Bibi_Translation/i18n-keyless-lib/packages/react/__tests__/__mocks__/global.d.ts","all":true,"statementMap":{},"s":{},"branchMap":{"0":{"type":"branch","line":1,"loc":{"start":{"line":1,"column":93},"end":{"line":3,"column":40}},"locations":[{"start":{"line":1,"column":93},"end":{"line":3,"column":40}}]}},"b":{"0":[1]},"fnMap":{"0":{"name":"(empty-report)","decl":{"start":{"line":1,"column":93},"end":{"line":3,"column":40}},"loc":{"start":{"line":1,"column":93},"end":{"line":3,"column":40}},"line":1}},"f":{"0":1}}
,"/Users/arnaudambroselli/Pro/2025-02-070_Bibi_Translation/i18n-keyless-lib/packages/react/__tests__/__mocks__/store.ts": {"path":"/Users/arnaudambroselli/Pro/2025-02-070_Bibi_Translation/i18n-keyless-lib/packages/react/__tests__/__mocks__/store.ts","all":false,"statementMap":{"1":{"start":{"line":2,"column":0},"end":{"line":2,"column":28}},"2":{"start":{"line":3,"column":0},"end":{"line":3,"column":47}},"5":{"start":{"line":6,"column":0},"end":{"line":6,"column":40}},"6":{"start":{"line":7,"column":0},"end":{"line":7,"column":11}},"7":{"start":{"line":8,"column":0},"end":{"line":8,"column":32}},"8":{"start":{"line":9,"column":0},"end":{"line":9,"column":16}},"9":{"start":{"line":10,"column":0},"end":{"line":10,"column":35}},"10":{"start":{"line":11,"column":0},"end":{"line":11,"column":34}},"11":{"start":{"line":12,"column":0},"end":{"line":12,"column":6}},"12":{"start":{"line":13,"column":0},"end":{"line":13,"column":4}},"13":{"start":{"line":14,"column":0},"end":{"line":14,"column":24}},"14":{"start":{"line":15,"column":0},"end":{"line":15,"column":19}},"15":{"start":{"line":16,"column":0},"end":{"line":16,"column":30}},"16":{"start":{"line":17,"column":0},"end":{"line":17,"column":17}},"17":{"start":{"line":18,"column":0},"end":{"line":18,"column":28}},"18":{"start":{"line":19,"column":0},"end":{"line":19,"column":29}},"19":{"start":{"line":20,"column":0},"end":{"line":20,"column":35}},"20":{"start":{"line":21,"column":0},"end":{"line":21,"column":17}},"21":{"start":{"line":22,"column":0},"end":{"line":22,"column":20}},"22":{"start":{"line":23,"column":0},"end":{"line":23,"column":27}},"23":{"start":{"line":24,"column":0},"end":{"line":24,"column":32}},"24":{"start":{"line":25,"column":0},"end":{"line":25,"column":60}},"25":{"start":{"line":26,"column":0},"end":{"line":26,"column":39}},"26":{"start":{"line":27,"column":0},"end":{"line":27,"column":5}},"27":{"start":{"line":28,"column":0},"end":{"line":28,"column":33}},"28":{"start":{"line":29,"column":0},"end":{"line":29,"column":31}},"29":{"start":{"line":30,"column":0},"end":{"line":30,"column":2}},"33":{"start":{"line":34,"column":0},"end":{"line":34,"column":55}},"35":{"start":{"line":36,"column":0},"end":{"line":36,"column":46}},"36":{"start":{"line":37,"column":0},"end":{"line":37,"column":34}},"37":{"start":{"line":38,"column":0},"end":{"line":38,"column":3}},"39":{"start":{"line":40,"column":0},"end":{"line":40,"column":15}},"41":{"start":{"line":42,"column":0},"end":{"line":42,"column":10}},"44":{"start":{"line":45,"column":0},"end":{"line":45,"column":49}},"45":{"start":{"line":46,"column":0},"end":{"line":46,"column":82}},"47":{"start":{"line":48,"column":0},"end":{"line":48,"column":44}},"49":{"start":{"line":50,"column":0},"end":{"line":50,"column":28}},"50":{"start":{"line":51,"column":0},"end":{"line":51,"column":19}},"51":{"start":{"line":52,"column":0},"end":{"line":52,"column":19}},"52":{"start":{"line":53,"column":0},"end":{"line":53,"column":22}},"53":{"start":{"line":54,"column":0},"end":{"line":54,"column":20}},"54":{"start":{"line":55,"column":0},"end":{"line":55,"column":2}}},"s":{"1":1,"2":1,"5":1,"6":1,"7":1,"8":1,"9":1,"10":1,"11":1,"12":1,"13":1,"14":1,"15":1,"16":1,"17":1,"18":1,"19":1,"20":1,"21":1,"22":1,"23":1,"24":33,"25":33,"26":1,"27":1,"28":1,"29":1,"33":1,"35":0,"36":0,"37":0,"39":0,"41":0,"44":1,"45":1,"47":1,"49":1,"50":1,"51":1,"52":1,"53":1,"54":1},"branchMap":{"0":{"type":"branch","line":24,"loc":{"start":{"line":24,"column":21},"end":{"line":27,"column":3}},"locations":[{"start":{"line":24,"column":21},"end":{"line":27,"column":3}}]},"1":{"type":"branch","line":34,"loc":{"start":{"line":34,"column":28},"end":{"line":42,"column":10}},"locations":[{"start":{"line":34,"column":28},"end":{"line":42,"column":10}}]},"2":{"type":"branch","line":45,"loc":{"start":{"line":45,"column":36},"end":{"line":45,"column":47}},"locations":[{"start":{"line":45,"column":36},"end":{"line":45,"column":47}}]},"3":{"type":"branch","line":46,"loc":{"start":{"line":46,"column":36},"end":{"line":46,"column":80}},"locations":[{"start":{"line":46,"column":36},"end":{"line":46,"column":80}}]}},"b":{"0":[33],"1":[0],"2":[184],"3":[136]},"fnMap":{"0":{"name":"useI18nKeylessMock","decl":{"start":{"line":34,"column":28},"end":{"line":42,"column":10}},"loc":{"start":{"line":34,"column":28},"end":{"line":42,"column":10}},"line":34}},"f":{"0":0}}
,"/Users/arnaudambroselli/Pro/2025-02-070_Bibi_Translation/i18n-keyless-lib/packages/react/__tests__/__mocks__/zustand.ts": {"path":"/Users/arnaudambroselli/Pro/2025-02-070_Bibi_Translation/i18n-keyless-lib/packages/react/__tests__/__mocks__/zustand.ts","all":true,"statementMap":{},"s":{},"branchMap":{"0":{"type":"branch","line":1,"loc":{"start":{"line":1,"column":2635},"end":{"line":80,"column":6}},"locations":[{"start":{"line":1,"column":2635},"end":{"line":80,"column":6}}]}},"b":{"0":[1]},"fnMap":{"0":{"name":"(empty-report)","decl":{"start":{"line":1,"column":2635},"end":{"line":80,"column":6}},"loc":{"start":{"line":1,"column":2635},"end":{"line":80,"column":6}},"line":1}},"f":{"0":1}}
}
