{"/Users/arnaudambroselli/Pro/2025-02-070_Bibi_Translation/i18n-keyless-lib/packages/vue/I18nKeylessProvider.ts": {"path":"/Users/arnaudambroselli/Pro/2025-02-070_Bibi_Translation/i18n-keyless-lib/packages/vue/I18nKeylessProvider.ts","all":false,"statementMap":{"0":{"start":{"line":1,"column":0},"end":{"line":1,"column":97}},"2":{"start":{"line":3,"column":0},"end":{"line":3,"column":38}},"3":{"start":{"line":4,"column":0},"end":{"line":4,"column":50}},"5":{"start":{"line":6,"column":0},"end":{"line":6,"column":83}},"39":{"start":{"line":40,"column":0},"end":{"line":40,"column":52}},"40":{"start":{"line":41,"column":0},"end":{"line":41,"column":30}},"41":{"start":{"line":42,"column":0},"end":{"line":42,"column":10}},"42":{"start":{"line":43,"column":0},"end":{"line":43,"column":61}},"43":{"start":{"line":44,"column":0},"end":{"line":44,"column":77}},"44":{"start":{"line":45,"column":0},"end":{"line":45,"column":4}},"45":{"start":{"line":46,"column":0},"end":{"line":46,"column":27}},"47":{"start":{"line":48,"column":0},"end":{"line":48,"column":12}},"48":{"start":{"line":49,"column":0},"end":{"line":49,"column":25}},"49":{"start":{"line":50,"column":0},"end":{"line":50,"column":90}},"50":{"start":{"line":51,"column":0},"end":{"line":51,"column":6}},"54":{"start":{"line":55,"column":0},"end":{"line":55,"column":24}},"55":{"start":{"line":56,"column":0},"end":{"line":56,"column":28}},"56":{"start":{"line":57,"column":0},"end":{"line":57,"column":36}},"57":{"start":{"line":58,"column":0},"end":{"line":58,"column":71}},"58":{"start":{"line":59,"column":0},"end":{"line":59,"column":10}},"59":{"start":{"line":60,"column":0},"end":{"line":60,"column":6}},"60":{"start":{"line":61,"column":0},"end":{"line":61,"column":21}},"61":{"start":{"line":62,"column":0},"end":{"line":62,"column":13}},"62":{"start":{"line":63,"column":0},"end":{"line":63,"column":64}},"63":{"start":{"line":64,"column":0},"end":{"line":64,"column":7}},"65":{"start":{"line":66,"column":0},"end":{"line":66,"column":35}},"66":{"start":{"line":67,"column":0},"end":{"line":67,"column":4}},"67":{"start":{"line":68,"column":0},"end":{"line":68,"column":3}}},"s":{"0":1,"2":1,"3":1,"5":1,"39":1,"40":1,"41":1,"42":1,"43":1,"44":1,"45":1,"47":13,"48":13,"49":13,"50":13,"54":13,"55":12,"56":12,"57":12,"58":12,"59":12,"60":13,"61":11,"62":11,"63":13,"65":13,"66":13,"67":1},"branchMap":{"0":{"type":"branch","line":46,"loc":{"start":{"line":46,"column":2},"end":{"line":67,"column":4}},"locations":[{"start":{"line":46,"column":2},"end":{"line":67,"column":4}}]},"1":{"type":"branch","line":55,"loc":{"start":{"line":55,"column":17},"end":{"line":60,"column":6}},"locations":[{"start":{"line":55,"column":17},"end":{"line":60,"column":6}}]},"2":{"type":"branch","line":56,"loc":{"start":{"line":56,"column":15},"end":{"line":59,"column":8}},"locations":[{"start":{"line":56,"column":15},"end":{"line":59,"column":8}}]},"3":{"type":"branch","line":61,"loc":{"start":{"line":61,"column":14},"end":{"line":64,"column":5}},"locations":[{"start":{"line":61,"column":14},"end":{"line":64,"column":5}}]},"4":{"type":"branch","line":63,"loc":{"start":{"line":63,"column":13},"end":{"line":63,"column":31}},"locations":[{"start":{"line":63,"column":13},"end":{"line":63,"column":31}}]},"5":{"type":"branch","line":63,"loc":{"start":{"line":63,"column":31},"end":{"line":63,"column":55}},"locations":[{"start":{"line":63,"column":31},"end":{"line":63,"column":55}}]},"6":{"type":"branch","line":66,"loc":{"start":{"line":66,"column":11},"end":{"line":66,"column":35}},"locations":[{"start":{"line":66,"column":11},"end":{"line":66,"column":35}}]}},"b":{"0":[13],"1":[12],"2":[12],"3":[11],"4":[12],"5":[12],"6":[14]},"fnMap":{"0":{"name":"setup","decl":{"start":{"line":46,"column":2},"end":{"line":67,"column":4}},"loc":{"start":{"line":46,"column":2},"end":{"line":67,"column":4}},"line":46},"1":{"name":"seed","decl":{"start":{"line":55,"column":17},"end":{"line":60,"column":6}},"loc":{"start":{"line":55,"column":17},"end":{"line":60,"column":6}},"line":55}},"f":{"0":13,"1":12}}
,"/Users/arnaudambroselli/Pro/2025-02-070_Bibi_Translation/i18n-keyless-lib/packages/vue/I18nKeylessText.ts": {"path":"/Users/arnaudambroselli/Pro/2025-02-070_Bibi_Translation/i18n-keyless-lib/packages/vue/I18nKeylessText.ts","all":false,"statementMap":{"0":{"start":{"line":1,"column":0},"end":{"line":1,"column":91}},"2":{"start":{"line":3,"column":0},"end":{"line":3,"column":53}},"3":{"start":{"line":4,"column":0},"end":{"line":4,"column":85}},"48":{"start":{"line":49,"column":0},"end":{"line":49,"column":35}},"49":{"start":{"line":50,"column":0},"end":{"line":50,"column":83}},"50":{"start":{"line":51,"column":0},"end":{"line":51,"column":1}},"57":{"start":{"line":58,"column":0},"end":{"line":58,"column":56}},"58":{"start":{"line":59,"column":0},"end":{"line":59,"column":16}},"59":{"start":{"line":60,"column":0},"end":{"line":60,"column":14}},"60":{"start":{"line":61,"column":0},"end":{"line":61,"column":3}},"61":{"start":{"line":62,"column":0},"end":{"line":62,"column":16}},"62":{"start":{"line":63,"column":0},"end":{"line":63,"column":31}},"63":{"start":{"line":64,"column":0},"end":{"line":64,"column":33}},"64":{"start":{"line":65,"column":0},"end":{"line":65,"column":15}},"65":{"start":{"line":66,"column":0},"end":{"line":66,"column":5}},"66":{"start":{"line":67,"column":0},"end":{"line":67,"column":45}},"67":{"start":{"line":68,"column":0},"end":{"line":68,"column":29}},"68":{"start":{"line":69,"column":0},"end":{"line":69,"column":47}},"69":{"start":{"line":70,"column":0},"end":{"line":70,"column":50}},"70":{"start":{"line":71,"column":0},"end":{"line":71,"column":5}},"71":{"start":{"line":72,"column":0},"end":{"line":72,"column":3}},"72":{"start":{"line":73,"column":0},"end":{"line":73,"column":14}},"73":{"start":{"line":74,"column":0},"end":{"line":74,"column":1}},"75":{"start":{"line":76,"column":0},"end":{"line":76,"column":47}},"76":{"start":{"line":77,"column":0},"end":{"line":77,"column":48}},"77":{"start":{"line":78,"column":0},"end":{"line":78,"column":17}},"78":{"start":{"line":79,"column":0},"end":{"line":79,"column":82}},"80":{"start":{"line":81,"column":0},"end":{"line":81,"column":6}},"81":{"start":{"line":82,"column":0},"end":{"line":82,"column":3}},"82":{"start":{"line":83,"column":0},"end":{"line":83,"column":2}},"97":{"start":{"line":98,"column":0},"end":{"line":98,"column":48}},"98":{"start":{"line":99,"column":0},"end":{"line":99,"column":26}},"99":{"start":{"line":100,"column":0},"end":{"line":100,"column":10}},"100":{"start":{"line":101,"column":0},"end":{"line":101,"column":83}},"101":{"start":{"line":102,"column":0},"end":{"line":102,"column":47}},"102":{"start":{"line":103,"column":0},"end":{"line":103,"column":49}},"103":{"start":{"line":104,"column":0},"end":{"line":104,"column":81}},"104":{"start":{"line":105,"column":0},"end":{"line":105,"column":62}},"105":{"start":{"line":106,"column":0},"end":{"line":106,"column":97}},"106":{"start":{"line":107,"column":0},"end":{"line":107,"column":72}},"107":{"start":{"line":108,"column":0},"end":{"line":108,"column":4}},"108":{"start":{"line":109,"column":0},"end":{"line":109,"column":27}},"109":{"start":{"line":110,"column":0},"end":{"line":110,"column":42}},"112":{"start":{"line":113,"column":0},"end":{"line":113,"column":49}},"113":{"start":{"line":114,"column":0},"end":{"line":114,"column":37}},"114":{"start":{"line":115,"column":0},"end":{"line":115,"column":18}},"117":{"start":{"line":118,"column":0},"end":{"line":118,"column":50}},"118":{"start":{"line":119,"column":0},"end":{"line":119,"column":33}},"119":{"start":{"line":120,"column":0},"end":{"line":120,"column":27}},"120":{"start":{"line":121,"column":0},"end":{"line":121,"column":37}},"121":{"start":{"line":122,"column":0},"end":{"line":122,"column":7}},"122":{"start":{"line":123,"column":0},"end":{"line":123,"column":74}},"123":{"start":{"line":124,"column":0},"end":{"line":124,"column":35}},"124":{"start":{"line":125,"column":0},"end":{"line":125,"column":6}},"125":{"start":{"line":126,"column":0},"end":{"line":126,"column":4}},"126":{"start":{"line":127,"column":0},"end":{"line":127,"column":3}},"128":{"start":{"line":129,"column":0},"end":{"line":129,"column":33}}},"s":{"0":1,"2":1,"3":1,"48":42,"49":42,"50":42,"57":99,"58":99,"59":1,"60":1,"61":98,"62":99,"63":100,"64":1,"65":1,"66":100,"67":98,"68":100,"69":1,"70":1,"71":100,"72":98,"73":98,"75":1,"76":42,"77":1,"78":1,"80":1,"81":1,"82":42,"97":1,"98":1,"99":1,"100":1,"101":1,"102":1,"103":1,"104":1,"105":1,"106":1,"107":1,"108":1,"109":40,"112":40,"113":40,"114":40,"117":98,"118":98,"119":42,"120":42,"121":42,"122":98,"123":98,"124":98,"125":40,"126":1,"128":1},"branchMap":{"0":{"type":"branch","line":49,"loc":{"start":{"line":49,"column":0},"end":{"line":51,"column":1}},"locations":[{"start":{"line":49,"column":0},"end":{"line":51,"column":1}}]},"1":{"type":"branch","line":58,"loc":{"start":{"line":58,"column":0},"end":{"line":74,"column":1}},"locations":[{"start":{"line":58,"column":0},"end":{"line":74,"column":1}}]},"2":{"type":"branch","line":59,"loc":{"start":{"line":59,"column":15},"end":{"line":61,"column":3}},"locations":[{"start":{"line":59,"column":15},"end":{"line":61,"column":3}}]},"3":{"type":"branch","line":61,"loc":{"start":{"line":61,"column":2},"end":{"line":63,"column":30}},"locations":[{"start":{"line":61,"column":2},"end":{"line":63,"column":30}}]},"4":{"type":"branch","line":63,"loc":{"start":{"line":63,"column":30},"end":{"line":72,"column":3}},"locations":[{"start":{"line":63,"column":30},"end":{"line":72,"column":3}}]},"5":{"type":"branch","line":64,"loc":{"start":{"line":64,"column":32},"end":{"line":66,"column":5}},"locations":[{"start":{"line":64,"column":32},"end":{"line":66,"column":5}}]},"6":{"type":"branch","line":66,"loc":{"start":{"line":66,"column":4},"end":{"line":67,"column":44}},"locations":[{"start":{"line":66,"column":4},"end":{"line":67,"column":44}}]},"7":{"type":"branch","line":67,"loc":{"start":{"line":67,"column":44},"end":{"line":69,"column":15}},"locations":[{"start":{"line":67,"column":44},"end":{"line":69,"column":15}}]},"8":{"type":"branch","line":69,"loc":{"start":{"line":69,"column":4},"end":{"line":71,"column":5}},"locations":[{"start":{"line":69,"column":4},"end":{"line":71,"column":5}}]},"9":{"type":"branch","line":72,"loc":{"start":{"line":72,"column":2},"end":{"line":74,"column":1}},"locations":[{"start":{"line":72,"column":2},"end":{"line":74,"column":1}}]},"10":{"type":"branch","line":76,"loc":{"start":{"line":76,"column":28},"end":{"line":83,"column":2}},"locations":[{"start":{"line":76,"column":28},"end":{"line":83,"column":2}}]},"11":{"type":"branch","line":77,"loc":{"start":{"line":77,"column":20},"end":{"line":77,"column":47}},"locations":[{"start":{"line":77,"column":20},"end":{"line":77,"column":47}}]},"12":{"type":"branch","line":77,"loc":{"start":{"line":77,"column":47},"end":{"line":82,"column":3}},"locations":[{"start":{"line":77,"column":47},"end":{"line":82,"column":3}}]},"13":{"type":"branch","line":109,"loc":{"start":{"line":109,"column":2},"end":{"line":126,"column":4}},"locations":[{"start":{"line":109,"column":2},"end":{"line":126,"column":4}}]},"14":{"type":"branch","line":115,"loc":{"start":{"line":115,"column":11},"end":{"line":125,"column":6}},"locations":[{"start":{"line":115,"column":11},"end":{"line":125,"column":6}}]},"15":{"type":"branch","line":118,"loc":{"start":{"line":118,"column":37},"end":{"line":118,"column":48}},"locations":[{"start":{"line":118,"column":37},"end":{"line":118,"column":48}}]},"16":{"type":"branch","line":119,"loc":{"start":{"line":119,"column":32},"end":{"line":122,"column":7}},"locations":[{"start":{"line":119,"column":32},"end":{"line":122,"column":7}}]}},"b":{"0":[42],"1":[99],"2":[1],"3":[98],"4":[100],"5":[1],"6":[99],"7":[98],"8":[1],"9":[98],"10":[42],"11":[2],"12":[1],"13":[40],"14":[98],"15":[97],"16":[42]},"fnMap":{"0":{"name":"isDevelopment","decl":{"start":{"line":49,"column":0},"end":{"line":51,"column":1}},"loc":{"start":{"line":49,"column":0},"end":{"line":51,"column":1}},"line":49},"1":{"name":"slotText","decl":{"start":{"line":58,"column":0},"end":{"line":74,"column":1}},"loc":{"start":{"line":58,"column":0},"end":{"line":74,"column":1}},"line":58},"2":{"name":"warnAboutWhitespace","decl":{"start":{"line":76,"column":28},"end":{"line":83,"column":2}},"loc":{"start":{"line":76,"column":28},"end":{"line":83,"column":2}},"line":76},"3":{"name":"setup","decl":{"start":{"line":109,"column":2},"end":{"line":126,"column":4}},"loc":{"start":{"line":109,"column":2},"end":{"line":126,"column":4}},"line":109}},"f":{"0":42,"1":99,"2":42,"3":40}}
,"/Users/arnaudambroselli/Pro/2025-02-070_Bibi_Translation/i18n-keyless-lib/packages/vue/context.ts": {"path":"/Users/arnaudambroselli/Pro/2025-02-070_Bibi_Translation/i18n-keyless-lib/packages/vue/context.ts","all":false,"statementMap":{"0":{"start":{"line":1,"column":0},"end":{"line":1,"column":69}},"22":{"start":{"line":23,"column":0},"end":{"line":23,"column":106}},"33":{"start":{"line":34,"column":0},"end":{"line":34,"column":73}},"34":{"start":{"line":35,"column":0},"end":{"line":35,"column":31}},"35":{"start":{"line":36,"column":0},"end":{"line":36,"column":16}},"36":{"start":{"line":37,"column":0},"end":{"line":37,"column":3}},"37":{"start":{"line":38,"column":0},"end":{"line":38,"column":42}},"38":{"start":{"line":39,"column":0},"end":{"line":39,"column":1}}},"s":{"0":1,"22":1,"33":1,"34":61,"35":1,"36":1,"37":60,"38":60},"branchMap":{"0":{"type":"branch","line":34,"loc":{"start":{"line":34,"column":7},"end":{"line":39,"column":1}},"locations":[{"start":{"line":34,"column":7},"end":{"line":39,"column":1}}]},"1":{"type":"branch","line":35,"loc":{"start":{"line":35,"column":30},"end":{"line":37,"column":3}},"locations":[{"start":{"line":35,"column":30},"end":{"line":37,"column":3}}]},"2":{"type":"branch","line":37,"loc":{"start":{"line":37,"column":2},"end":{"line":39,"column":1}},"locations":[{"start":{"line":37,"column":2},"end":{"line":39,"column":1}}]}},"b":{"0":[61],"1":[1],"2":[60]},"fnMap":{"0":{"name":"useI18nKeylessContext","decl":{"start":{"line":34,"column":7},"end":{"line":39,"column":1}},"loc":{"start":{"line":34,"column":7},"end":{"line":39,"column":1}},"line":34}},"f":{"0":61}}
,"/Users/arnaudambroselli/Pro/2025-02-070_Bibi_Translation/i18n-keyless-lib/packages/vue/plugin.ts": {"path":"/Users/arnaudambroselli/Pro/2025-02-070_Bibi_Translation/i18n-keyless-lib/packages/vue/plugin.ts","all":false,"statementMap":{"0":{"start":{"line":1,"column":0},"end":{"line":1,"column":71}},"2":{"start":{"line":3,"column":0},"end":{"line":3,"column":50}},"3":{"start":{"line":4,"column":0},"end":{"line":4,"column":55}},"4":{"start":{"line":5,"column":0},"end":{"line":5,"column":63}},"5":{"start":{"line":6,"column":0},"end":{"line":6,"column":53}},"45":{"start":{"line":46,"column":0},"end":{"line":46,"column":28}},"46":{"start":{"line":47,"column":0},"end":{"line":47,"column":67}},"47":{"start":{"line":48,"column":0},"end":{"line":48,"column":25}},"48":{"start":{"line":49,"column":0},"end":{"line":49,"column":27}},"49":{"start":{"line":50,"column":0},"end":{"line":50,"column":5}},"50":{"start":{"line":51,"column":0},"end":{"line":51,"column":23}},"51":{"start":{"line":52,"column":0},"end":{"line":52,"column":42}},"52":{"start":{"line":53,"column":0},"end":{"line":53,"column":64}},"53":{"start":{"line":54,"column":0},"end":{"line":54,"column":98}},"54":{"start":{"line":55,"column":0},"end":{"line":55,"column":42}},"55":{"start":{"line":56,"column":0},"end":{"line":56,"column":88}},"56":{"start":{"line":57,"column":0},"end":{"line":57,"column":7}},"57":{"start":{"line":58,"column":0},"end":{"line":58,"column":5}},"58":{"start":{"line":59,"column":0},"end":{"line":59,"column":47}},"59":{"start":{"line":60,"column":0},"end":{"line":60,"column":56}},"60":{"start":{"line":61,"column":0},"end":{"line":61,"column":42}},"61":{"start":{"line":62,"column":0},"end":{"line":62,"column":64}},"62":{"start":{"line":63,"column":0},"end":{"line":63,"column":5}},"63":{"start":{"line":64,"column":0},"end":{"line":64,"column":4}},"64":{"start":{"line":65,"column":0},"end":{"line":65,"column":2}}},"s":{"0":1,"2":1,"3":1,"4":1,"5":1,"45":1,"46":1,"47":8,"48":1,"49":1,"50":8,"51":4,"52":4,"53":4,"54":4,"55":4,"56":4,"57":4,"58":8,"59":7,"60":7,"61":7,"62":7,"63":8,"64":1},"branchMap":{"0":{"type":"branch","line":47,"loc":{"start":{"line":47,"column":2},"end":{"line":64,"column":4}},"locations":[{"start":{"line":47,"column":2},"end":{"line":64,"column":4}}]},"1":{"type":"branch","line":48,"loc":{"start":{"line":48,"column":24},"end":{"line":50,"column":5}},"locations":[{"start":{"line":48,"column":24},"end":{"line":50,"column":5}}]},"2":{"type":"branch","line":51,"loc":{"start":{"line":51,"column":22},"end":{"line":58,"column":5}},"locations":[{"start":{"line":51,"column":22},"end":{"line":58,"column":5}}]},"3":{"type":"branch","line":53,"loc":{"start":{"line":53,"column":44},"end":{"line":53,"column":62}},"locations":[{"start":{"line":53,"column":44},"end":{"line":53,"column":62}}]},"4":{"type":"branch","line":59,"loc":{"start":{"line":59,"column":46},"end":{"line":63,"column":5}},"locations":[{"start":{"line":59,"column":46},"end":{"line":63,"column":5}}]}},"b":{"0":[8],"1":[1],"2":[4],"3":[1],"4":[7]},"fnMap":{"0":{"name":"install","decl":{"start":{"line":47,"column":2},"end":{"line":64,"column":4}},"loc":{"start":{"line":47,"column":2},"end":{"line":64,"column":4}},"line":47}},"f":{"0":8}}
,"/Users/arnaudambroselli/Pro/2025-02-070_Bibi_Translation/i18n-keyless-lib/packages/vue/request-scope.ts": {"path":"/Users/arnaudambroselli/Pro/2025-02-070_Bibi_Translation/i18n-keyless-lib/packages/vue/request-scope.ts","all":false,"statementMap":{"48":{"start":{"line":49,"column":0},"end":{"line":49,"column":39}},"49":{"start":{"line":50,"column":0},"end":{"line":50,"column":48}},"56":{"start":{"line":57,"column":0},"end":{"line":57,"column":43}},"58":{"start":{"line":59,"column":0},"end":{"line":59,"column":69}},"59":{"start":{"line":60,"column":0},"end":{"line":60,"column":27}},"60":{"start":{"line":61,"column":0},"end":{"line":61,"column":1}},"62":{"start":{"line":63,"column":0},"end":{"line":63,"column":43}},"65":{"start":{"line":66,"column":0},"end":{"line":66,"column":59}},"66":{"start":{"line":67,"column":0},"end":{"line":67,"column":11}},"67":{"start":{"line":68,"column":0},"end":{"line":68,"column":3}},"68":{"start":{"line":69,"column":0},"end":{"line":69,"column":32}},"69":{"start":{"line":70,"column":0},"end":{"line":70,"column":43}},"70":{"start":{"line":71,"column":0},"end":{"line":71,"column":11}},"80":{"start":{"line":81,"column":0},"end":{"line":81,"column":95}},"83":{"start":{"line":84,"column":0},"end":{"line":84,"column":39}},"84":{"start":{"line":85,"column":0},"end":{"line":85,"column":56}},"85":{"start":{"line":86,"column":0},"end":{"line":86,"column":15}},"88":{"start":{"line":89,"column":0},"end":{"line":89,"column":7}},"89":{"start":{"line":90,"column":0},"end":{"line":90,"column":9}},"90":{"start":{"line":91,"column":0},"end":{"line":91,"column":3}},"91":{"start":{"line":92,"column":0},"end":{"line":92,"column":31}},"92":{"start":{"line":93,"column":0},"end":{"line":93,"column":1}},"110":{"start":{"line":111,"column":0},"end":{"line":111,"column":95}},"111":{"start":{"line":112,"column":0},"end":{"line":112,"column":20}},"112":{"start":{"line":113,"column":0},"end":{"line":113,"column":23}},"113":{"start":{"line":114,"column":0},"end":{"line":114,"column":13}},"114":{"start":{"line":115,"column":0},"end":{"line":115,"column":16}},"115":{"start":{"line":116,"column":0},"end":{"line":116,"column":3}},"117":{"start":{"line":118,"column":0},"end":{"line":118,"column":94}},"118":{"start":{"line":119,"column":0},"end":{"line":119,"column":1}},"126":{"start":{"line":127,"column":0},"end":{"line":127,"column":65}},"127":{"start":{"line":128,"column":0},"end":{"line":128,"column":33}},"128":{"start":{"line":129,"column":0},"end":{"line":129,"column":72}},"129":{"start":{"line":130,"column":0},"end":{"line":130,"column":1}},"137":{"start":{"line":138,"column":0},"end":{"line":138,"column":50}},"138":{"start":{"line":139,"column":0},"end":{"line":139,"column":38}},"139":{"start":{"line":140,"column":0},"end":{"line":140,"column":1}},"151":{"start":{"line":152,"column":0},"end":{"line":152,"column":77}},"152":{"start":{"line":153,"column":0},"end":{"line":153,"column":33}},"153":{"start":{"line":154,"column":0},"end":{"line":154,"column":11}},"154":{"start":{"line":155,"column":0},"end":{"line":155,"column":21}},"155":{"start":{"line":156,"column":0},"end":{"line":156,"column":3}},"156":{"start":{"line":157,"column":0},"end":{"line":157,"column":40}},"157":{"start":{"line":158,"column":0},"end":{"line":158,"column":29}},"158":{"start":{"line":159,"column":0},"end":{"line":159,"column":32}},"159":{"start":{"line":160,"column":0},"end":{"line":160,"column":46}},"160":{"start":{"line":161,"column":0},"end":{"line":161,"column":5}},"161":{"start":{"line":162,"column":0},"end":{"line":162,"column":3}},"162":{"start":{"line":163,"column":0},"end":{"line":163,"column":40}},"163":{"start":{"line":164,"column":0},"end":{"line":164,"column":1}}},"s":{"48":1,"49":1,"56":1,"58":494,"59":494,"60":494,"62":8,"65":8,"66":4,"67":4,"68":7,"69":2,"70":2,"80":2,"83":2,"84":1,"85":1,"88":1,"89":2,"90":2,"91":4,"92":4,"110":8,"111":8,"112":8,"113":8,"114":3,"115":3,"117":5,"118":5,"126":1,"127":384,"128":384,"129":384,"137":1,"138":98,"139":98,"151":1,"152":4,"153":4,"154":2,"155":2,"156":2,"157":4,"158":3,"159":2,"160":2,"161":3,"162":2,"163":2},"branchMap":{"0":{"type":"branch","line":59,"loc":{"start":{"line":59,"column":0},"end":{"line":61,"column":1}},"locations":[{"start":{"line":59,"column":0},"end":{"line":61,"column":1}}]},"1":{"type":"branch","line":63,"loc":{"start":{"line":63,"column":0},"end":{"line":93,"column":1}},"locations":[{"start":{"line":63,"column":0},"end":{"line":93,"column":1}}]},"2":{"type":"branch","line":66,"loc":{"start":{"line":66,"column":22},"end":{"line":66,"column":58}},"locations":[{"start":{"line":66,"column":22},"end":{"line":66,"column":58}}]},"3":{"type":"branch","line":66,"loc":{"start":{"line":66,"column":58},"end":{"line":68,"column":3}},"locations":[{"start":{"line":66,"column":58},"end":{"line":68,"column":3}}]},"4":{"type":"branch","line":68,"loc":{"start":{"line":68,"column":2},"end":{"line":93,"column":1}},"locations":[{"start":{"line":68,"column":2},"end":{"line":93,"column":1}}]},"5":{"type":"branch","line":68,"loc":{"start":{"line":68,"column":2},"end":{"line":69,"column":31}},"locations":[{"start":{"line":68,"column":2},"end":{"line":69,"column":31}}]},"6":{"type":"branch","line":69,"loc":{"start":{"line":69,"column":31},"end":{"line":91,"column":3}},"locations":[{"start":{"line":69,"column":31},"end":{"line":91,"column":3}}]},"7":{"type":"branch","line":91,"loc":{"start":{"line":91,"column":2},"end":{"line":93,"column":1}},"locations":[{"start":{"line":91,"column":2},"end":{"line":93,"column":1}}]},"8":{"type":"branch","line":70,"loc":{"start":{"line":70,"column":30},"end":{"line":90,"column":7}},"locations":[{"start":{"line":70,"column":30},"end":{"line":90,"column":7}}]},"9":{"type":"branch","line":84,"loc":{"start":{"line":84,"column":37},"end":{"line":89,"column":7}},"locations":[{"start":{"line":84,"column":37},"end":{"line":89,"column":7}}]},"10":{"type":"branch","line":111,"loc":{"start":{"line":111,"column":0},"end":{"line":119,"column":1}},"locations":[{"start":{"line":111,"column":0},"end":{"line":119,"column":1}}]},"11":{"type":"branch","line":114,"loc":{"start":{"line":114,"column":12},"end":{"line":116,"column":3}},"locations":[{"start":{"line":114,"column":12},"end":{"line":116,"column":3}}]},"12":{"type":"branch","line":116,"loc":{"start":{"line":116,"column":2},"end":{"line":119,"column":1}},"locations":[{"start":{"line":116,"column":2},"end":{"line":119,"column":1}}]},"13":{"type":"branch","line":127,"loc":{"start":{"line":127,"column":7},"end":{"line":130,"column":1}},"locations":[{"start":{"line":127,"column":7},"end":{"line":130,"column":1}}]},"14":{"type":"branch","line":128,"loc":{"start":{"line":128,"column":19},"end":{"line":128,"column":31}},"locations":[{"start":{"line":128,"column":19},"end":{"line":128,"column":31}}]},"15":{"type":"branch","line":129,"loc":{"start":{"line":129,"column":9},"end":{"line":129,"column":62}},"locations":[{"start":{"line":129,"column":9},"end":{"line":129,"column":62}}]},"16":{"type":"branch","line":129,"loc":{"start":{"line":129,"column":58},"end":{"line":129,"column":72}},"locations":[{"start":{"line":129,"column":58},"end":{"line":129,"column":72}}]},"17":{"type":"branch","line":138,"loc":{"start":{"line":138,"column":7},"end":{"line":140,"column":1}},"locations":[{"start":{"line":138,"column":7},"end":{"line":140,"column":1}}]},"18":{"type":"branch","line":139,"loc":{"start":{"line":139,"column":21},"end":{"line":139,"column":29}},"locations":[{"start":{"line":139,"column":21},"end":{"line":139,"column":29}}]},"19":{"type":"branch","line":152,"loc":{"start":{"line":152,"column":7},"end":{"line":164,"column":1}},"locations":[{"start":{"line":152,"column":7},"end":{"line":164,"column":1}}]},"20":{"type":"branch","line":153,"loc":{"start":{"line":153,"column":19},"end":{"line":153,"column":31}},"locations":[{"start":{"line":153,"column":19},"end":{"line":153,"column":31}}]},"21":{"type":"branch","line":154,"loc":{"start":{"line":154,"column":10},"end":{"line":158,"column":28}},"locations":[{"start":{"line":154,"column":10},"end":{"line":158,"column":28}}]},"22":{"type":"branch","line":158,"loc":{"start":{"line":158,"column":28},"end":{"line":162,"column":3}},"locations":[{"start":{"line":158,"column":28},"end":{"line":162,"column":3}}]},"23":{"type":"branch","line":159,"loc":{"start":{"line":159,"column":31},"end":{"line":161,"column":5}},"locations":[{"start":{"line":159,"column":31},"end":{"line":161,"column":5}}]},"24":{"type":"branch","line":162,"loc":{"start":{"line":162,"column":2},"end":{"line":164,"column":1}},"locations":[{"start":{"line":162,"column":2},"end":{"line":164,"column":1}}]}},"b":{"0":[494],"1":[8],"2":[5],"3":[4],"4":[7],"5":[4],"6":[2],"7":[4],"8":[2],"9":[1],"10":[8],"11":[3],"12":[5],"13":[384],"14":[382],"15":[8],"16":[376],"17":[98],"18":[4],"19":[4],"20":[3],"21":[2],"22":[3],"23":[2],"24":[2]},"fnMap":{"0":{"name":"getAls","decl":{"start":{"line":59,"column":0},"end":{"line":61,"column":1}},"loc":{"start":{"line":59,"column":0},"end":{"line":61,"column":1}},"line":59},"1":{"name":"ensureALS","decl":{"start":{"line":63,"column":0},"end":{"line":93,"column":1}},"loc":{"start":{"line":63,"column":0},"end":{"line":93,"column":1}},"line":63},"2":{"name":"runWithI18nKeyless","decl":{"start":{"line":111,"column":0},"end":{"line":119,"column":1}},"loc":{"start":{"line":111,"column":0},"end":{"line":119,"column":1}},"line":111},"3":{"name":"getRequestScope","decl":{"start":{"line":127,"column":7},"end":{"line":130,"column":1}},"loc":{"start":{"line":127,"column":7},"end":{"line":130,"column":1}},"line":127},"4":{"name":"recordUsedKey","decl":{"start":{"line":138,"column":7},"end":{"line":140,"column":1}},"loc":{"start":{"line":138,"column":7},"end":{"line":140,"column":1}},"line":138},"5":{"name":"getUsedTranslationsSnapshot","decl":{"start":{"line":152,"column":7},"end":{"line":164,"column":1}},"loc":{"start":{"line":152,"column":7},"end":{"line":164,"column":1}},"line":152}},"f":{"0":494,"1":8,"2":8,"3":384,"4":98,"5":4}}
,"/Users/arnaudambroselli/Pro/2025-02-070_Bibi_Translation/i18n-keyless-lib/packages/vue/server.ts": {"path":"/Users/arnaudambroselli/Pro/2025-02-070_Bibi_Translation/i18n-keyless-lib/packages/vue/server.ts","all":false,"statementMap":{"0":{"start":{"line":1,"column":0},"end":{"line":1,"column":97}},"1":{"start":{"line":2,"column":0},"end":{"line":2,"column":35}},"11":{"start":{"line":12,"column":0},"end":{"line":12,"column":44}},"25":{"start":{"line":26,"column":0},"end":{"line":26,"column":80}},"26":{"start":{"line":27,"column":0},"end":{"line":27,"column":48}},"27":{"start":{"line":28,"column":0},"end":{"line":28,"column":14}},"28":{"start":{"line":29,"column":0},"end":{"line":29,"column":3}},"29":{"start":{"line":30,"column":0},"end":{"line":30,"column":33}},"30":{"start":{"line":31,"column":0},"end":{"line":31,"column":15}},"31":{"start":{"line":32,"column":0},"end":{"line":32,"column":18}},"32":{"start":{"line":33,"column":0},"end":{"line":33,"column":3}},"34":{"start":{"line":35,"column":0},"end":{"line":35,"column":95}},"35":{"start":{"line":36,"column":0},"end":{"line":36,"column":70}},"36":{"start":{"line":37,"column":0},"end":{"line":37,"column":32}},"37":{"start":{"line":38,"column":0},"end":{"line":38,"column":22}},"38":{"start":{"line":39,"column":0},"end":{"line":39,"column":1}},"44":{"start":{"line":45,"column":0},"end":{"line":45,"column":65}},"45":{"start":{"line":46,"column":0},"end":{"line":46,"column":13}},"46":{"start":{"line":47,"column":0},"end":{"line":47,"column":23}},"47":{"start":{"line":48,"column":0},"end":{"line":48,"column":10}},"48":{"start":{"line":49,"column":0},"end":{"line":49,"column":18}},"49":{"start":{"line":50,"column":0},"end":{"line":50,"column":3}},"50":{"start":{"line":51,"column":0},"end":{"line":51,"column":1}}},"s":{"0":1,"1":1,"11":1,"25":10,"26":10,"27":1,"28":1,"29":9,"30":10,"31":3,"32":3,"34":6,"35":10,"36":10,"37":10,"38":10,"44":1,"45":2,"46":1,"47":1,"48":1,"49":1,"50":2},"branchMap":{"0":{"type":"branch","line":26,"loc":{"start":{"line":26,"column":0},"end":{"line":39,"column":1}},"locations":[{"start":{"line":26,"column":0},"end":{"line":39,"column":1}}]},"1":{"type":"branch","line":27,"loc":{"start":{"line":27,"column":47},"end":{"line":29,"column":3}},"locations":[{"start":{"line":27,"column":47},"end":{"line":29,"column":3}}]},"2":{"type":"branch","line":29,"loc":{"start":{"line":29,"column":2},"end":{"line":31,"column":14}},"locations":[{"start":{"line":29,"column":2},"end":{"line":31,"column":14}}]},"3":{"type":"branch","line":31,"loc":{"start":{"line":31,"column":14},"end":{"line":33,"column":3}},"locations":[{"start":{"line":31,"column":14},"end":{"line":33,"column":3}}]},"4":{"type":"branch","line":33,"loc":{"start":{"line":33,"column":2},"end":{"line":36,"column":33}},"locations":[{"start":{"line":33,"column":2},"end":{"line":36,"column":33}}]},"5":{"type":"branch","line":36,"loc":{"start":{"line":36,"column":23},"end":{"line":36,"column":38}},"locations":[{"start":{"line":36,"column":23},"end":{"line":36,"column":38}}]},"6":{"type":"branch","line":36,"loc":{"start":{"line":36,"column":33},"end":{"line":36,"column":67}},"locations":[{"start":{"line":36,"column":33},"end":{"line":36,"column":67}}]},"7":{"type":"branch","line":36,"loc":{"start":{"line":36,"column":52},"end":{"line":36,"column":70}},"locations":[{"start":{"line":36,"column":52},"end":{"line":36,"column":70}}]},"8":{"type":"branch","line":45,"loc":{"start":{"line":45,"column":7},"end":{"line":51,"column":1}},"locations":[{"start":{"line":45,"column":7},"end":{"line":51,"column":1}}]},"9":{"type":"branch","line":46,"loc":{"start":{"line":46,"column":12},"end":{"line":50,"column":3}},"locations":[{"start":{"line":46,"column":12},"end":{"line":50,"column":3}}]}},"b":{"0":[10],"1":[1],"2":[9],"3":[3],"4":[6],"5":[5],"6":[5],"7":[1],"8":[2],"9":[1]},"fnMap":{"0":{"name":"getServerTranslations","decl":{"start":{"line":26,"column":0},"end":{"line":39,"column":1}},"loc":{"start":{"line":26,"column":0},"end":{"line":39,"column":1}},"line":26},"1":{"name":"clearServerTranslationsCache","decl":{"start":{"line":45,"column":7},"end":{"line":51,"column":1}},"loc":{"start":{"line":45,"column":7},"end":{"line":51,"column":1}},"line":45}},"f":{"0":10,"1":2}}
,"/Users/arnaudambroselli/Pro/2025-02-070_Bibi_Translation/i18n-keyless-lib/packages/vue/store.ts": {"path":"/Users/arnaudambroselli/Pro/2025-02-070_Bibi_Translation/i18n-keyless-lib/packages/vue/store.ts","all":false,"statementMap":{"0":{"start":{"line":1,"column":0},"end":{"line":1,"column":8}},"21":{"start":{"line":22,"column":0},"end":{"line":22,"column":66}},"23":{"start":{"line":24,"column":0},"end":{"line":24,"column":53}},"24":{"start":{"line":25,"column":0},"end":{"line":25,"column":8}},"34":{"start":{"line":35,"column":0},"end":{"line":35,"column":68}},"41":{"start":{"line":42,"column":0},"end":{"line":42,"column":40}},"42":{"start":{"line":43,"column":0},"end":{"line":43,"column":39}},"43":{"start":{"line":44,"column":0},"end":{"line":44,"column":1}},"52":{"start":{"line":53,"column":0},"end":{"line":53,"column":34}},"63":{"start":{"line":64,"column":0},"end":{"line":64,"column":111}},"66":{"start":{"line":67,"column":0},"end":{"line":67,"column":43}},"67":{"start":{"line":68,"column":0},"end":{"line":68,"column":11}},"68":{"start":{"line":69,"column":0},"end":{"line":69,"column":3}},"69":{"start":{"line":70,"column":0},"end":{"line":70,"column":54}},"70":{"start":{"line":71,"column":0},"end":{"line":71,"column":11}},"71":{"start":{"line":72,"column":0},"end":{"line":72,"column":3}},"72":{"start":{"line":73,"column":0},"end":{"line":73,"column":30}},"73":{"start":{"line":74,"column":0},"end":{"line":74,"column":34}},"74":{"start":{"line":75,"column":0},"end":{"line":75,"column":16}},"75":{"start":{"line":76,"column":0},"end":{"line":76,"column":57}},"76":{"start":{"line":77,"column":0},"end":{"line":77,"column":3}},"77":{"start":{"line":78,"column":0},"end":{"line":78,"column":1}},"79":{"start":{"line":80,"column":0},"end":{"line":80,"column":25}},"83":{"start":{"line":84,"column":0},"end":{"line":84,"column":21}},"84":{"start":{"line":85,"column":0},"end":{"line":85,"column":94}},"85":{"start":{"line":86,"column":0},"end":{"line":86,"column":37}},"86":{"start":{"line":87,"column":0},"end":{"line":87,"column":30}},"87":{"start":{"line":88,"column":0},"end":{"line":88,"column":88}},"88":{"start":{"line":89,"column":0},"end":{"line":89,"column":17}},"89":{"start":{"line":90,"column":0},"end":{"line":90,"column":84}},"90":{"start":{"line":91,"column":0},"end":{"line":91,"column":5}},"91":{"start":{"line":92,"column":0},"end":{"line":92,"column":3}},"92":{"start":{"line":93,"column":0},"end":{"line":93,"column":3}},"98":{"start":{"line":99,"column":0},"end":{"line":99,"column":39}},"99":{"start":{"line":100,"column":0},"end":{"line":100,"column":22}},"100":{"start":{"line":101,"column":0},"end":{"line":101,"column":1}},"112":{"start":{"line":113,"column":0},"end":{"line":113,"column":74}},"113":{"start":{"line":114,"column":0},"end":{"line":114,"column":17}},"114":{"start":{"line":115,"column":0},"end":{"line":115,"column":20}},"115":{"start":{"line":116,"column":0},"end":{"line":116,"column":19}},"116":{"start":{"line":117,"column":0},"end":{"line":117,"column":30}},"117":{"start":{"line":118,"column":0},"end":{"line":118,"column":17}},"118":{"start":{"line":119,"column":0},"end":{"line":119,"column":28}},"119":{"start":{"line":120,"column":0},"end":{"line":120,"column":29}},"120":{"start":{"line":121,"column":0},"end":{"line":121,"column":35}},"121":{"start":{"line":122,"column":0},"end":{"line":122,"column":23}},"122":{"start":{"line":123,"column":0},"end":{"line":123,"column":24}},"123":{"start":{"line":124,"column":0},"end":{"line":124,"column":11}},"124":{"start":{"line":125,"column":0},"end":{"line":125,"column":16}},"125":{"start":{"line":126,"column":0},"end":{"line":126,"column":16}},"126":{"start":{"line":127,"column":0},"end":{"line":127,"column":20}},"127":{"start":{"line":128,"column":0},"end":{"line":128,"column":24}},"128":{"start":{"line":129,"column":0},"end":{"line":129,"column":6}},"129":{"start":{"line":130,"column":0},"end":{"line":130,"column":23}},"130":{"start":{"line":131,"column":0},"end":{"line":131,"column":4}},"131":{"start":{"line":132,"column":0},"end":{"line":132,"column":102}},"132":{"start":{"line":133,"column":0},"end":{"line":133,"column":24}},"133":{"start":{"line":134,"column":0},"end":{"line":134,"column":13}},"134":{"start":{"line":135,"column":0},"end":{"line":135,"column":5}},"135":{"start":{"line":136,"column":0},"end":{"line":136,"column":32}},"136":{"start":{"line":137,"column":0},"end":{"line":137,"column":26}},"137":{"start":{"line":138,"column":0},"end":{"line":138,"column":86}},"138":{"start":{"line":139,"column":0},"end":{"line":139,"column":5}},"139":{"start":{"line":140,"column":0},"end":{"line":140,"column":35}},"140":{"start":{"line":141,"column":0},"end":{"line":141,"column":19}},"141":{"start":{"line":142,"column":0},"end":{"line":142,"column":87}},"142":{"start":{"line":143,"column":0},"end":{"line":143,"column":5}},"143":{"start":{"line":144,"column":0},"end":{"line":144,"column":55}},"146":{"start":{"line":147,"column":0},"end":{"line":147,"column":75}},"148":{"start":{"line":149,"column":0},"end":{"line":149,"column":58}},"149":{"start":{"line":150,"column":0},"end":{"line":150,"column":93}},"151":{"start":{"line":152,"column":0},"end":{"line":152,"column":44}},"152":{"start":{"line":153,"column":0},"end":{"line":153,"column":63}},"153":{"start":{"line":154,"column":0},"end":{"line":154,"column":92}},"156":{"start":{"line":157,"column":0},"end":{"line":157,"column":56}},"157":{"start":{"line":158,"column":0},"end":{"line":158,"column":27}},"158":{"start":{"line":159,"column":0},"end":{"line":159,"column":110}},"160":{"start":{"line":161,"column":0},"end":{"line":161,"column":14}},"161":{"start":{"line":162,"column":0},"end":{"line":162,"column":37}},"162":{"start":{"line":163,"column":0},"end":{"line":163,"column":87}},"163":{"start":{"line":164,"column":0},"end":{"line":164,"column":33}},"164":{"start":{"line":165,"column":0},"end":{"line":165,"column":45}},"165":{"start":{"line":166,"column":0},"end":{"line":166,"column":7}},"171":{"start":{"line":172,"column":0},"end":{"line":172,"column":57}},"175":{"start":{"line":176,"column":0},"end":{"line":176,"column":22}},"176":{"start":{"line":177,"column":0},"end":{"line":177,"column":38}},"177":{"start":{"line":178,"column":0},"end":{"line":178,"column":18}},"178":{"start":{"line":179,"column":0},"end":{"line":179,"column":49}},"179":{"start":{"line":180,"column":0},"end":{"line":180,"column":110}},"180":{"start":{"line":181,"column":0},"end":{"line":181,"column":11}},"181":{"start":{"line":182,"column":0},"end":{"line":182,"column":7}},"182":{"start":{"line":183,"column":0},"end":{"line":183,"column":13}},"183":{"start":{"line":184,"column":0},"end":{"line":184,"column":5}},"185":{"start":{"line":186,"column":0},"end":{"line":186,"column":88}},"186":{"start":{"line":187,"column":0},"end":{"line":187,"column":25}},"188":{"start":{"line":189,"column":0},"end":{"line":189,"column":95}},"189":{"start":{"line":190,"column":0},"end":{"line":190,"column":82}},"190":{"start":{"line":191,"column":0},"end":{"line":191,"column":5}},"192":{"start":{"line":193,"column":0},"end":{"line":193,"column":36}},"193":{"start":{"line":194,"column":0},"end":{"line":194,"column":16}},"194":{"start":{"line":195,"column":0},"end":{"line":195,"column":47}},"195":{"start":{"line":196,"column":0},"end":{"line":196,"column":108}},"196":{"start":{"line":197,"column":0},"end":{"line":197,"column":9}},"197":{"start":{"line":198,"column":0},"end":{"line":198,"column":80}},"198":{"start":{"line":199,"column":0},"end":{"line":199,"column":5}},"199":{"start":{"line":200,"column":0},"end":{"line":200,"column":4}},"200":{"start":{"line":201,"column":0},"end":{"line":201,"column":72}},"201":{"start":{"line":202,"column":0},"end":{"line":202,"column":40}},"202":{"start":{"line":203,"column":0},"end":{"line":203,"column":35}},"203":{"start":{"line":204,"column":0},"end":{"line":204,"column":13}},"204":{"start":{"line":205,"column":0},"end":{"line":205,"column":5}},"205":{"start":{"line":206,"column":0},"end":{"line":206,"column":38}},"206":{"start":{"line":207,"column":0},"end":{"line":207,"column":34}},"208":{"start":{"line":209,"column":0},"end":{"line":209,"column":23}},"209":{"start":{"line":210,"column":0},"end":{"line":210,"column":43}},"210":{"start":{"line":211,"column":0},"end":{"line":211,"column":20}},"211":{"start":{"line":212,"column":0},"end":{"line":212,"column":66}},"212":{"start":{"line":213,"column":0},"end":{"line":213,"column":16}},"213":{"start":{"line":214,"column":0},"end":{"line":214,"column":37}},"214":{"start":{"line":215,"column":0},"end":{"line":215,"column":83}},"215":{"start":{"line":216,"column":0},"end":{"line":216,"column":17}},"216":{"start":{"line":217,"column":0},"end":{"line":217,"column":10}},"217":{"start":{"line":218,"column":0},"end":{"line":218,"column":7}},"218":{"start":{"line":219,"column":0},"end":{"line":219,"column":5}},"219":{"start":{"line":220,"column":0},"end":{"line":220,"column":4}},"220":{"start":{"line":221,"column":0},"end":{"line":221,"column":38}},"221":{"start":{"line":222,"column":0},"end":{"line":222,"column":24}},"222":{"start":{"line":223,"column":0},"end":{"line":223,"column":92}},"223":{"start":{"line":224,"column":0},"end":{"line":224,"column":5}},"224":{"start":{"line":225,"column":0},"end":{"line":225,"column":41}},"225":{"start":{"line":226,"column":0},"end":{"line":226,"column":76}},"226":{"start":{"line":227,"column":0},"end":{"line":227,"column":65}},"227":{"start":{"line":228,"column":0},"end":{"line":228,"column":13}},"228":{"start":{"line":229,"column":0},"end":{"line":229,"column":5}},"229":{"start":{"line":230,"column":0},"end":{"line":230,"column":104}},"230":{"start":{"line":231,"column":0},"end":{"line":231,"column":23}},"231":{"start":{"line":232,"column":0},"end":{"line":232,"column":46}},"232":{"start":{"line":233,"column":0},"end":{"line":233,"column":20}},"233":{"start":{"line":234,"column":0},"end":{"line":234,"column":58}},"234":{"start":{"line":235,"column":0},"end":{"line":235,"column":7}},"235":{"start":{"line":236,"column":0},"end":{"line":236,"column":5}},"236":{"start":{"line":237,"column":0},"end":{"line":237,"column":4}},"237":{"start":{"line":238,"column":0},"end":{"line":238,"column":117}},"238":{"start":{"line":239,"column":0},"end":{"line":239,"column":24}},"239":{"start":{"line":240,"column":0},"end":{"line":240,"column":103}},"240":{"start":{"line":241,"column":0},"end":{"line":241,"column":5}},"243":{"start":{"line":244,"column":0},"end":{"line":244,"column":31}},"244":{"start":{"line":245,"column":0},"end":{"line":245,"column":13}},"245":{"start":{"line":246,"column":0},"end":{"line":246,"column":5}},"246":{"start":{"line":247,"column":0},"end":{"line":247,"column":41}},"247":{"start":{"line":248,"column":0},"end":{"line":248,"column":94}},"248":{"start":{"line":249,"column":0},"end":{"line":249,"column":58}},"249":{"start":{"line":250,"column":0},"end":{"line":250,"column":65}},"252":{"start":{"line":253,"column":0},"end":{"line":253,"column":42}},"253":{"start":{"line":254,"column":0},"end":{"line":254,"column":44}},"254":{"start":{"line":255,"column":0},"end":{"line":255,"column":28}},"255":{"start":{"line":256,"column":0},"end":{"line":256,"column":73}},"256":{"start":{"line":257,"column":0},"end":{"line":257,"column":34}},"257":{"start":{"line":258,"column":0},"end":{"line":258,"column":8}},"258":{"start":{"line":259,"column":0},"end":{"line":259,"column":6}},"259":{"start":{"line":260,"column":0},"end":{"line":260,"column":70}},"260":{"start":{"line":261,"column":0},"end":{"line":261,"column":18}},"261":{"start":{"line":262,"column":0},"end":{"line":262,"column":98}},"262":{"start":{"line":263,"column":0},"end":{"line":263,"column":5}},"263":{"start":{"line":264,"column":0},"end":{"line":264,"column":4}},"264":{"start":{"line":265,"column":0},"end":{"line":265,"column":78}},"265":{"start":{"line":266,"column":0},"end":{"line":266,"column":24}},"266":{"start":{"line":267,"column":0},"end":{"line":267,"column":86}},"267":{"start":{"line":268,"column":0},"end":{"line":268,"column":5}},"268":{"start":{"line":269,"column":0},"end":{"line":269,"column":37}},"269":{"start":{"line":270,"column":0},"end":{"line":270,"column":63}},"270":{"start":{"line":271,"column":0},"end":{"line":271,"column":33}},"271":{"start":{"line":272,"column":0},"end":{"line":272,"column":109}},"272":{"start":{"line":273,"column":0},"end":{"line":273,"column":12}},"273":{"start":{"line":274,"column":0},"end":{"line":274,"column":64}},"274":{"start":{"line":275,"column":0},"end":{"line":275,"column":5}},"277":{"start":{"line":278,"column":0},"end":{"line":278,"column":93}},"278":{"start":{"line":279,"column":0},"end":{"line":279,"column":62}},"279":{"start":{"line":280,"column":0},"end":{"line":280,"column":52}},"280":{"start":{"line":281,"column":0},"end":{"line":281,"column":91}},"282":{"start":{"line":283,"column":0},"end":{"line":283,"column":43}},"286":{"start":{"line":287,"column":0},"end":{"line":287,"column":64}},"287":{"start":{"line":288,"column":0},"end":{"line":288,"column":31}},"288":{"start":{"line":289,"column":0},"end":{"line":289,"column":79}},"289":{"start":{"line":290,"column":0},"end":{"line":290,"column":48}},"291":{"start":{"line":292,"column":0},"end":{"line":292,"column":40}},"292":{"start":{"line":293,"column":0},"end":{"line":293,"column":74}},"293":{"start":{"line":294,"column":0},"end":{"line":294,"column":9}},"294":{"start":{"line":295,"column":0},"end":{"line":295,"column":7}},"295":{"start":{"line":296,"column":0},"end":{"line":296,"column":5}},"306":{"start":{"line":307,"column":0},"end":{"line":307,"column":61}},"307":{"start":{"line":308,"column":0},"end":{"line":308,"column":59}},"308":{"start":{"line":309,"column":0},"end":{"line":309,"column":24}},"309":{"start":{"line":310,"column":0},"end":{"line":310,"column":42}},"310":{"start":{"line":311,"column":0},"end":{"line":311,"column":99}},"311":{"start":{"line":312,"column":0},"end":{"line":312,"column":80}},"312":{"start":{"line":313,"column":0},"end":{"line":313,"column":11}},"313":{"start":{"line":314,"column":0},"end":{"line":314,"column":9}},"314":{"start":{"line":315,"column":0},"end":{"line":315,"column":8}},"315":{"start":{"line":316,"column":0},"end":{"line":316,"column":41}},"319":{"start":{"line":320,"column":0},"end":{"line":320,"column":24}},"320":{"start":{"line":321,"column":0},"end":{"line":321,"column":43}},"321":{"start":{"line":322,"column":0},"end":{"line":322,"column":99}},"322":{"start":{"line":323,"column":0},"end":{"line":323,"column":80}},"323":{"start":{"line":324,"column":0},"end":{"line":324,"column":11}},"324":{"start":{"line":325,"column":0},"end":{"line":325,"column":9}},"325":{"start":{"line":326,"column":0},"end":{"line":326,"column":8}},"326":{"start":{"line":327,"column":0},"end":{"line":327,"column":5}},"327":{"start":{"line":328,"column":0},"end":{"line":328,"column":4}},"328":{"start":{"line":329,"column":0},"end":{"line":329,"column":3}},"334":{"start":{"line":335,"column":0},"end":{"line":335,"column":25}},"335":{"start":{"line":336,"column":0},"end":{"line":336,"column":95}},"336":{"start":{"line":337,"column":0},"end":{"line":337,"column":9}},"337":{"start":{"line":338,"column":0},"end":{"line":338,"column":81}},"338":{"start":{"line":339,"column":0},"end":{"line":339,"column":1}},"340":{"start":{"line":341,"column":0},"end":{"line":341,"column":46}},"341":{"start":{"line":342,"column":0},"end":{"line":342,"column":15}},"342":{"start":{"line":343,"column":0},"end":{"line":343,"column":1}},"354":{"start":{"line":355,"column":0},"end":{"line":355,"column":98}},"355":{"start":{"line":356,"column":0},"end":{"line":356,"column":24}},"356":{"start":{"line":357,"column":0},"end":{"line":357,"column":11}},"357":{"start":{"line":358,"column":0},"end":{"line":358,"column":3}},"358":{"start":{"line":359,"column":0},"end":{"line":359,"column":31}},"359":{"start":{"line":360,"column":0},"end":{"line":360,"column":12}},"360":{"start":{"line":361,"column":0},"end":{"line":361,"column":35}},"361":{"start":{"line":362,"column":0},"end":{"line":362,"column":78}},"362":{"start":{"line":363,"column":0},"end":{"line":363,"column":5}},"363":{"start":{"line":364,"column":0},"end":{"line":364,"column":1}},"365":{"start":{"line":366,"column":0},"end":{"line":366,"column":26}},"366":{"start":{"line":367,"column":0},"end":{"line":367,"column":30}},"367":{"start":{"line":368,"column":0},"end":{"line":368,"column":24}},"368":{"start":{"line":369,"column":0},"end":{"line":369,"column":73}},"369":{"start":{"line":370,"column":0},"end":{"line":370,"column":3}},"370":{"start":{"line":371,"column":0},"end":{"line":371,"column":33}},"371":{"start":{"line":372,"column":0},"end":{"line":372,"column":29}},"372":{"start":{"line":373,"column":0},"end":{"line":373,"column":17}},"373":{"start":{"line":374,"column":0},"end":{"line":374,"column":74}},"374":{"start":{"line":375,"column":0},"end":{"line":375,"column":3}},"395":{"start":{"line":396,"column":0},"end":{"line":396,"column":36}},"396":{"start":{"line":397,"column":0},"end":{"line":397,"column":32}},"397":{"start":{"line":398,"column":0},"end":{"line":398,"column":83}},"398":{"start":{"line":399,"column":0},"end":{"line":399,"column":10}},"399":{"start":{"line":400,"column":0},"end":{"line":400,"column":32}},"400":{"start":{"line":401,"column":0},"end":{"line":401,"column":70}},"401":{"start":{"line":402,"column":0},"end":{"line":402,"column":86}},"402":{"start":{"line":403,"column":0},"end":{"line":403,"column":26}},"403":{"start":{"line":404,"column":0},"end":{"line":404,"column":30}},"404":{"start":{"line":405,"column":0},"end":{"line":405,"column":38}},"405":{"start":{"line":406,"column":0},"end":{"line":406,"column":53}},"406":{"start":{"line":407,"column":0},"end":{"line":407,"column":5}},"407":{"start":{"line":408,"column":0},"end":{"line":408,"column":73}},"408":{"start":{"line":409,"column":0},"end":{"line":409,"column":3}},"413":{"start":{"line":414,"column":0},"end":{"line":414,"column":31}},"417":{"start":{"line":418,"column":0},"end":{"line":418,"column":101}},"420":{"start":{"line":421,"column":0},"end":{"line":421,"column":28}},"421":{"start":{"line":422,"column":0},"end":{"line":422,"column":106}},"423":{"start":{"line":424,"column":0},"end":{"line":424,"column":69}},"424":{"start":{"line":425,"column":0},"end":{"line":425,"column":67}},"425":{"start":{"line":426,"column":0},"end":{"line":426,"column":46}},"426":{"start":{"line":427,"column":0},"end":{"line":427,"column":47}},"427":{"start":{"line":428,"column":0},"end":{"line":428,"column":120}},"428":{"start":{"line":429,"column":0},"end":{"line":429,"column":27}},"429":{"start":{"line":430,"column":0},"end":{"line":430,"column":60}},"430":{"start":{"line":431,"column":0},"end":{"line":431,"column":74}},"431":{"start":{"line":432,"column":0},"end":{"line":432,"column":7}},"432":{"start":{"line":433,"column":0},"end":{"line":433,"column":100}},"433":{"start":{"line":434,"column":0},"end":{"line":434,"column":26}},"434":{"start":{"line":435,"column":0},"end":{"line":435,"column":58}},"435":{"start":{"line":436,"column":0},"end":{"line":436,"column":7}},"436":{"start":{"line":437,"column":0},"end":{"line":437,"column":5}},"437":{"start":{"line":438,"column":0},"end":{"line":438,"column":66}},"438":{"start":{"line":439,"column":0},"end":{"line":439,"column":34}},"439":{"start":{"line":440,"column":0},"end":{"line":440,"column":75}},"440":{"start":{"line":441,"column":0},"end":{"line":441,"column":16}},"441":{"start":{"line":442,"column":0},"end":{"line":442,"column":41}},"442":{"start":{"line":443,"column":0},"end":{"line":443,"column":32}},"443":{"start":{"line":444,"column":0},"end":{"line":444,"column":37}},"444":{"start":{"line":445,"column":0},"end":{"line":445,"column":31}},"445":{"start":{"line":446,"column":0},"end":{"line":446,"column":9}},"446":{"start":{"line":447,"column":0},"end":{"line":447,"column":12}},"447":{"start":{"line":448,"column":0},"end":{"line":448,"column":72}},"448":{"start":{"line":449,"column":0},"end":{"line":449,"column":5}},"449":{"start":{"line":450,"column":0},"end":{"line":450,"column":3}},"452":{"start":{"line":453,"column":0},"end":{"line":453,"column":111}},"455":{"start":{"line":456,"column":0},"end":{"line":456,"column":79}},"456":{"start":{"line":457,"column":0},"end":{"line":457,"column":96}},"457":{"start":{"line":458,"column":0},"end":{"line":458,"column":52}},"458":{"start":{"line":459,"column":0},"end":{"line":459,"column":3}},"459":{"start":{"line":460,"column":0},"end":{"line":460,"column":86}},"460":{"start":{"line":461,"column":0},"end":{"line":461,"column":55}},"464":{"start":{"line":465,"column":0},"end":{"line":465,"column":73}},"465":{"start":{"line":466,"column":0},"end":{"line":466,"column":78}},"466":{"start":{"line":467,"column":0},"end":{"line":467,"column":23}},"467":{"start":{"line":468,"column":0},"end":{"line":468,"column":88}},"468":{"start":{"line":469,"column":0},"end":{"line":469,"column":103}},"469":{"start":{"line":470,"column":0},"end":{"line":470,"column":23}},"470":{"start":{"line":471,"column":0},"end":{"line":471,"column":74}},"471":{"start":{"line":472,"column":0},"end":{"line":472,"column":5}},"472":{"start":{"line":473,"column":0},"end":{"line":473,"column":21}},"473":{"start":{"line":474,"column":0},"end":{"line":474,"column":65}},"474":{"start":{"line":475,"column":0},"end":{"line":475,"column":3}},"475":{"start":{"line":476,"column":0},"end":{"line":476,"column":76}},"476":{"start":{"line":477,"column":0},"end":{"line":477,"column":85}},"477":{"start":{"line":478,"column":0},"end":{"line":478,"column":30}},"479":{"start":{"line":480,"column":0},"end":{"line":480,"column":85}},"480":{"start":{"line":481,"column":0},"end":{"line":481,"column":44}},"481":{"start":{"line":482,"column":0},"end":{"line":482,"column":86}},"482":{"start":{"line":483,"column":0},"end":{"line":483,"column":62}},"483":{"start":{"line":484,"column":0},"end":{"line":484,"column":31}},"484":{"start":{"line":485,"column":0},"end":{"line":485,"column":70}},"485":{"start":{"line":486,"column":0},"end":{"line":486,"column":52}},"486":{"start":{"line":487,"column":0},"end":{"line":487,"column":10}},"487":{"start":{"line":488,"column":0},"end":{"line":488,"column":74}},"488":{"start":{"line":489,"column":0},"end":{"line":489,"column":62}},"489":{"start":{"line":490,"column":0},"end":{"line":490,"column":3}},"490":{"start":{"line":491,"column":0},"end":{"line":491,"column":68}},"491":{"start":{"line":492,"column":0},"end":{"line":492,"column":20}},"492":{"start":{"line":493,"column":0},"end":{"line":493,"column":46}},"493":{"start":{"line":494,"column":0},"end":{"line":494,"column":3}},"494":{"start":{"line":495,"column":0},"end":{"line":495,"column":1}},"502":{"start":{"line":503,"column":0},"end":{"line":503,"column":51}},"503":{"start":{"line":504,"column":0},"end":{"line":504,"column":29}},"504":{"start":{"line":505,"column":0},"end":{"line":505,"column":59}},"505":{"start":{"line":506,"column":0},"end":{"line":506,"column":3}},"506":{"start":{"line":507,"column":0},"end":{"line":507,"column":37}},"507":{"start":{"line":508,"column":0},"end":{"line":508,"column":57}},"508":{"start":{"line":509,"column":0},"end":{"line":509,"column":3}},"509":{"start":{"line":510,"column":0},"end":{"line":510,"column":45}},"510":{"start":{"line":511,"column":0},"end":{"line":511,"column":70}},"511":{"start":{"line":512,"column":0},"end":{"line":512,"column":3}},"512":{"start":{"line":513,"column":0},"end":{"line":513,"column":38}},"513":{"start":{"line":514,"column":0},"end":{"line":514,"column":63}},"514":{"start":{"line":515,"column":0},"end":{"line":515,"column":3}},"515":{"start":{"line":516,"column":0},"end":{"line":516,"column":85}},"516":{"start":{"line":517,"column":0},"end":{"line":517,"column":76}},"517":{"start":{"line":518,"column":0},"end":{"line":518,"column":3}},"518":{"start":{"line":519,"column":0},"end":{"line":519,"column":27}},"519":{"start":{"line":520,"column":0},"end":{"line":520,"column":40}},"523":{"start":{"line":524,"column":0},"end":{"line":524,"column":48}},"524":{"start":{"line":525,"column":0},"end":{"line":525,"column":12}},"525":{"start":{"line":526,"column":0},"end":{"line":526,"column":60}},"526":{"start":{"line":527,"column":0},"end":{"line":527,"column":22}},"527":{"start":{"line":528,"column":0},"end":{"line":528,"column":199}},"528":{"start":{"line":529,"column":0},"end":{"line":529,"column":8}},"529":{"start":{"line":530,"column":0},"end":{"line":530,"column":5}},"530":{"start":{"line":531,"column":0},"end":{"line":531,"column":3}},"531":{"start":{"line":532,"column":0},"end":{"line":532,"column":68}},"532":{"start":{"line":533,"column":0},"end":{"line":533,"column":29}},"533":{"start":{"line":534,"column":0},"end":{"line":534,"column":31}},"534":{"start":{"line":535,"column":0},"end":{"line":535,"column":24}},"535":{"start":{"line":536,"column":0},"end":{"line":536,"column":181}},"536":{"start":{"line":537,"column":0},"end":{"line":537,"column":10}},"537":{"start":{"line":538,"column":0},"end":{"line":538,"column":7}},"538":{"start":{"line":539,"column":0},"end":{"line":539,"column":5}},"539":{"start":{"line":540,"column":0},"end":{"line":540,"column":3}},"540":{"start":{"line":541,"column":0},"end":{"line":541,"column":51}},"542":{"start":{"line":543,"column":0},"end":{"line":543,"column":44}},"543":{"start":{"line":544,"column":0},"end":{"line":544,"column":3}},"544":{"start":{"line":545,"column":0},"end":{"line":545,"column":27}},"545":{"start":{"line":546,"column":0},"end":{"line":546,"column":57}},"546":{"start":{"line":547,"column":0},"end":{"line":547,"column":3}},"553":{"start":{"line":554,"column":0},"end":{"line":554,"column":65}},"554":{"start":{"line":555,"column":0},"end":{"line":555,"column":27}},"555":{"start":{"line":556,"column":0},"end":{"line":556,"column":7}},"556":{"start":{"line":557,"column":0},"end":{"line":557,"column":20}},"557":{"start":{"line":558,"column":0},"end":{"line":558,"column":13}},"558":{"start":{"line":559,"column":0},"end":{"line":559,"column":26}},"559":{"start":{"line":560,"column":0},"end":{"line":560,"column":3}},"560":{"start":{"line":561,"column":0},"end":{"line":561,"column":48}},"561":{"start":{"line":562,"column":0},"end":{"line":562,"column":38}},"563":{"start":{"line":564,"column":0},"end":{"line":564,"column":37}},"566":{"start":{"line":567,"column":0},"end":{"line":567,"column":41}},"567":{"start":{"line":568,"column":0},"end":{"line":568,"column":34}},"568":{"start":{"line":569,"column":0},"end":{"line":569,"column":3}},"569":{"start":{"line":570,"column":0},"end":{"line":570,"column":1}},"582":{"start":{"line":583,"column":0},"end":{"line":583,"column":64}},"583":{"start":{"line":584,"column":0},"end":{"line":584,"column":40}},"584":{"start":{"line":585,"column":0},"end":{"line":585,"column":62}},"585":{"start":{"line":586,"column":0},"end":{"line":586,"column":1}},"587":{"start":{"line":588,"column":0},"end":{"line":588,"column":79}},"588":{"start":{"line":589,"column":0},"end":{"line":589,"column":42}},"589":{"start":{"line":590,"column":0},"end":{"line":590,"column":1}},"604":{"start":{"line":605,"column":0},"end":{"line":605,"column":83}},"605":{"start":{"line":606,"column":0},"end":{"line":606,"column":21}},"610":{"start":{"line":611,"column":0},"end":{"line":611,"column":43}},"611":{"start":{"line":612,"column":0},"end":{"line":612,"column":26}},"612":{"start":{"line":613,"column":0},"end":{"line":613,"column":105}},"615":{"start":{"line":616,"column":0},"end":{"line":616,"column":56}},"616":{"start":{"line":617,"column":0},"end":{"line":617,"column":110}},"617":{"start":{"line":618,"column":0},"end":{"line":618,"column":7}},"618":{"start":{"line":619,"column":0},"end":{"line":619,"column":7}},"619":{"start":{"line":620,"column":0},"end":{"line":620,"column":3}},"622":{"start":{"line":623,"column":0},"end":{"line":623,"column":71}},"627":{"start":{"line":628,"column":0},"end":{"line":628,"column":34}},"628":{"start":{"line":629,"column":0},"end":{"line":629,"column":107}},"629":{"start":{"line":630,"column":0},"end":{"line":630,"column":50}},"630":{"start":{"line":631,"column":0},"end":{"line":631,"column":1}},"632":{"start":{"line":633,"column":0},"end":{"line":633,"column":88}},"633":{"start":{"line":634,"column":0},"end":{"line":634,"column":37}},"634":{"start":{"line":635,"column":0},"end":{"line":635,"column":33}},"635":{"start":{"line":636,"column":0},"end":{"line":636,"column":1}},"637":{"start":{"line":638,"column":0},"end":{"line":638,"column":57}},"640":{"start":{"line":641,"column":0},"end":{"line":641,"column":40}},"641":{"start":{"line":642,"column":0},"end":{"line":642,"column":16}},"642":{"start":{"line":643,"column":0},"end":{"line":643,"column":43}},"643":{"start":{"line":644,"column":0},"end":{"line":644,"column":3}},"644":{"start":{"line":645,"column":0},"end":{"line":645,"column":12}},"645":{"start":{"line":646,"column":0},"end":{"line":646,"column":21}},"646":{"start":{"line":647,"column":0},"end":{"line":647,"column":32}},"647":{"start":{"line":648,"column":0},"end":{"line":648,"column":19}},"648":{"start":{"line":649,"column":0},"end":{"line":649,"column":30}},"649":{"start":{"line":650,"column":0},"end":{"line":650,"column":31}},"650":{"start":{"line":651,"column":0},"end":{"line":651,"column":37}},"651":{"start":{"line":652,"column":0},"end":{"line":652,"column":25}},"652":{"start":{"line":653,"column":0},"end":{"line":653,"column":26}},"653":{"start":{"line":654,"column":0},"end":{"line":654,"column":47}},"654":{"start":{"line":655,"column":0},"end":{"line":655,"column":5}},"655":{"start":{"line":656,"column":0},"end":{"line":656,"column":1}}},"s":{"0":1,"21":1,"23":1,"24":1,"34":1,"41":1,"42":214,"43":214,"52":1,"63":53,"66":53,"67":1,"68":1,"69":53,"70":33,"71":33,"72":19,"73":19,"74":19,"75":19,"76":19,"77":53,"79":1,"83":30,"84":30,"85":30,"86":30,"87":30,"88":30,"89":30,"90":30,"91":30,"92":30,"98":83,"99":83,"100":83,"112":1,"113":1,"114":1,"115":1,"116":1,"117":1,"118":1,"119":1,"120":1,"121":1,"122":1,"123":1,"124":1,"125":1,"126":1,"127":1,"128":1,"129":1,"130":1,"131":1,"132":59,"133":4,"134":4,"135":55,"136":58,"137":1,"138":1,"139":54,"140":58,"141":1,"142":1,"143":53,"146":53,"148":53,"149":59,"151":59,"152":59,"153":59,"156":59,"157":59,"158":59,"160":59,"161":59,"162":59,"163":59,"164":59,"165":59,"171":59,"175":59,"176":7,"177":5,"178":5,"179":5,"180":5,"181":5,"182":7,"183":7,"185":46,"186":58,"188":35,"189":35,"190":35,"192":57,"193":45,"194":45,"195":45,"196":45,"197":45,"198":45,"199":59,"200":1,"201":11,"202":11,"203":2,"204":2,"205":9,"206":9,"208":10,"209":7,"210":7,"211":6,"212":6,"213":6,"214":6,"215":6,"216":6,"217":6,"218":7,"219":11,"220":1,"221":33,"222":1,"223":1,"224":32,"225":32,"226":33,"227":28,"228":28,"229":4,"230":33,"231":3,"232":3,"233":2,"234":2,"235":3,"236":33,"237":1,"238":99,"239":1,"240":1,"243":99,"244":3,"245":3,"246":95,"247":99,"248":99,"249":99,"252":99,"253":99,"254":99,"255":99,"256":99,"257":99,"258":99,"259":99,"260":99,"261":94,"262":94,"263":99,"264":1,"265":51,"266":1,"267":1,"268":50,"269":50,"270":51,"271":2,"272":51,"273":47,"274":47,"277":51,"278":51,"279":51,"280":51,"282":51,"286":51,"287":51,"288":48,"289":48,"291":50,"292":49,"293":49,"294":50,"295":48,"306":49,"307":51,"308":17,"309":17,"310":18,"311":18,"312":18,"313":17,"314":17,"315":51,"319":2,"320":2,"321":2,"322":2,"323":2,"324":2,"325":2,"326":2,"327":51,"328":1,"334":1,"335":330,"336":330,"337":330,"338":330,"340":1,"341":71,"342":71,"354":1,"355":9,"356":2,"357":2,"358":7,"359":7,"360":7,"361":9,"362":9,"363":9,"365":33,"366":33,"367":33,"368":0,"369":0,"370":33,"371":33,"372":33,"373":0,"374":0,"395":33,"396":4,"397":4,"398":33,"399":29,"400":29,"401":29,"402":29,"403":29,"404":29,"405":27,"406":27,"407":29,"408":29,"413":33,"417":31,"420":31,"421":31,"423":31,"424":31,"425":31,"426":31,"427":32,"428":32,"429":4,"430":4,"431":4,"432":32,"433":32,"434":2,"435":2,"436":32,"437":31,"438":31,"439":3,"440":3,"441":3,"442":3,"443":3,"444":3,"445":3,"446":31,"447":28,"448":28,"449":31,"452":33,"455":33,"456":2,"457":2,"458":2,"459":33,"460":33,"464":6,"465":6,"466":6,"467":4,"468":4,"469":6,"470":1,"471":1,"472":33,"473":5,"474":5,"475":33,"476":33,"477":33,"479":2,"480":33,"481":2,"482":2,"483":31,"484":4,"485":4,"486":29,"487":25,"488":25,"489":25,"490":33,"491":33,"492":1,"493":1,"494":33,"502":39,"503":39,"504":1,"505":1,"506":39,"507":1,"508":1,"509":39,"510":35,"511":35,"512":39,"513":36,"514":36,"515":39,"516":1,"517":1,"518":39,"519":3,"523":2,"524":2,"525":1,"526":1,"527":1,"528":1,"529":1,"530":3,"531":39,"532":35,"533":2,"534":1,"535":1,"536":1,"537":1,"538":2,"539":35,"540":35,"542":35,"543":35,"544":39,"545":2,"546":2,"553":33,"554":33,"555":33,"556":33,"557":33,"558":33,"559":33,"560":33,"561":39,"563":39,"566":39,"567":29,"568":29,"569":39,"582":1,"583":2,"584":2,"585":2,"587":1,"588":1,"589":1,"604":1,"605":95,"610":95,"611":94,"612":94,"615":94,"616":6,"617":6,"618":94,"619":94,"622":95,"627":95,"628":95,"629":95,"630":95,"632":1,"633":15,"634":15,"635":15,"637":1,"640":1,"641":1,"642":1,"643":1,"644":1,"645":1,"646":1,"647":1,"648":1,"649":1,"650":1,"651":1,"652":1,"653":1,"654":1,"655":1},"branchMap":{"0":{"type":"branch","line":42,"loc":{"start":{"line":42,"column":7},"end":{"line":44,"column":1}},"locations":[{"start":{"line":42,"column":7},"end":{"line":44,"column":1}}]},"1":{"type":"branch","line":64,"loc":{"start":{"line":64,"column":0},"end":{"line":78,"column":1}},"locations":[{"start":{"line":64,"column":0},"end":{"line":78,"column":1}}]},"2":{"type":"branch","line":67,"loc":{"start":{"line":67,"column":42},"end":{"line":69,"column":3}},"locations":[{"start":{"line":67,"column":42},"end":{"line":69,"column":3}}]},"3":{"type":"branch","line":69,"loc":{"start":{"line":69,"column":2},"end":{"line":70,"column":24}},"locations":[{"start":{"line":69,"column":2},"end":{"line":70,"column":24}}]},"4":{"type":"branch","line":70,"loc":{"start":{"line":70,"column":12},"end":{"line":70,"column":53}},"locations":[{"start":{"line":70,"column":12},"end":{"line":70,"column":53}}]},"5":{"type":"branch","line":70,"loc":{"start":{"line":70,"column":53},"end":{"line":72,"column":3}},"locations":[{"start":{"line":70,"column":53},"end":{"line":72,"column":3}}]},"6":{"type":"branch","line":72,"loc":{"start":{"line":72,"column":2},"end":{"line":77,"column":3}},"locations":[{"start":{"line":72,"column":2},"end":{"line":77,"column":3}}]},"7":{"type":"branch","line":80,"loc":{"start":{"line":80,"column":18},"end":{"line":93,"column":3}},"locations":[{"start":{"line":80,"column":18},"end":{"line":93,"column":3}}]},"8":{"type":"branch","line":88,"loc":{"start":{"line":88,"column":76},"end":{"line":88,"column":86}},"locations":[{"start":{"line":88,"column":76},"end":{"line":88,"column":86}}]},"9":{"type":"branch","line":90,"loc":{"start":{"line":90,"column":13},"end":{"line":90,"column":82}},"locations":[{"start":{"line":90,"column":13},"end":{"line":90,"column":82}}]},"10":{"type":"branch","line":99,"loc":{"start":{"line":99,"column":0},"end":{"line":101,"column":1}},"locations":[{"start":{"line":99,"column":0},"end":{"line":101,"column":1}}]},"11":{"type":"branch","line":132,"loc":{"start":{"line":132,"column":19},"end":{"line":200,"column":4}},"locations":[{"start":{"line":132,"column":19},"end":{"line":200,"column":4}}]},"12":{"type":"branch","line":133,"loc":{"start":{"line":133,"column":9},"end":{"line":133,"column":23}},"locations":[{"start":{"line":133,"column":9},"end":{"line":133,"column":23}}]},"13":{"type":"branch","line":133,"loc":{"start":{"line":133,"column":23},"end":{"line":135,"column":5}},"locations":[{"start":{"line":133,"column":23},"end":{"line":135,"column":5}}]},"14":{"type":"branch","line":135,"loc":{"start":{"line":135,"column":4},"end":{"line":150,"column":72}},"locations":[{"start":{"line":135,"column":4},"end":{"line":150,"column":72}}]},"15":{"type":"branch","line":135,"loc":{"start":{"line":135,"column":4},"end":{"line":137,"column":25}},"locations":[{"start":{"line":135,"column":4},"end":{"line":137,"column":25}}]},"16":{"type":"branch","line":137,"loc":{"start":{"line":137,"column":25},"end":{"line":139,"column":5}},"locations":[{"start":{"line":137,"column":25},"end":{"line":139,"column":5}}]},"17":{"type":"branch","line":139,"loc":{"start":{"line":139,"column":4},"end":{"line":141,"column":18}},"locations":[{"start":{"line":139,"column":4},"end":{"line":141,"column":18}}]},"18":{"type":"branch","line":141,"loc":{"start":{"line":141,"column":18},"end":{"line":143,"column":5}},"locations":[{"start":{"line":141,"column":18},"end":{"line":143,"column":5}}]},"19":{"type":"branch","line":143,"loc":{"start":{"line":143,"column":4},"end":{"line":150,"column":67}},"locations":[{"start":{"line":143,"column":4},"end":{"line":150,"column":67}}]},"20":{"type":"branch","line":150,"loc":{"start":{"line":150,"column":62},"end":{"line":150,"column":72}},"locations":[{"start":{"line":150,"column":62},"end":{"line":150,"column":72}}]},"21":{"type":"branch","line":154,"loc":{"start":{"line":154,"column":27},"end":{"line":154,"column":77}},"locations":[{"start":{"line":154,"column":27},"end":{"line":154,"column":77}}]},"22":{"type":"branch","line":154,"loc":{"start":{"line":154,"column":73},"end":{"line":154,"column":92}},"locations":[{"start":{"line":154,"column":73},"end":{"line":154,"column":92}}]},"23":{"type":"branch","line":159,"loc":{"start":{"line":159,"column":6},"end":{"line":159,"column":60}},"locations":[{"start":{"line":159,"column":6},"end":{"line":159,"column":60}}]},"24":{"type":"branch","line":159,"loc":{"start":{"line":159,"column":56},"end":{"line":159,"column":94}},"locations":[{"start":{"line":159,"column":56},"end":{"line":159,"column":94}}]},"25":{"type":"branch","line":159,"loc":{"start":{"line":159,"column":90},"end":{"line":159,"column":110}},"locations":[{"start":{"line":159,"column":90},"end":{"line":159,"column":110}}]},"26":{"type":"branch","line":176,"loc":{"start":{"line":176,"column":21},"end":{"line":199,"column":5}},"locations":[{"start":{"line":176,"column":21},"end":{"line":199,"column":5}}]},"27":{"type":"branch","line":176,"loc":{"start":{"line":176,"column":21},"end":{"line":184,"column":5}},"locations":[{"start":{"line":176,"column":21},"end":{"line":184,"column":5}}]},"28":{"type":"branch","line":177,"loc":{"start":{"line":177,"column":37},"end":{"line":182,"column":7}},"locations":[{"start":{"line":177,"column":37},"end":{"line":182,"column":7}}]},"29":{"type":"branch","line":184,"loc":{"start":{"line":184,"column":4},"end":{"line":187,"column":24}},"locations":[{"start":{"line":184,"column":4},"end":{"line":187,"column":24}}]},"30":{"type":"branch","line":187,"loc":{"start":{"line":187,"column":24},"end":{"line":191,"column":5}},"locations":[{"start":{"line":187,"column":24},"end":{"line":191,"column":5}}]},"31":{"type":"branch","line":191,"loc":{"start":{"line":191,"column":4},"end":{"line":199,"column":5}},"locations":[{"start":{"line":191,"column":4},"end":{"line":199,"column":5}}]},"32":{"type":"branch","line":191,"loc":{"start":{"line":191,"column":4},"end":{"line":193,"column":35}},"locations":[{"start":{"line":191,"column":4},"end":{"line":193,"column":35}}]},"33":{"type":"branch","line":193,"loc":{"start":{"line":193,"column":35},"end":{"line":199,"column":5}},"locations":[{"start":{"line":193,"column":35},"end":{"line":199,"column":5}}]},"34":{"type":"branch","line":189,"loc":{"start":{"line":189,"column":56},"end":{"line":189,"column":93}},"locations":[{"start":{"line":189,"column":56},"end":{"line":189,"column":93}}]},"35":{"type":"branch","line":201,"loc":{"start":{"line":201,"column":27},"end":{"line":220,"column":4}},"locations":[{"start":{"line":201,"column":27},"end":{"line":220,"column":4}}]},"36":{"type":"branch","line":203,"loc":{"start":{"line":203,"column":34},"end":{"line":205,"column":5}},"locations":[{"start":{"line":203,"column":34},"end":{"line":205,"column":5}}]},"37":{"type":"branch","line":205,"loc":{"start":{"line":205,"column":4},"end":{"line":219,"column":5}},"locations":[{"start":{"line":205,"column":4},"end":{"line":219,"column":5}}]},"38":{"type":"branch","line":205,"loc":{"start":{"line":205,"column":4},"end":{"line":209,"column":22}},"locations":[{"start":{"line":205,"column":4},"end":{"line":209,"column":22}}]},"39":{"type":"branch","line":209,"loc":{"start":{"line":209,"column":22},"end":{"line":219,"column":5}},"locations":[{"start":{"line":209,"column":22},"end":{"line":219,"column":5}}]},"40":{"type":"branch","line":211,"loc":{"start":{"line":211,"column":19},"end":{"line":218,"column":7}},"locations":[{"start":{"line":211,"column":19},"end":{"line":218,"column":7}}]},"41":{"type":"branch","line":215,"loc":{"start":{"line":215,"column":37},"end":{"line":215,"column":80}},"locations":[{"start":{"line":215,"column":37},"end":{"line":215,"column":80}}]},"42":{"type":"branch","line":221,"loc":{"start":{"line":221,"column":25},"end":{"line":237,"column":4}},"locations":[{"start":{"line":221,"column":25},"end":{"line":237,"column":4}}]},"43":{"type":"branch","line":222,"loc":{"start":{"line":222,"column":23},"end":{"line":224,"column":5}},"locations":[{"start":{"line":222,"column":23},"end":{"line":224,"column":5}}]},"44":{"type":"branch","line":224,"loc":{"start":{"line":224,"column":4},"end":{"line":227,"column":64}},"locations":[{"start":{"line":224,"column":4},"end":{"line":227,"column":64}}]},"45":{"type":"branch","line":227,"loc":{"start":{"line":227,"column":64},"end":{"line":229,"column":5}},"locations":[{"start":{"line":227,"column":64},"end":{"line":229,"column":5}}]},"46":{"type":"branch","line":229,"loc":{"start":{"line":229,"column":4},"end":{"line":231,"column":22}},"locations":[{"start":{"line":229,"column":4},"end":{"line":231,"column":22}}]},"47":{"type":"branch","line":231,"loc":{"start":{"line":231,"column":22},"end":{"line":236,"column":5}},"locations":[{"start":{"line":231,"column":22},"end":{"line":236,"column":5}}]},"48":{"type":"branch","line":233,"loc":{"start":{"line":233,"column":19},"end":{"line":235,"column":7}},"locations":[{"start":{"line":233,"column":19},"end":{"line":235,"column":7}}]},"49":{"type":"branch","line":238,"loc":{"start":{"line":238,"column":23},"end":{"line":264,"column":4}},"locations":[{"start":{"line":238,"column":23},"end":{"line":264,"column":4}}]},"50":{"type":"branch","line":239,"loc":{"start":{"line":239,"column":23},"end":{"line":241,"column":5}},"locations":[{"start":{"line":239,"column":23},"end":{"line":241,"column":5}}]},"51":{"type":"branch","line":241,"loc":{"start":{"line":241,"column":4},"end":{"line":244,"column":30}},"locations":[{"start":{"line":241,"column":4},"end":{"line":244,"column":30}}]},"52":{"type":"branch","line":244,"loc":{"start":{"line":244,"column":30},"end":{"line":246,"column":5}},"locations":[{"start":{"line":244,"column":30},"end":{"line":246,"column":5}}]},"53":{"type":"branch","line":246,"loc":{"start":{"line":246,"column":4},"end":{"line":248,"column":43}},"locations":[{"start":{"line":246,"column":4},"end":{"line":248,"column":43}}]},"54":{"type":"branch","line":248,"loc":{"start":{"line":248,"column":30},"end":{"line":248,"column":76}},"locations":[{"start":{"line":248,"column":30},"end":{"line":248,"column":76}}]},"55":{"type":"branch","line":248,"loc":{"start":{"line":248,"column":56},"end":{"line":248,"column":94}},"locations":[{"start":{"line":248,"column":56},"end":{"line":248,"column":94}}]},"56":{"type":"branch","line":249,"loc":{"start":{"line":249,"column":21},"end":{"line":249,"column":54}},"locations":[{"start":{"line":249,"column":21},"end":{"line":249,"column":54}}]},"57":{"type":"branch","line":249,"loc":{"start":{"line":249,"column":49},"end":{"line":249,"column":58}},"locations":[{"start":{"line":249,"column":49},"end":{"line":249,"column":58}}]},"58":{"type":"branch","line":256,"loc":{"start":{"line":256,"column":64},"end":{"line":256,"column":73}},"locations":[{"start":{"line":256,"column":64},"end":{"line":256,"column":73}}]},"59":{"type":"branch","line":261,"loc":{"start":{"line":261,"column":17},"end":{"line":263,"column":5}},"locations":[{"start":{"line":261,"column":17},"end":{"line":263,"column":5}}]},"60":{"type":"branch","line":265,"loc":{"start":{"line":265,"column":15},"end":{"line":328,"column":4}},"locations":[{"start":{"line":265,"column":15},"end":{"line":328,"column":4}}]},"61":{"type":"branch","line":266,"loc":{"start":{"line":266,"column":23},"end":{"line":268,"column":5}},"locations":[{"start":{"line":266,"column":23},"end":{"line":268,"column":5}}]},"62":{"type":"branch","line":268,"loc":{"start":{"line":268,"column":4},"end":{"line":271,"column":32}},"locations":[{"start":{"line":268,"column":4},"end":{"line":271,"column":32}}]},"63":{"type":"branch","line":271,"loc":{"start":{"line":271,"column":32},"end":{"line":273,"column":11}},"locations":[{"start":{"line":271,"column":32},"end":{"line":273,"column":11}}]},"64":{"type":"branch","line":272,"loc":{"start":{"line":272,"column":17},"end":{"line":272,"column":109}},"locations":[{"start":{"line":272,"column":17},"end":{"line":272,"column":109}}]},"65":{"type":"branch","line":273,"loc":{"start":{"line":273,"column":4},"end":{"line":275,"column":5}},"locations":[{"start":{"line":273,"column":4},"end":{"line":275,"column":5}}]},"66":{"type":"branch","line":274,"loc":{"start":{"line":274,"column":17},"end":{"line":274,"column":64}},"locations":[{"start":{"line":274,"column":17},"end":{"line":274,"column":64}}]},"67":{"type":"branch","line":275,"loc":{"start":{"line":275,"column":4},"end":{"line":278,"column":54}},"locations":[{"start":{"line":275,"column":4},"end":{"line":278,"column":54}}]},"68":{"type":"branch","line":278,"loc":{"start":{"line":278,"column":45},"end":{"line":278,"column":73}},"locations":[{"start":{"line":278,"column":45},"end":{"line":278,"column":73}}]},"69":{"type":"branch","line":278,"loc":{"start":{"line":278,"column":60},"end":{"line":278,"column":93}},"locations":[{"start":{"line":278,"column":60},"end":{"line":278,"column":93}}]},"70":{"type":"branch","line":288,"loc":{"start":{"line":288,"column":30},"end":{"line":296,"column":5}},"locations":[{"start":{"line":288,"column":30},"end":{"line":296,"column":5}}]},"71":{"type":"branch","line":290,"loc":{"start":{"line":290,"column":47},"end":{"line":295,"column":7}},"locations":[{"start":{"line":290,"column":47},"end":{"line":295,"column":7}}]},"72":{"type":"branch","line":292,"loc":{"start":{"line":292,"column":39},"end":{"line":294,"column":9}},"locations":[{"start":{"line":292,"column":39},"end":{"line":294,"column":9}}]},"73":{"type":"branch","line":296,"loc":{"start":{"line":296,"column":4},"end":{"line":308,"column":58}},"locations":[{"start":{"line":296,"column":4},"end":{"line":308,"column":58}}]},"74":{"type":"branch","line":308,"loc":{"start":{"line":308,"column":58},"end":{"line":316,"column":15}},"locations":[{"start":{"line":308,"column":58},"end":{"line":316,"column":15}}]},"75":{"type":"branch","line":316,"loc":{"start":{"line":316,"column":4},"end":{"line":327,"column":5}},"locations":[{"start":{"line":316,"column":4},"end":{"line":327,"column":5}}]},"76":{"type":"branch","line":316,"loc":{"start":{"line":316,"column":40},"end":{"line":327,"column":5}},"locations":[{"start":{"line":316,"column":40},"end":{"line":327,"column":5}}]},"77":{"type":"branch","line":281,"loc":{"start":{"line":281,"column":26},"end":{"line":281,"column":91}},"locations":[{"start":{"line":281,"column":26},"end":{"line":281,"column":91}}]},"78":{"type":"branch","line":310,"loc":{"start":{"line":310,"column":28},"end":{"line":313,"column":11}},"locations":[{"start":{"line":310,"column":28},"end":{"line":313,"column":11}}]},"79":{"type":"branch","line":311,"loc":{"start":{"line":311,"column":86},"end":{"line":312,"column":80}},"locations":[{"start":{"line":311,"column":86},"end":{"line":312,"column":80}}]},"80":{"type":"branch","line":321,"loc":{"start":{"line":321,"column":29},"end":{"line":324,"column":11}},"locations":[{"start":{"line":321,"column":29},"end":{"line":324,"column":11}}]}
[...]
mn":0},"end":{"line":55,"column":40}},"55":{"start":{"line":56,"column":0},"end":{"line":56,"column":26}},"56":{"start":{"line":57,"column":0},"end":{"line":57,"column":40}},"57":{"start":{"line":58,"column":0},"end":{"line":58,"column":29}},"58":{"start":{"line":59,"column":0},"end":{"line":59,"column":36}},"59":{"start":{"line":60,"column":0},"end":{"line":60,"column":35}},"60":{"start":{"line":61,"column":0},"end":{"line":61,"column":42}},"61":{"start":{"line":62,"column":0},"end":{"line":62,"column":5}},"62":{"start":{"line":63,"column":0},"end":{"line":63,"column":15}},"63":{"start":{"line":64,"column":0},"end":{"line":64,"column":50}},"64":{"start":{"line":65,"column":0},"end":{"line":65,"column":5}},"65":{"start":{"line":66,"column":0},"end":{"line":66,"column":19}},"66":{"start":{"line":67,"column":0},"end":{"line":67,"column":62}},"67":{"start":{"line":68,"column":0},"end":{"line":68,"column":3}},"68":{"start":{"line":69,"column":0},"end":{"line":69,"column":14}},"69":{"start":{"line":70,"column":0},"end":{"line":70,"column":1}},"78":{"start":{"line":79,"column":0},"end":{"line":79,"column":91}},"79":{"start":{"line":80,"column":0},"end":{"line":80,"column":17}},"80":{"start":{"line":81,"column":0},"end":{"line":81,"column":84}},"81":{"start":{"line":82,"column":0},"end":{"line":82,"column":3}},"82":{"start":{"line":83,"column":0},"end":{"line":83,"column":7}},"83":{"start":{"line":84,"column":0},"end":{"line":84,"column":26}},"84":{"start":{"line":85,"column":0},"end":{"line":85,"column":34}},"85":{"start":{"line":86,"column":0},"end":{"line":86,"column":29}},"86":{"start":{"line":87,"column":0},"end":{"line":87,"column":30}},"87":{"start":{"line":88,"column":0},"end":{"line":88,"column":5}},"88":{"start":{"line":89,"column":0},"end":{"line":89,"column":19}},"89":{"start":{"line":90,"column":0},"end":{"line":90,"column":62}},"90":{"start":{"line":91,"column":0},"end":{"line":91,"column":16}},"91":{"start":{"line":92,"column":0},"end":{"line":92,"column":3}},"92":{"start":{"line":93,"column":0},"end":{"line":93,"column":1}},"100":{"start":{"line":101,"column":0},"end":{"line":101,"column":79}},"101":{"start":{"line":102,"column":0},"end":{"line":102,"column":17}},"102":{"start":{"line":103,"column":0},"end":{"line":103,"column":85}},"103":{"start":{"line":104,"column":0},"end":{"line":104,"column":3}},"104":{"start":{"line":105,"column":0},"end":{"line":105,"column":7}},"105":{"start":{"line":106,"column":0},"end":{"line":106,"column":25}},"106":{"start":{"line":107,"column":0},"end":{"line":107,"column":26}},"107":{"start":{"line":108,"column":0},"end":{"line":108,"column":29}},"108":{"start":{"line":109,"column":0},"end":{"line":109,"column":23}},"109":{"start":{"line":110,"column":0},"end":{"line":110,"column":36}},"110":{"start":{"line":111,"column":0},"end":{"line":111,"column":30}},"111":{"start":{"line":112,"column":0},"end":{"line":112,"column":32}},"112":{"start":{"line":113,"column":0},"end":{"line":113,"column":26}},"113":{"start":{"line":114,"column":0},"end":{"line":114,"column":5}},"114":{"start":{"line":115,"column":0},"end":{"line":115,"column":19}},"115":{"start":{"line":116,"column":0},"end":{"line":116,"column":63}},"116":{"start":{"line":117,"column":0},"end":{"line":117,"column":3}},"117":{"start":{"line":118,"column":0},"end":{"line":118,"column":1}},"124":{"start":{"line":125,"column":0},"end":{"line":125,"column":79}},"126":{"start":{"line":127,"column":0},"end":{"line":127,"column":110}},"127":{"start":{"line":128,"column":0},"end":{"line":128,"column":34}},"128":{"start":{"line":129,"column":0},"end":{"line":129,"column":41}},"129":{"start":{"line":130,"column":0},"end":{"line":130,"column":57}},"130":{"start":{"line":131,"column":0},"end":{"line":131,"column":56}},"131":{"start":{"line":132,"column":0},"end":{"line":132,"column":5}},"132":{"start":{"line":133,"column":0},"end":{"line":133,"column":3}},"140":{"start":{"line":141,"column":0},"end":{"line":141,"column":47}},"141":{"start":{"line":142,"column":0},"end":{"line":142,"column":37}},"142":{"start":{"line":143,"column":0},"end":{"line":143,"column":15}},"143":{"start":{"line":144,"column":0},"end":{"line":144,"column":5}},"144":{"start":{"line":145,"column":0},"end":{"line":145,"column":29}},"145":{"start":{"line":146,"column":0},"end":{"line":146,"column":3}},"146":{"start":{"line":147,"column":0},"end":{"line":147,"column":1}},"160":{"start":{"line":161,"column":0},"end":{"line":161,"column":75}},"161":{"start":{"line":162,"column":0},"end":{"line":162,"column":40}},"162":{"start":{"line":163,"column":0},"end":{"line":163,"column":10}},"163":{"start":{"line":164,"column":0},"end":{"line":164,"column":51}},"164":{"start":{"line":165,"column":0},"end":{"line":165,"column":46}},"165":{"start":{"line":166,"column":0},"end":{"line":166,"column":26}},"166":{"start":{"line":167,"column":0},"end":{"line":167,"column":6}},"167":{"start":{"line":168,"column":0},"end":{"line":168,"column":34}},"168":{"start":{"line":169,"column":0},"end":{"line":169,"column":22}},"169":{"start":{"line":170,"column":0},"end":{"line":170,"column":6}},"170":{"start":{"line":171,"column":0},"end":{"line":171,"column":18}},"171":{"start":{"line":172,"column":0},"end":{"line":172,"column":18}},"172":{"start":{"line":173,"column":0},"end":{"line":173,"column":6}},"173":{"start":{"line":174,"column":0},"end":{"line":174,"column":4}},"174":{"start":{"line":175,"column":0},"end":{"line":175,"column":1}},"183":{"start":{"line":184,"column":0},"end":{"line":184,"column":106}},"184":{"start":{"line":185,"column":0},"end":{"line":185,"column":24}},"185":{"start":{"line":186,"column":0},"end":{"line":186,"column":83}},"186":{"start":{"line":187,"column":0},"end":{"line":187,"column":3}},"187":{"start":{"line":188,"column":0},"end":{"line":188,"column":51}},"188":{"start":{"line":189,"column":0},"end":{"line":189,"column":37}},"189":{"start":{"line":190,"column":0},"end":{"line":190,"column":3}},"190":{"start":{"line":191,"column":0},"end":{"line":191,"column":14}},"191":{"start":{"line":192,"column":0},"end":{"line":192,"column":1}}},"s":{"1":1,"6":1,"7":1,"8":1,"9":1,"10":1,"12":1,"15":1,"18":1,"19":1,"26":1,"27":83,"28":83,"34":1,"35":131,"36":131,"45":269,"46":269,"47":269,"48":269,"49":269,"50":269,"51":1,"52":1,"53":268,"54":268,"55":269,"56":265,"57":269,"58":1,"59":3,"60":1,"61":1,"62":269,"63":35,"64":35,"65":269,"66":13,"67":13,"68":237,"69":237,"78":376,"79":376,"80":1,"81":1,"82":375,"83":376,"84":373,"85":373,"86":1,"87":1,"88":376,"89":1,"90":1,"91":1,"92":376,"100":32,"101":32,"102":1,"103":1,"104":31,"105":32,"106":2,"107":32,"108":1,"109":29,"110":26,"111":28,"112":1,"113":1,"114":32,"115":1,"116":1,"117":32,"124":3,"126":3,"127":3,"128":2,"129":3,"130":3,"131":3,"132":2,"140":3,"141":21,"142":3,"143":3,"144":18,"145":18,"146":3,"160":1,"161":95,"162":95,"163":95,"164":95,"165":196,"166":196,"167":95,"168":17,"169":17,"170":95,"171":1,"172":1,"173":95,"174":95,"183":1,"184":53,"185":2,"186":2,"187":51,"188":3,"189":3,"190":48,"191":48},"branchMap":{"0":{"type":"branch","line":27,"loc":{"start":{"line":27,"column":7},"end":{"line":29,"column":1}},"locations":[{"start":{"line":27,"column":7},"end":{"line":29,"column":1}}]},"1":{"type":"branch","line":28,"loc":{"start":{"line":28,"column":23},"end":{"line":28,"column":68}},"locations":[{"start":{"line":28,"column":23},"end":{"line":28,"column":68}}]},"2":{"type":"branch","line":28,"loc":{"start":{"line":28,"column":53},"end":{"line":28,"column":110}},"locations":[{"start":{"line":28,"column":53},"end":{"line":28,"column":110}}]},"3":{"type":"branch","line":35,"loc":{"start":{"line":35,"column":7},"end":{"line":37,"column":1}},"locations":[{"start":{"line":35,"column":7},"end":{"line":37,"column":1}}]},"4":{"type":"branch","line":36,"loc":{"start":{"line":36,"column":23},"end":{"line":36,"column":67}},"locations":[{"start":{"line":36,"column":23},"end":{"line":36,"column":67}}]},"5":{"type":"branch","line":36,"loc":{"start":{"line":36,"column":53},"end":{"line":36,"column":108}},"locations":[{"start":{"line":36,"column":53},"end":{"line":36,"column":108}}]},"6":{"type":"branch","line":46,"loc":{"start":{"line":46,"column":0},"end":{"line":70,"column":1}},"locations":[{"start":{"line":46,"column":0},"end":{"line":70,"column":1}}]},"7":{"type":"branch","line":51,"loc":{"start":{"line":51,"column":16},"end":{"line":53,"column":3}},"locations":[{"start":{"line":51,"column":16},"end":{"line":53,"column":3}}]},"8":{"type":"branch","line":53,"loc":{"start":{"line":53,"column":2},"end":{"line":56,"column":25}},"locations":[{"start":{"line":53,"column":2},"end":{"line":56,"column":25}}]},"9":{"type":"branch","line":56,"loc":{"start":{"line":56,"column":25},"end":{"line":58,"column":15}},"locations":[{"start":{"line":56,"column":25},"end":{"line":58,"column":15}}]},"10":{"type":"branch","line":57,"loc":{"start":{"line":57,"column":38},"end":{"line":58,"column":15}},"locations":[{"start":{"line":57,"column":38},"end":{"line":58,"column":15}}]},"11":{"type":"branch","line":58,"loc":{"start":{"line":58,"column":4},"end":{"line":62,"column":5}},"locations":[{"start":{"line":58,"column":4},"end":{"line":62,"column":5}}]},"12":{"type":"branch","line":58,"loc":{"start":{"line":58,"column":28},"end":{"line":60,"column":15}},"locations":[{"start":{"line":58,"column":28},"end":{"line":60,"column":15}}]},"13":{"type":"branch","line":60,"loc":{"start":{"line":60,"column":4},"end":{"line":62,"column":5}},"locations":[{"start":{"line":60,"column":4},"end":{"line":62,"column":5}}]},"14":{"type":"branch","line":60,"loc":{"start":{"line":60,"column":34},"end":{"line":62,"column":5}},"locations":[{"start":{"line":60,"column":34},"end":{"line":62,"column":5}}]},"15":{"type":"branch","line":62,"loc":{"start":{"line":62,"column":4},"end":{"line":63,"column":14}},"locations":[{"start":{"line":62,"column":4},"end":{"line":63,"column":14}}]},"16":{"type":"branch","line":63,"loc":{"start":{"line":63,"column":14},"end":{"line":65,"column":5}},"locations":[{"start":{"line":63,"column":14},"end":{"line":65,"column":5}}]},"17":{"type":"branch","line":64,"loc":{"start":{"line":64,"column":13},"end":{"line":64,"column":45}},"locations":[{"start":{"line":64,"column":13},"end":{"line":64,"column":45}}]},"18":{"type":"branch","line":64,"loc":{"start":{"line":64,"column":41},"end":{"line":64,"column":50}},"locations":[{"start":{"line":64,"column":41},"end":{"line":64,"column":50}}]},"19":{"type":"branch","line":66,"loc":{"start":{"line":66,"column":2},"end":{"line":68,"column":3}},"locations":[{"start":{"line":66,"column":2},"end":{"line":68,"column":3}}]},"20":{"type":"branch","line":68,"loc":{"start":{"line":68,"column":2},"end":{"line":70,"column":1}},"locations":[{"start":{"line":68,"column":2},"end":{"line":70,"column":1}}]},"21":{"type":"branch","line":79,"loc":{"start":{"line":79,"column":0},"end":{"line":93,"column":1}},"locations":[{"start":{"line":79,"column":0},"end":{"line":93,"column":1}}]},"22":{"type":"branch","line":80,"loc":{"start":{"line":80,"column":16},"end":{"line":82,"column":3}},"locations":[{"start":{"line":80,"column":16},"end":{"line":82,"column":3}}]},"23":{"type":"branch","line":82,"loc":{"start":{"line":82,"column":2},"end":{"line":84,"column":25}},"locations":[{"start":{"line":82,"column":2},"end":{"line":84,"column":25}}]},"24":{"type":"branch","line":84,"loc":{"start":{"line":84,"column":25},"end":{"line":88,"column":5}},"locations":[{"start":{"line":84,"column":25},"end":{"line":88,"column":5}}]},"25":{"type":"branch","line":86,"loc":{"start":{"line":86,"column":4},"end":{"line":88,"column":5}},"locations":[{"start":{"line":86,"column":4},"end":{"line":88,"column":5}}]},"26":{"type":"branch","line":86,"loc":{"start":{"line":86,"column":28},"end":{"line":88,"column":5}},"locations":[{"start":{"line":86,"column":28},"end":{"line":88,"column":5}}]},"27":{"type":"branch","line":89,"loc":{"start":{"line":89,"column":2},"end":{"line":92,"column":3}},"locations":[{"start":{"line":89,"column":2},"end":{"line":92,"column":3}}]},"28":{"type":"branch","line":101,"loc":{"start":{"line":101,"column":0},"end":{"line":118,"column":1}},"locations":[{"start":{"line":101,"column":0},"end":{"line":118,"column":1}}]},"29":{"type":"branch","line":102,"loc":{"start":{"line":102,"column":16},"end":{"line":104,"column":3}},"locations":[{"start":{"line":102,"column":16},"end":{"line":104,"column":3}}]},"30":{"type":"branch","line":104,"loc":{"start":{"line":104,"column":2},"end":{"line":106,"column":24}},"locations":[{"start":{"line":104,"column":2},"end":{"line":106,"column":24}}]},"31":{"type":"branch","line":106,"loc":{"start":{"line":106,"column":24},"end":{"line":108,"column":15}},"locations":[{"start":{"line":106,"column":24},"end":{"line":108,"column":15}}]},"32":{"type":"branch","line":108,"loc":{"start":{"line":108,"column":4},"end":{"line":114,"column":5}},"locations":[{"start":{"line":108,"column":4},"end":{"line":114,"column":5}}]},"33":{"type":"branch","line":108,"loc":{"start":{"line":108,"column":28},"end":{"line":110,"column":15}},"locations":[{"start":{"line":108,"column":28},"end":{"line":110,"column":15}}]},"34":{"type":"branch","line":110,"loc":{"start":{"line":110,"column":4},"end":{"line":114,"column":5}},"locations":[{"start":{"line":110,"column":4},"end":{"line":114,"column":5}}]},"35":{"type":"branch","line":110,"loc":{"start":{"line":110,"column":35},"end":{"line":112,"column":15}},"locations":[{"start":{"line":110,"column":35},"end":{"line":112,"column":15}}]},"36":{"type":"branch","line":112,"loc":{"start":{"line":112,"column":4},"end":{"line":114,"column":5}},"locations":[{"start":{"line":112,"column":4},"end":{"line":114,"column":5}}]},"37":{"type":"branch","line":112,"loc":{"start":{"line":112,"column":31},"end":{"line":114,"column":5}},"locations":[{"start":{"line":112,"column":31},"end":{"line":114,"column":5}}]},"38":{"type":"branch","line":115,"loc":{"start":{"line":115,"column":2},"end":{"line":117,"column":3}},"locations":[{"start":{"line":115,"column":2},"end":{"line":117,"column":3}}]},"39":{"type":"branch","line":125,"loc":{"start":{"line":125,"column":0},"end":{"line":147,"column":1}},"locations":[{"start":{"line":125,"column":0},"end":{"line":147,"column":1}}]},"40":{"type":"branch","line":128,"loc":{"start":{"line":128,"column":33},"end":{"line":133,"column":3}},"locations":[{"start":{"line":128,"column":33},"end":{"line":133,"column":3}}]},"41":{"type":"branch","line":129,"loc":{"start":{"line":129,"column":40},"end":{"line":132,"column":5}},"locations":[{"start":{"line":129,"column":40},"end":{"line":132,"column":5}}]},"42":{"type":"branch","line":141,"loc":{"start":{"line":141,"column":46},"end":{"line":146,"column":3}},"locations":[{"start":{"line":141,"column":46},"end":{"line":146,"column":3}}]},"43":{"type":"branch","line":142,"loc":{"start":{"line":142,"column":36},"end":{"line":144,"column":5}},"locations":[{"start":{"line":142,"column":36},"end":{"line":144,"column":5}}]},"44":{"type":"branch","line":144,"loc":{"start":{"line":144,"column":4},"end":{"line":146,"column":3}},"locations":[{"start":{"line":144,"column":4},"end":{"line":146,"column":3}}]},"45":{"type":"branch","line":161,"loc":{"start":{"line":161,"column":7},"end":{"line":175,"column":1}},"locations":[{"start":{"line":161,"column":7},"end":{"line":175,"column":1}}]},"46":{"type":"branch","line":164,"loc":{"start":{"line":164,"column":13},"end":{"line":164,"column":51}},"locations":[{"start":{"line":164,"column":13},"end":{"line":164,"column":51}}]},"47":{"type":"branch","line":164,"loc":{"start":{"line":164,"column":41},"end":{"line":164,"column":51}},"locations":[{"start":{"line":164,"column":41},"end":{"line":164,"column":51}}]},"48":{"type":"branch","line":165,"loc":{"start":{"line":165,"column":13},"end":{"line":167,"column":6}},"locations":[{"start":{"line":165,"column":13},"end":{"line":167,"column":6}}]},"49":{"type":"branch","line":168,"loc":{"start":{"line":168,"column":16},"end":{"line":170,"column":6}},"locations":[{"start":{"line":168,"column":16},"end":{"line":170,"column":6}}]},"50":{"type":"branch","line":171,"loc":{"start":{"line":171,"column":11},"end":{"line":173,"column":6}},"locations":[{"start":{"line":171,"column":11},"end":{"line":173,"column":6}}]},"51":{"type":"branch","line":184,"loc":{"start":{"line":184,"column":7},"end":{"line":192,"column":1}},"locations":[{"start":{"line":184,"column":7},"end":{"line":192,"column":1}}]},"52":{"type":"branch","line":185,"loc":{"start":{"line":185,"column":23},"end":{"line":187,"column":3}},"locations":[{"start":{"line":185,"column":23},"end":{"line":187,"column":3}}]},"53":{"type":"branch","line":187,"loc":{"start":{"line":187,"column":2},"end":{"line":192,"column":1}},"locations":[{"start":{"line":187,"column":2},"end":{"line":192,"column":1}}]},"54":{"type":"branch","line":188,"loc":{"start":{"line":188,"column":50},"end":{"line":190,"column":3}},"locations":[{"start":{"line":188,"column":50},"end":{"line":190,"column":3}}]},"55":{"type":"branch","line":190,"loc":{"start":{"line":190,"column":2},"end":{"line":192,"column":1}},"locations":[{"start":{"line":190,"column":2},"end":{"line":192,"column":1}}]}},"b":{"0":[83],"1":[76],"2":[7],"3":[131],"4":[124],"5":[7],"6":[269],"7":[1],"8":[268],"9":[265],"10":[256],"11":[3],"12":[1],"13":[2],"14":[1],"15":[259],"16":[35],"17":[20],"18":[15],"19":[13],"20":[237],"21":[376],"22":[1],"23":[375],"24":[373],"25":[2],"26":[1],"27":[1],"28":[32],"29":[1],"30":[31],"31":[2],"32":[29],"33":[1],"34":[28],"35":[26],"36":[2],"37":[1],"38":[1],"39":[3],"40":[2],"41":[3],"42":[21],"43":[3],"44":[18],"45":[95],"46":[36],"47":[32],"48":[196],"49":[17],"50":[1],"51":[53],"52":[2],"53":[51],"54":[3],"55":[48]},"fnMap":{"0":{"name":"translationsKeyFor","decl":{"start":{"line":27,"column":7},"end":{"line":29,"column":1}},"loc":{"start":{"line":27,"column":7},"end":{"line":29,"column":1}},"line":27},"1":{"name":"lastRefreshKeyFor","decl":{"start":{"line":35,"column":7},"end":{"line":37,"column":1}},"loc":{"start":{"line":35,"column":7},"end":{"line":37,"column":1}},"line":35},"2":{"name":"getItem","decl":{"start":{"line":46,"column":0},"end":{"line":70,"column":1}},"loc":{"start":{"line":46,"column":0},"end":{"line":70,"column":1}},"line":46},"3":{"name":"setItem","decl":{"start":{"line":79,"column":0},"end":{"line":93,"column":1}},"loc":{"start":{"line":79,"column":0},"end":{"line":93,"column":1}},"line":79},"4":{"name":"deleteItem","decl":{"start":{"line":101,"column":0},"end":{"line":118,"column":1}},"loc":{"start":{"line":101,"column":0},"end":{"line":118,"column":1}},"line":101},"5":{"name":"clearI18nKeylessStorage","decl":{"start":{"line":125,"column":0},"end":{"line":147,"column":1}},"loc":{"start":{"line":125,"column":0},"end":{"line":147,"column":1}},"line":125},"6":{"name":"createMemoryStorage","decl":{"start":{"line":161,"column":7},"end":{"line":175,"column":1}},"loc":{"start":{"line":161,"column":7},"end":{"line":175,"column":1}},"line":161},"7":{"name":"getItem","decl":{"start":{"line":164,"column":13},"end":{"line":164,"column":51}},"loc":{"start":{"line":164,"column":13},"end":{"line":164,"column":51}},"line":164},"8":{"name":"setItem","decl":{"start":{"line":165,"column":13},"end":{"line":167,"column":6}},"loc":{"start":{"line":165,"column":13},"end":{"line":167,"column":6}},"line":165},"9":{"name":"removeItem","decl":{"start":{"line":168,"column":16},"end":{"line":170,"column":6}},"loc":{"start":{"line":168,"column":16},"end":{"line":170,"column":6}},"line":168},"10":{"name":"clear","decl":{"start":{"line":171,"column":11},"end":{"line":173,"column":6}},"loc":{"start":{"line":171,"column":11},"end":{"line":173,"column":6}},"line":171},"11":{"name":"validateLanguage","decl":{"start":{"line":184,"column":7},"end":{"line":192,"column":1}},"loc":{"start":{"line":184,"column":7},"end":{"line":192,"column":1}},"line":184}},"f":{"0":83,"1":131,"2":269,"3":376,"4":32,"5":3,"6":95,"7":36,"8":196,"9":17,"10":1,"11":53}}
}
